{"D:\\adminvue\\Final\\src\\components\\CoachItem.vue": {"path":"D:\\adminvue\\Final\\src\\components\\CoachItem.vue","statementMap":{"0":{"start":{"line":3,"column":0},"end":{"line":5,"column":3}},"1":{"start":{"line":6,"column":0},"end":{"line":6,"column":25}},"2":{"start":{"line":7,"column":11},"end":{"line":7,"column":25}},"3":{"start":{"line":8,"column":15},"end":{"line":50,"column":1}},"4":{"start":{"line":15,"column":21},"end":{"line":17,"column":6}},"5":{"start":{"line":16,"column":6},"end":{"line":16,"column":52}},"6":{"start":{"line":18,"column":23},"end":{"line":20,"column":6}},"7":{"start":{"line":19,"column":6},"end":{"line":19,"column":40}},"8":{"start":{"line":23,"column":21},"end":{"line":28,"column":7}},"9":{"start":{"line":29,"column":6},"end":{"line":29,"column":41}},"10":{"start":{"line":33,"column":6},"end":{"line":40,"column":9}},"11":{"start":{"line":41,"column":6},"end":{"line":41,"column":28}},"12":{"start":{"line":43,"column":4},"end":{"line":48,"column":6}},"13":{"start":{"line":51,"column":0},"end":{"line":51,"column":13}},"14":{"start":{"line":53,"column":0},"end":{"line":55,"column":3}},"15":{"start":{"line":56,"column":0},"end":{"line":56,"column":24}},"16":{"start":{"line":57,"column":11},"end":{"line":57,"column":25}},"17":{"start":{"line":58,"column":19},"end":{"line":60,"column":1}},"18":{"start":{"line":61,"column":19},"end":{"line":63,"column":1}},"19":{"start":{"line":64,"column":19},"end":{"line":66,"column":1}},"20":{"start":{"line":68,"column":33},"end":{"line":68,"column":74}},"21":{"start":{"line":69,"column":2},"end":{"line":96,"column":37}},"22":{"start":{"line":70,"column":4},"end":{"line":73,"column":61}},"23":{"start":{"line":80,"column":37},"end":{"line":82,"column":33}},"24":{"start":{"line":87,"column":49},"end":{"line":87,"column":62}},"25":{"start":{"line":93,"column":49},"end":{"line":93,"column":78}},"26":{"start":{"line":97,"column":2},"end":{"line":97,"column":49}}},"fnMap":{"0":{"name":"(anonymous_0)","decl":{"start":{"line":12,"column":2},"end":{"line":12,"column":3}},"loc":{"start":{"line":14,"column":5},"end":{"line":49,"column":3}},"line":14},"1":{"name":"(anonymous_1)","decl":{"start":{"line":15,"column":40},"end":{"line":15,"column":41}},"loc":{"start":{"line":15,"column":46},"end":{"line":17,"column":5}},"line":15},"2":{"name":"(anonymous_2)","decl":{"start":{"line":18,"column":42},"end":{"line":18,"column":43}},"loc":{"start":{"line":18,"column":48},"end":{"line":20,"column":5}},"line":18},"3":{"name":"badgeColor","decl":{"start":{"line":22,"column":13},"end":{"line":22,"column":23}},"loc":{"start":{"line":22,"column":30},"end":{"line":30,"column":5}},"line":22},"4":{"name":"onEdit","decl":{"start":{"line":32,"column":13},"end":{"line":32,"column":19}},"loc":{"start":{"line":32,"column":22},"end":{"line":42,"column":5}},"line":32},"5":{"name":"render","decl":{"start":{"line":67,"column":9},"end":{"line":67,"column":15}},"loc":{"start":{"line":67,"column":30},"end":{"line":97,"column":1}},"line":67},"6":{"name":"(anonymous_6)","decl":{"start":{"line":69,"column":509},"end":{"line":69,"column":510}},"loc":{"start":{"line":69,"column":517},"end":{"line":74,"column":3}},"line":69},"7":{"name":"(anonymous_7)","decl":{"start":{"line":80,"column":31},"end":{"line":80,"column":32}},"loc":{"start":{"line":80,"column":37},"end":{"line":82,"column":33}},"line":80},"8":{"name":"(anonymous_8)","decl":{"start":{"line":87,"column":39},"end":{"line":87,"column":40}},"loc":{"start":{"line":87,"column":49},"end":{"line":87,"column":62}},"line":87},"9":{"name":"(anonymous_9)","decl":{"start":{"line":93,"column":39},"end":{"line":93,"column":40}},"loc":{"start":{"line":93,"column":49},"end":{"line":93,"column":78}},"line":93}},"branchMap":{"0":{"loc":{"start":{"line":29,"column":13},"end":{"line":29,"column":40}},"type":"binary-expr","locations":[{"start":{"line":29,"column":13},"end":{"line":29,"column":25}},{"start":{"line":29,"column":29},"end":{"line":29,"column":40}}],"line":29},"1":{"loc":{"start":{"line":74,"column":128},"end":{"line":76,"column":28}},"type":"binary-expr","locations":[{"start":{"line":74,"column":128},"end":{"line":74,"column":137}},{"start":{"line":74,"column":142},"end":{"line":76,"column":27}}],"line":74},"2":{"loc":{"start":{"line":80,"column":42},"end":{"line":82,"column":31}},"type":"binary-expr","locations":[{"start":{"line":80,"column":42},"end":{"line":80,"column":51}},{"start":{"line":80,"column":56},"end":{"line":82,"column":30}}],"line":80},"3":{"loc":{"start":{"line":87,"column":13},"end":{"line":87,"column":63}},"type":"binary-expr","locations":[{"start":{"line":87,"column":13},"end":{"line":87,"column":22}},{"start":{"line":87,"column":27},"end":{"line":87,"column":62}}],"line":87},"4":{"loc":{"start":{"line":88,"column":10},"end":{"line":90,"column":29}},"type":"binary-expr","locations":[{"start":{"line":88,"column":10},"end":{"line":88,"column":19}},{"start":{"line":88,"column":24},"end":{"line":90,"column":28}}],"line":88},"5":{"loc":{"start":{"line":93,"column":13},"end":{"line":93,"column":79}},"type":"binary-expr","locations":[{"start":{"line":93,"column":13},"end":{"line":93,"column":22}},{"start":{"line":93,"column":27},"end":{"line":93,"column":78}}],"line":93},"6":{"loc":{"start":{"line":94,"column":10},"end":{"line":96,"column":29}},"type":"binary-expr","locations":[{"start":{"line":94,"column":10},"end":{"line":94,"column":19}},{"start":{"line":94,"column":24},"end":{"line":96,"column":28}}],"line":94}},"s":{"0":2,"1":2,"2":2,"3":2,"4":12,"5":12,"6":12,"7":12,"8":27,"9":27,"10":1,"11":1,"12":12,"13":2,"14":2,"15":2,"16":2,"17":2,"18":2,"19":2,"20":13,"21":13,"22":25,"23":0,"24":1,"25":1,"26":2},"f":{"0":12,"1":12,"2":12,"3":27,"4":1,"5":13,"6":25,"7":0,"8":1,"9":1},"b":{"0":[27,25],"1":[13,12],"2":[0,0],"3":[13,12],"4":[13,12],"5":[13,12],"6":[13,12]},"inputSourceMap":{"0":"{","1":"\"","2":"v","3":"e","4":"r","5":"s","6":"i","7":"o","8":"n","9":"\"","10":":","11":"3","12":",","13":"\"","14":"s","15":"o","16":"u","17":"r","18":"c","19":"e","20":"s","21":"\"","22":":","23":"[","24":"\"","25":"D","26":":","27":"\\","28":"\\","29":"a","30":"d","31":"m","32":"i","33":"n","34":"v","35":"u","36":"e","37":"\\","38":"\\","39":"F","40":"i","41":"n","42":"a","43":"l","44":"\\","45":"\\","46":"s","47":"r","48":"c","49":"\\","50":"\\","51":"c","52":"o","53":"m","54":"p","55":"o","56":"n","57":"e","58":"n","59":"t","60":"s","61":"\\","62":"\\","63":"C","64":"o","65":"a","66":"c","67":"h","68":"I","69":"t","70":"e","71":"m","72":".","73":"v","74":"u","75":"e","76":"\"","77":"]","78":",","79":"\"","80":"n","81":"a","82":"m","83":"e","84":"s","85":"\"","86":":","87":"[","88":"]","89":",","90":"\"","91":"m","92":"a","93":"p","94":"p","95":"i","96":"n","97":"g","98":"s","99":"\"","100":":","101":"\"","102":";","103":";","104":";","105":";","106":";","107":";","108":"A","109":"A","110":"2","111":"B","112":"A","113":";","114":"A","115":"A","116":"A","117":"+","118":"B","119":",","120":"i","121":"C","122":"A","123":"E","124":"h","125":"B","126":";","127":"E","128":"A","129":"C","130":"b","131":",","132":"K","133":"A","134":"A","135":"K","136":",","137":"E","138":"A","139":"A","140":"E","141":",","142":"C","143":"A","144":"A","145":"C","146":",","147":"I","148":"A","149":"A","150":"I","151":",","152":"E","153":"A","154":"A","155":"E","156":",","157":"O","158":"A","159":"A","160":"O","161":",","162":"E","163":"A","164":"A","165":"E","166":",","167":"W","168":"A","169":"A","170":"W","171":",","172":"E","173":"A","174":"A","175":"E","176":",","177":"U","178":"A","179":"A","180":"U","181":",","182":"E","183":"A","184":"A","185":"E","186":",","187":"O","188":"A","189":"A","190":"O","191":",","192":"E","193":"A","194":"A","195":"E","196":",","197":"Y","198":"A","199":"A","200":"Y","201":",","202":"E","203":"A","204":"A","205":"E","206":",","207":"a","208":"A","209":"A","210":"a","211":",","212":"C","213":"A","214":"A","215":"C","216":";","217":"E","218":"A","219":"C","220":"r","221":"F","222":",","223":"K","224":"A","225":"A","226":"K","227":",","228":"E","229":"A","230":"A","231":"E","232":",","233":"C","234":"A","235":"A","236":"C","237":",","238":"M","239":"A","240":"A","241":"M","242":",","243":"E","244":"A","245":"A","246":"E","247":",","248":"Q","249":"A","250":"A","251":"Q","252":",","253":"C","254":"A","255":"A","256":"C","257":";","258":"E","259":"A","260":"C","261":"z","262":"B","263":";","264":"E","265":"A","266":"C","267":"A","268":",","269":"K","270":"A","271":"A","272":"K","273":",","274":"C","275":"A","276":"A","277":"C","278":",","279":"K","280":"A","281":"A","282":"K","283":",","284":"E","285":"A","286":"A","287":"E","288":";","289":"I","290":"A","291":"A","292":"E","293":";","294":"E","295":"A","296":"A","297":"K","298":",","299":"C","300":"A","301":"A","302":"C","303":",","304":"E","305":"A","306":"A","307":"E","308":";","309":"I","310":"A","311":"C","312":"r","313":"B","314":",","315":"M","316":"A","317":"A","318":"M","319":",","320":"Q","321":"A","322":"A","323":"Q","324":",","325":"G","326":"A","327":"A","328":"G","329":",","330":"i","331":"B","332":"A","333":"A","334":"Q","335":",","336":"E","337":"A","338":"A","339":"C","340":",","341":"M","342":"A","343":"A","344":"M","345":";","346":"M","347":"A","348":"C","349":"9","350":"B","351":",","352":"O","353":"A","354":"A","355":"O","356":",","357":"K","358":"A","359":"A","360":"K","361":",","362":"C","363":"A","364":"A","365":"C","366":",","367":"S","368":"A","369":"A","370":"S","371":",","372":"G","373":"A","374":"A","375":"G","376":",","377":"G","378":"A","379":"A","380":"G","381":",","382":"G","383":"A","384":"A","385":"G","386":",","387":"K","388":"A","389":"A","390":"K","391":",","392":"C","393":"A","394":"A","395":"C","396":",","397":"Q","398":"A","399":"A","400":"Q","401":";","402":"I","403":"A","404":"C","405":"/","406":"C","407":",","408":"C","409":"A","410":"A","411":"C","412":",","413":"C","414":"A","415":"A","416":"C","417":";","418":"I","419":"A","420":"C","421":"F","422":",","423":"M","424":"A","425":"A","426":"M","427":",","428":"U","429":"A","430":"A","431":"U","432":",","433":"G","434":"A","435":"A","436":"G","437":",","438":"i","439":"B","440":"A","441":"A","442":"Q","443":",","444":"E","445":"A","446":"A","447":"C","448":",","449":"M","450":"A","451":"A","452":"M","453":";","454":"M","455":"A","456":"C","457":"h","458":"C","459":",","460":"O","461":"A","462":"A","463":"O","464":",","465":"e","466":"A","467":"A","468":"e","469":",","470":"G","471":"A","472":"A","473":"G","474":",","475":"K","476":"A","477":"A","478":"K","479":",","480":"C","481":"A","482":"A","483":"C","484":",","485":"E","486":"A","487":"A","488":"E","489":";","490":"I","491":"A","492":"C","493":"n","494":"C","495":",","496":"C","497":"A","498":"A","499":"C","500":",","501":"C","502":"A","503":"A","504":"C","505":";","506":"I","507":"A","508":"C","509":"F","510":";","511":"I","512":"A","513":"C","514":"A","515":",","516":"S","517":"A","518":"A","519":"S","520":",","521":"U","522":"A","523":"A","524":"U","525":",","526":"C","527":"A","528":"A","529":"C","530":",","531":"I","532":"A","533":"A","534":"I","535":",","536":"E","537":"A","538":"A","539":"E","540":";","541":"M","542":"A","543":"C","544":"x","545":"B","546":",","547":"M","548":"A","549":"A","550":"M","551":",","552":"M","553":"A","554":"A","555":"M","556":",","557":"G","558":"A","559":"A","560":"G","561":";","562":"Q","563":"A","564":"C","565":"b","566":",","567":"Q","568":"A","569":"A","570":"Q","571":",","572":"E","573":"A","574":"A","575":"E","576":",","577":"S","578":"A","579":"A","580":"S","581":";","582":"Q","583":"A","584":"C","585":"n","586":"B","587":",","588":"O","589":"A","590":"A","591":"O","592":",","593":"E","594":"A","595":"A","596":"E","597":",","598":"S","599":"A","600":"A","601":"S","602":";","603":"Q","604":"A","605":"C","606":"l","607":"B","608":",","609":"M","610":"A","611":"A","612":"M","613":",","614":"E","615":"A","616":"A","617":"E","618":",","619":"Q","620":"A","621":"A","622":"Q","623":";","624":"Q","625":"A","626":"C","627":"h","628":"B","629":",","630":"M","631":"A","632":"A","633":"M","634":",","635":"E","636":"A","637":"A","638":"E","639":";","640":"M","641":"A","642":"C","643":"V","644":",","645":"C","646":"A","647":"A","648":"C","649":";","650":"M","651":"A","652":"C","653":"D","654":",","655":"O","656":"A","657":"A","658":"O","659":",","660":"M","661":"A","662":"A","663":"M","664":",","665":"C","666":"A","667":"A","668":"C","669":",","670":"I","671":"A","672":"A","673":"I","674":",","675":"C","676":"A","677":"A","678":"C","679":",","680":"I","681":"A","682":"A","683":"I","684":",","685":"W","686":"A","687":"A","688":"W","689":";","690":"I","691":"A","692":"C","693":"p","694":"C","695":";","696":"I","697":"A","698":"C","699":"A","700":";","701":"I","702":"A","703":"C","704":"A","705":",","706":"S","707":"A","708":"A","709":"S","710":",","711":"M","712":"A","713":"A","714":"M","715":",","716":"G","717":"A","718":"A","719":"G","720":";","721":"M","722":"A","723":"C","724":"h","725":"B","726":",","727":"I","728":"A","729":"A","730":"I","731":",","732":"C","733":"A","734":"A","735":"C","736":",","737":"M","738":"A","739":"A","740":"M","741":",","742":"E","743":"A","744":"A","745":"E","746":";","747":"Q","748":"A","749":"C","750":"X","751":",","752":"E","753":"A","754":"A","755":"E","756":",","757":"E","758":"A","759":"A","760":"E","761":",","762":"K","763":"A","764":"A","765":"K","766":",","767":"C","768":"A","769":"A","770":"C","771":",","772":"E","773":"A","774":"A","775":"E","776":";","777":"Q","778":"A","779":"C","780":"Z","781":",","782":"S","783":"A","784":"A","785":"S","786":",","787":"E","788":"A","789":"A","790":"E","791":",","792":"K","793":"A","794":"A","795":"K","796":",","797":"C","798":"A","799":"A","800":"C","801":",","802":"S","803":"A","804":"A","805":"S","806":";","807":"Q","808":"A","809":"C","810":"1","811":"B","812":",","813":"Q","814":"A","815":"A","816":"Q","817":",","818":"E","819":"A","820":"A","821":"E","822":",","823":"K","824":"A","825":"A","826":"K","827":",","828":"C","829":"A","830":"A","831":"C","832":",","833":"Q","834":"A","835":"A","836":"Q","837":";","838":"Q","839":"A","840":"C","841":"x","842":"B","843":",","844":"K","845":"A","846":"A","847":"K","848":",","849":"E","850":"A","851":"A","852":"E","853":",","854":"C","855":"A","856":"A","857":"C","858":",","859":"G","860":"A","861":"A","862":"G","863":",","864":"K","865":"A","866":"A","867":"K","868":",","869":"C","870":"A","871":"A","872":"C","873":",","874":"K","875":"A","876":"A","877":"K","878":",","879":"C","880":"A","881":"A","882":"C","883":";","884":"Q","885":"A","886":"C","887":"v","888":"B","889":",","890":"U","891":"A","892":"A","893":"U","894":",","895":"E","896":"A","897":"A","898":"E","899":",","900":"K","901":"A","902":"A","903":"K","904":",","905":"C","906":"A","907":"A","908":"C","909":",","910":"U","911":"A","912":"A","913":"U","914":";","915":"Q","916":"A","917":"C","918":"5","919":"B","920":",","921":"W","922":"A","923":"A","924":"W","925":",","926":"E","927":"A","928":"A","929":"E","930":",","931":"K","932":"A","933":"A","934":"K","935":",","936":"C","937":"A","938":"A","939":"C","940":";","941":"M","942":"A","943":"C","944":"r","945":"B","946":",","947":"C","948":"A","949":"A","950":"C","951":",","952":"C","953":"A","954":"A","955":"C","956":";","957":"M","958":"A","959":"C","960":"F","961":",","962":"O","963":"A","964":"A","965":"O","966":",","967":"C","968":"A","969":"A","970":"C","971":",","972":"G","973":"A","974":"A","975":"G","976":",","977":"C","978":"A","979":"A","980":"C","981":",","982":"Q","983":"A","984":"A","985":"Q","986":",","987":"C","988":"A","989":"A","990":"C","991":";","992":"I","993":"A","994":"C","995":"v","996":"B","997":";","998":"I","999":"A","1000":"C","1001":"A","1002":",","1003":"O","1004":"A","1005":"A","1006":"O","1007":";","1008":"M","1009":"A","1010":"C","1011":"L","1012":",","1013":"Q","1014":"A","1015":"A","1016":"Q","1017":";","1018":"M","1019":"A","1020":"C","1021":"R","1022":",","1023":"U","1024":"A","1025":"A","1026":"U","1027":";","1028":"M","1029":"A","1030":"C","1031":"V","1032":",","1033":"U","1034":"A","1035":"A","1036":"U","1037":";","1038":"M","1039":"A","1040":"C","1041":"V","1042":";","1043":"I","1044":"A","1045":"C","1046":"F","1047":",","1048":"C","1049":"A","1050":"A","1051":"C","1052":";","1053":"E","1054":"A","1055":"C","1056":"H","1057":";","1058":"A","1059":"A","1060":"C","1061":"F","1062":",","1063":"C","1064":"A","1065":"A","1066":"C","1067":"\"","1068":",","1069":"\"","1070":"f","1071":"i","1072":"l","1073":"e","1074":"\"","1075":":","1076":"\"","1077":"D","1078":":","1079":"\\","1080":"\\","1081":"a","1082":"d","1083":"m","1084":"i","1085":"n","1086":"v","1087":"u","1088":"e","1089":"\\","1090":"\\","1091":"F","1092":"i","1093":"n","1094":"a","1095":"l","1096":"\\","1097":"\\","1098":"s","1099":"r","1100":"c","1101":"\\","1102":"\\","1103":"c","1104":"o","1105":"m","1106":"p","1107":"o","1108":"n","1109":"e","1110":"n","1111":"t","1112":"s","1113":"\\","1114":"\\","1115":"C","1116":"o","1117":"a","1118":"c","1119":"h","1120":"I","1121":"t","1122":"e","1123":"m","1124":".","1125":"v","1126":"u","1127":"e","1128":"\"","1129":",","1130":"\"","1131":"s","1132":"o","1133":"u","1134":"r","1135":"c","1136":"e","1137":"s","1138":"C","1139":"o","1140":"n","1141":"t","1142":"e","1143":"n","1144":"t","1145":"\"","1146":":","1147":"[","1148":"\"","1149":"<","1150":"t","1151":"e","1152":"m","1153":"p","1154":"l","1155":"a","1156":"t","1157":"e","1158":">","1159":"\\","1160":"r","1161":"\\","1162":"n","1163":" ","1164":" ","1165":"<","1166":"t","1167":"r","1168":" ","1169":"c","1170":"l","1171":"a","1172":"s","1173":"s","1174":"=","1175":"\\","1176":"\"","1177":"t","1178":"e","1179":"x","1180":"t","1181":"-","1182":"c","1183":"e","1184":"n","1185":"t","1186":"e","1187":"r","1188":"\\","1189":"\"","1190":">","1191":"\\","1192":"r","1193":"\\","1194":"n","1195":" ","1196":" ","1197":" ","1198":" ","1199":"<","1200":"t","1201":"d","1202":">","1203":"{","1204":"{","1205":" ","1206":"i","1207":"n","1208":"d","1209":"e","1210":"x","1211":" ","1212":"}","1213":"}","1214":"<","1215":"/","1216":"t","1217":"d","1218":">","1219":"\\","1220":"r","1221":"\\","1222":"n","1223":" ","1224":" ","1225":" ","1226":" ","1227":"<","1228":"t","1229":"d","1230":">","1231":"{","1232":"{","1233":" ","1234":"f","1235":"u","1236":"l","1237":"l","1238":"N","1239":"a","1240":"m","1241":"e","1242":" ","1243":"}","1244":"}","1245":"<","1246":"/","1247":"t","1248":"d","1249":">","1250":"\\","1251":"r","1252":"\\","1253":"n","1254":" ","1255":" ","1256":" ","1257":" ","1258":"<","1259":"t","1260":"d","1261":" ","1262":"c","1263":"l","1264":"a","1265":"s","1266":"s","1267":"=","1268":"\\","1269":"\"","1270":"d","1271":"-","1272":"f","1273":"l","1274":"e","1275":"x","1276":" ","1277":"j","1278":"u","1279":"s","1280":"t","1281":"i","1282":"f","1283":"y","1284":"-","1285":"c","1286":"o","1287":"n","1288":"t","1289":"e","1290":"n","1291":"t","1292":"-","1293":"s","1294":"t","1295":"a","1296":"r","1297":"t","1298":" ","1299":"a","1300":"l","1301":"i","1302":"g","1303":"n","1304":"-","1305":"c","1306":"o","1307":"n","1308":"t","1309":"e","1310":"n","1311":"t","1312":"-","1313":"c","1314":"e","1315":"n","1316":"t","1317":"e","1318":"r","1319":"\\","1320":"\"","1321":">","1322":"\\","1323":"r","1324":"\\","1325":"n","1326":" ","1327":" ","1328":" ","1329":" ","1330":" ","1331":" ","1332":"<","1333":"!","1334":"-","1335":"-","1336":" ","1337":" ","1338":":","1339":"c","1340":"l","1341":"a","1342":"s","1343":"s","1344":"=","1345":"\\","1346":"\"","1347":"`","1348":"t","1349":"e","1350":"x","1351":"t","1352":"-","1353":"b","1354":"g","1355":"-","1356":"$","1357":"{","1358":"b","1359":"a","1360":"d","1361":"g","1362":"e","1363":"C","1364":"o","1365":"l","1366":"o","1367":"r","1368":"(","1369":"a","1370":"r","1371":"e","1372":"a","1373":")","1374":"}","1375":"`","1376":"\\","1377":"\"","1378":" ","1379":"-","1380":"-","1381":">","1382":"\\","1383":"r","1384":"\\","1385":"n","1386":" ","1387":" ","1388":" ","1389":" ","1390":" ","1391":" ","1392":"<","1393":"s","1394":"p","1395":"a","1396":"n","1397":" ","1398":"c","1399":"l","1400":"a","1401":"s","1402":"s","1403":"=","1404":"\\","1405":"\"","1406":"b","1407":"a","1408":"d","1409":"g","1410":"e","1411":" ","1412":"m","1413":"e","1414":"-","1415":"1","1416":" ","1417":"m","1418":"t","1419":"-","1420":"1","1421":"\\","1422":"\"","1423":" ","1424":":","1425":"c","1426":"l","1427":"a","1428":"s","1429":"s","1430":"=","1431":"\\","1432":"\"","1433":"`","1434":"t","1435":"e","1436":"x","1437":"t","1438":"-","1439":"b","1440":"g","1441":"-","1442":"$","1443":"{","1444":"b","1445":"a","1446":"d","1447":"g","1448":"e","1449":"C","1450":"o","1451":"l","1452":"o","1453":"r","1454":"(","1455":"a","1456":"r","1457":"e","1458":"a","1459":")","1460":"}","1461":"`","1462":"\\","1463":"\"","1464":" ","1465":"v","1466":"-","1467":"f","1468":"o","1469":"r","1470":"=","1471":"\\","1472":"\"","1473":"a","1474":"r","1475":"e","1476":"a","1477":" ","1478":"i","1479":"n","1480":" ","1481":"a","1482":"r","1483":"e","1484":"a","1485":"s","1486":"\\","1487":"\"","1488":" ","1489":":","1490":"k","1491":"e","1492":"y","1493":"=","1494":"\\","1495":"\"","1496":"a","1497":"r","1498":"e","1499":"a","1500":"\\","1501":"\"","1502":">","1503":"{","1504":"{","1505":" ","1506":"a","1507":"r","1508":"e","1509":"a","1510":" ","1511":"}","1512":"}","1513":"<","1514":"/","1515":"s","1516":"p","1517":"a","1518":"n","1519":">","1520":"\\","1521":"r","1522":"\\","1523":"n","1524":" ","1525":" ","1526":" ","1527":" ","1528":"<","1529":"/","1530":"t","1531":"d","1532":">","1533":"\\","1534":"r","1535":"\\","1536":"n","1537":" ","1538":" ","1539":" ","1540":" ","1541":"<","1542":"t","1543":"d","1544":">","1545":"\\","1546":"r","1547":"\\","1548":"n","1549":" ","1550":" ","1551":" ","1552":" ","1553":" ","1554":" ","1555":"<","1556":"s","1557":"p","1558":"a","1559":"n","1560":" ","1561":"c","1562":"l","1563":"a","1564":"s","1565":"s","1566":"=","1567":"\\","1568":"\"","1569":"b","1570":"a","1571":"d","1572":"g","1573":"e","1574":" ","1575":"t","1576":"e","1577":"x","1578":"t","1579":"-","1580":"b","1581":"g","1582":"-","1583":"s","1584":"e","1585":"c","1586":"o","1587":"n","1588":"d","1589":"a","1590":"r","1591":"y","1592":"\\","1593":"\"","1594":">","1595":" ","1596":"<","1597":"i","1598":" ","1599":"c","1600":"l","1601":"a","1602":"s","1603":"s","1604":"=","1605":"\\","1606":"\"","1607":"f","1608":"a","1609":"-","1610":"s","1611":"o","1612":"l","1613":"i","1614":"d","1615":" ","1616":"f","1617":"a","1618":"-","1619":"d","1620":"o","1621":"l","1622":"l","1623":"a","1624":"r","1625":"-","1626":"s","1627":"i","1628":"g","1629":"n","1630":"\\","1631":"\"","1632":">","1633":"<","1634":"/","1635":"i","1636":">","1637":" ","1638":"{","1639":"{","1640":" ","1641":"h","1642":"o","1643":"u","1644":"r","1645":"l","1646":"y","1647":"R","1648":"a","1649":"t","1650":"e","1651":" ","1652":"}","1653":"}","1654":"/","1655":"h","1656":"r","1657":" ","1658":"<","1659":"/","1660":"s","1661":"p","1662":"a","1663":"n","1664":">","1665":"\\","1666":"r","1667":"\\","1668":"n","1669":" ","1670":" ","1671":" ","1672":" ","1673":"<","1674":"/","1675":"t","1676":"d","1677":">","1678":"\\","1679":"r","1680":"\\","1681":"n","1682":"\\","1683":"r","1684":"\\","1685":"n","1686":" ","1687":" ","1688":" ","1689":" ","1690":"<","1691":"t","1692":"d","1693":">","1694":"\\","1695":"r","1696":"\\","1697":"n","1698":" ","1699":" ","1700":" ","1701":" ","1702":" ","1703":" ","1704":"<","1705":"r","1706":"o","1707":"u","1708":"t","1709":"e","1710":"r","1711":"-","1712":"l","1713":"i","1714":"n","1715":"k","1716":" ","1717":":","1718":"t","1719":"o","1720":"=","1721":"\\","1722":"\"","1723":"V","1724":"i","1725":"e","1726":"w","1727":"D","1728":"e","1729":"t","1730":"a","1731":"i","1732":"l","1733":"\\","1734":"\"","1735":" ","1736":"c","1737":"l","1738":"a","1739":"s","1740":"s","1741":"=","1742":"\\","1743":"\"","1744":"b","1745":"t","1746":"n","1747":" ","1748":"b","1749":"t","1750":"n","1751":"-","1752":"s","1753":"m","1754":" ","1755":"b","1756":"t","1757":"n","1758":"-","1759":"l","1760":"i","1761":"g","1762":"h","1763":"t","1764":" ","1765":"m","1766":"e","1767":"-","1768":"2","1769":"\\","1770":"\"","1771":">","1772":"\\","1773":"r","1774":"\\","1775":"n","1776":" ","1777":" ","1778":" ","1779":" ","1780":" ","1781":" ","1782":" ","1783":" ","1784":"<","1785":"i","1786":" ","1787":"c","1788":"l","1789":"a","1790":"s","1791":"s","1792":"=","1793":"\\","1794":"\"","1795":"b","1796":"i","1797":" ","1798":"b","1799":"i","1800":"-","1801":"e","1802":"y","1803":"e","1804":"-","1805":"f","1806":"i","1807":"l","1808":"l","1809":"\\","1810":"\"","1811":">","1812":"<","1813":"/","1814":"i","1815":">","1816":"\\","1817":"r","1818":"\\","1819":"n","1820":" ","1821":" ","1822":" ","1823":" ","1824":" ","1825":" ","1826":"<","1827":"/","1828":"r","1829":"o","1830":"u","1831":"t","1832":"e","1833":"r","1834":"-","1835":"l","1836":"i","1837":"n","1838":"k","1839":">","1840":"\\","1841":"r","1842":"\\","1843":"n","1844":" ","1845":" ","1846":" ","1847":" ","1848":" ","1849":" ","1850":"<","1851":"b","1852":"u","1853":"t","1854":"t","1855":"o","1856":"n","1857":" ","1858":"d","1859":"a","1860":"t","1861":"a","1862":"-","1863":"t","1864":"e","1865":"s","1866":"t","1867":"=","1868":"\\","1869":"\"","1870":"o","1871":"n","1872":"E","1873":"d","1874":"i","1875":"t","1876":"\\","1877":"\"","1878":" ","1879":"c","1880":"l","1881":"a","1882":"s","1883":"s","1884":"=","1885":"\\","1886":"\"","1887":"b","1888":"t","1889":"n","1890":" ","1891":"b","1892":"t","1893":"n","1894":"-","1895":"s","1896":"m","1897":" ","1898":"b","1899":"t","1900":"n","1901":"-","1902":"l","1903":"i","1904":"g","1905":"h","1906":"t","1907":" ","1908":"m","1909":"e","1910":"-","1911":"2","1912":"\\","1913":"\"","1914":" ","1915":"@","1916":"c","1917":"l","1918":"i","1919":"c","1920":"k","1921":"=","1922":"\\","1923":"\"","1924":"o","1925":"n","1926":"E","1927":"d","1928":"i","1929":"t","1930":"(","1931":")","1932":"\\","1933":"\"","1934":">","1935":"\\","1936":"r","1937":"\\","1938":"n","1939":" ","1940":" ","1941":" ","1942":" ","1943":" ","1944":" ","1945":" ","1946":" ","1947":"<","1948":"i","1949":" ","1950":"c","1951":"l","1952":"a","1953":"s","1954":"s","1955":"=","1956":"\\","1957":"\"","1958":"b","1959":"i","1960":" ","1961":"b","1962":"i","1963":"-","1964":"p","1965":"e","1966":"n","1967":"c","1968":"i","1969":"l","1970":"-","1971":"f","1972":"i","1973":"l","1974":"l","1975":"\\","1976":"\"","1977":">","1978":"<","1979":"/","1980":"i","1981":">","1982":"\\","1983":"r","1984":"\\","1985":"n","1986":" ","1987":" ","1988":" ","1989":" ","1990":" ","1991":" ","1992":"<","1993":"/","1994":"b","1995":"u","1996":"t","1997":"t","1998":"o","1999":"n","2000":">","2001":"\\","2002":"r","2003":"\\","2004":"n","2005":" ","2006":" ","2007":" ","2008":" ","2009":" ","2010":" ","2011":"<","2012":"b","2013":"u","2014":"t","2015":"t","2016":"o","2017":"n","2018":" ","2019":"d","2020":"a","2021":"t","2022":"a","2023":"-","2024":"t","2025":"e","2026":"s","2027":"t","2028":"=","2029":"\\","2030":"\"","2031":"d","2032":"e","2033":"l","2034":"E","2035":"m","2036":"i","2037":"t","2038":"\\","2039":"\"","2040":" ","2041":"c","2042":"l","2043":"a","2044":"s","2045":"s","2046":"=","2047":"\\","2048":"\"","2049":"b","2050":"t","2051":"n","2052":" ","2053":"b","2054":"t","2055":"n","2056":"-","2057":"s","2058":"m","2059":" ","2060":"b","2061":"t","2062":"n","2063":"-","2064":"l","2065":"i","2066":"g","2067":"h","2068":"t","2069":"\\","2070":"\"","2071":" ","2072":"@","2073":"c","2074":"l","2075":"i","2076":"c","2077":"k","2078":"=","2079":"\\","2080":"\"","2081":"$","2082":"e","2083":"m","2084":"i","2085":"t","2086":"(","2087":"'","2088":"d","2089":"e","2090":"l","2091":"e","2092":"t","2093":"e","2094":"'","2095":",","2096":" ","2097":"i","2098":"d","2099":")","2100":"\\","2101":"\"","2102":">","2103":"\\","2104":"r","2105":"\\","2106":"n","2107":" ","2108":" ","2109":" ","2110":" ","2111":" ","2112":" ","2113":" ","2114":" ","2115":"<","2116":"i","2117":" ","2118":"c","2119":"l","2120":"a","2121":"s","2122":"s","2123":"=","2124":"\\","2125":"\"","2126":"b","2127":"i","2128":" ","2129":"b","2130":"i","2131":"-","2132":"t","2133":"r","2134":"a","2135":"s","2136":"h","2137":"-","2138":"f","2139":"i","2140":"l","2141":"l","2142":"\\","2143":"\"","2144":">","2145":"<","2146":"/","2147":"i","2148":">","2149":"\\","2150":"r","2151":"\\","2152":"n","2153":" ","2154":" ","2155":" ","2156":" ","2157":" ","2158":" ","2159":"<","2160":"/","2161":"b","2162":"u","2163":"t","2164":"t","2165":"o","2166":"n","2167":">","2168":"\\","2169":"r","2170":"\\","2171":"n","2172":" ","2173":" ","2174":" ","2175":" ","2176":"<","2177":"/","2178":"t","2179":"d","2180":">","2181":"\\","2182":"r","2183":"\\","2184":"n","2185":" ","2186":" ","2187":"<","2188":"/","2189":"t","2190":"r","2191":">","2192":"\\","2193":"r","2194":"\\","2195":"n","2196":"<","2197":"/","2198":"t","2199":"e","2200":"m","2201":"p","2202":"l","2203":"a","2204":"t","2205":"e","2206":">","2207":"\\","2208":"r","2209":"\\","2210":"n","2211":"\\","2212":"r","2213":"\\","2214":"n","2215":"<","2216":"s","2217":"c","2218":"r","2219":"i","2220":"p","2221":"t","2222":">","2223":"\\","2224":"r","2225":"\\","2226":"n","2227":"i","2228":"m","2229":"p","2230":"o","2231":"r","2232":"t","2233":" ","2234":"{","2235":" ","2236":"c","2237":"o","2238":"m","2239":"p","2240":"u","2241":"t","2242":"e","2243":"d","2244":" ","2245":"}","2246":" ","2247":"f","2248":"r","2249":"o","2250":"m","2251":" ","2252":"'","2253":"v","2254":"u","2255":"e","2256":"'","2257":";","2258":"\\","2259":"r","2260":"\\","2261":"n","2262":"\\","2263":"r","2264":"\\","2265":"n","2266":"e","2267":"x","2268":"p","2269":"o","2270":"r","2271":"t","2272":" ","2273":"d","2274":"e","2275":"f","2276":"a","2277":"u","2278":"l","2279":"t","2280":" ","2281":"{","2282":"\\","2283":"r","2284":"\\","2285":"n","2286":" ","2287":" ","2288":"p","2289":"r","2290":"o","2291":"p","2292":"s","2293":":","2294":" ","2295":"[","2296":"'","2297":"i","2298":"d","2299":"'","2300":",","2301":" ","2302":"'","2303":"i","2304":"n","2305":"d","2306":"e","2307":"x","2308":"'","2309":",","2310":" ","2311":"'","2312":"f","2313":"i","2314":"r","2315":"s","2316":"t","2317":"N","2318":"a","2319":"m","2320":"e","2321":"'","2322":",","2323":" ","2324":"'","2325":"l","2326":"a","2327":"s","2328":"t","2329":"N","2330":"a","2331":"m","2332":"e","2333":"'","2334":",","2335":" ","2336":"'","2337":"a","2338":"r","2339":"e","2340":"a","2341":"s","2342":"'","2343":",","2344":" ","2345":"'","2346":"h","2347":"o","2348":"u","2349":"r","2350":"l","2351":"y","2352":"R","2353":"a","2354":"t","2355":"e","2356":"'","2357":",","2358":" ","2359":"'","2360":"d","2361":"e","2362":"s","2363":"c","2364":"r","2365":"i","2366":"p","2367":"t","2368":"i","2369":"o","2370":"n","2371":"'","2372":"]","2373":",","2374":"\\","2375":"r","2376":"\\","2377":"n","2378":" ","2379":" ","2380":"e","2381":"m","2382":"i","2383":"t","2384":"s","2385":":","2386":" ","2387":"[","2388":"'","2389":"e","2390":"d","2391":"i","2392":"t","2393":"'","2394":",","2395":" ","2396":"'","2397":"d","2398":"e","2399":"l","2400":"e","2401":"t","2402":"e","2403":"'","2404":"]","2405":",","2406":"\\","2407":"r","2408":"\\","2409":"n","2410":" ","2411":" ","2412":"/","2413":"/","2414":"s","2415":"e","2416":"t","2417":"u","2418":"p","2419":"\\","2420":"r","2421":"\\","2422":"n","2423":" ","2424":" ","2425":"s","2426":"e","2427":"t","2428":"u","2429":"p","2430":"(","2431":"p","2432":"r","2433":"o","2434":"p","2435":"s","2436":",","2437":" ","2438":"{","2439":" ","2440":"e","2441":"m","2442":"i","2443":"t","2444":" ","2445":"}","2446":")","2447":" ","2448":"{","2449":"\\","2450":"r","2451":"\\","2452":"n","2453":" ","2454":" ","2455":" ","2456":" ","2457":"c","2458":"o","2459":"n","2460":"s","2461":"t","2462":" ","2463":"f","2464":"u","2465":"l","2466":"l","2467":"N","2468":"a","2469":"m","2470":"e","2471":" ","2472":"=","2473":" ","2474":"c","2475":"o","2476":"m","2477":"p","2478":"u","2479":"t","2480":"e","2481":"d","2482":"(","2483":"(","2484":")","2485":" ","2486":"=","2487":">","2488":" ","2489":"{","2490":"\\","2491":"r","2492":"\\","2493":"n","2494":" ","2495":" ","2496":" ","2497":" ","2498":" ","2499":" ","2500":"r","2501":"e","2502":"t","2503":"u","2504":"r","2505":"n","2506":" ","2507":"p","2508":"r","2509":"o","2510":"p","2511":"s","2512":".","2513":"f","2514":"i","2515":"r","2516":"s","2517":"t","2518":"N","2519":"a","2520":"m","2521":"e","2522":" ","2523":"+","2524":" ","2525":"'","2526":" ","2527":"'","2528":" ","2529":"+","2530":" ","2531":"p","2532":"r","2533":"o","2534":"p","2535":"s","2536":".","2537":"l","2538":"a","2539":"s","2540":"t","2541":"N","2542":"a","2543":"m","2544":"e","2545":";","2546":"\\","2547":"r","2548":"\\","2549":"n","2550":" ","2551":" ","2552":" ","2553":" ","2554":"}","2555":")","2556":";","2557":"\\","2558":"r","2559":"\\","2560":"n","2561":" ","2562":" ","2563":" ","2564":" ","2565":"c","2566":"o","2567":"n","2568":"s","2569":"t","2570":" ","2571":"V","2572":"i","2573":"e","2574":"w","2575":"D","2576":"e","2577":"t","2578":"a","2579":"i","2580":"l","2581":" ","2582":"=","2583":" ","2584":"c","2585":"o","2586":"m","2587":"p","2588":"u","2589":"t","2590":"e","2591":"d","2592":"(","2593":"(","2594":")","2595":" ","2596":"=","2597":">","2598":" ","2599":"{","2600":"\\","2601":"r","2602":"\\","2603":"n","2604":" ","2605":" ","2606":" ","2607":" ","2608":" ","2609":" ","2610":"r","2611":"e","2612":"t","2613":"u","2614":"r","2615":"n","2616":" ","2617":"'","2618":"/","2619":"c","2620":"o","2621":"a","2622":"c","2623":"h","2624":"d","2625":"e","2626":"t","2627":"a","2628":"i","2629":"l","2630":"/","2631":"'","2632":" ","2633":"+","2634":" ","2635":"p","2636":"r","2637":"o","2638":"p","2639":"s","2640":".","2641":"i","2642":"d","2643":";","2644":"\\","2645":"r","2646":"\\","2647":"n","2648":" ","2649":" ","2650":" ","2651":" ","2652":"}","2653":")","2654":";","2655":"\\","2656":"r","2657":"\\","2658":"n","2659":" ","2660":" ","2661":" ","2662":" ","2663":"/","2664":"/","2665":"s","2666":"h","2667":"o","2668":"w","2669":" ","2670":"b","2671":"a","2672":"d","2673":"g","2674":"e","2675":"c","2676":"o","2677":"l","2678":"o","2679":"r","2680":"\\","2681":"r","2682":"\\","2683":"n","2684":" ","2685":" ","2686":" ","2687":" ","2688":"f","2689":"u","2690":"n","2691":"c","2692":"t","2693":"i","2694":"o","2695":"n","2696":" ","2697":"b","2698":"a","2699":"d","2700":"g","2701":"e","2702":"C","2703":"o","2704":"l","2705":"o","2706":"r","2707":"(","2708":"a","2709":"r","2710":"e","2711":"a","2712":")","2713":" ","2714":"{","2715":"\\","2716":"r","2717":"\\","2718":"n","2719":" ","2720":" ","2721":" ","2722":" ","2723":" ","2724":" ","2725":"c","2726":"o","2727":"n","2728":"s","2729":"t","2730":" ","2731":"c","2732":"o","2733":"l","2734":"o","2735":"r","2736":"s","2737":" ","2738":"=","2739":" ","2740":"{","2741":"\\","2742":"r","2743":"\\","2744":"n","2745":" ","2746":" ","2747":" ","2748":" ","2749":" ","2750":" ","2751":" ","2752":" ","2753":"f","2754":"r","2755":"o","2756":"n","2757":"t","2758":"e","2759":"n","2760":"d","2761":":","2762":" ","2763":"'","2764":"w","2765":"a","2766":"r","2767":"n","2768":"i","2769":"n","2770":"g","2771":"'","2772":",","2773":"\\","2774":"r","2775":"\\","2776":"n","2777":" ","2778":" ","2779":" ","2780":" ","2781":" ","2782":" ","2783":" ","2784":" ","2785":"b","2786":"a","2787":"c","2788":"k","2789":"e","2790":"n","2791":"d","2792":":","2793":" ","2794":"'","2795":"s","2796":"u","2797":"c","2798":"c","2799":"e","2800":"s","2801":"s","2802":"'","2803":",","2804":"\\","2805":"r","2806":"\\","2807":"n","2808":" ","2809":" ","2810":" ","2811":" ","2812":" ","2813":" ","2814":" ","2815":" ","2816":"d","2817":"e","2818":"v","2819":"o","2820":"p","2821":"s","2822":":","2823":" ","2824":"'","2825":"d","2826":"a","2827":"n","2828":"g","2829":"e","2830":"r","2831":"'","2832":",","2833":"\\","2834":"r","2835":"\\","2836":"n","2837":" ","2838":" ","2839":" ","2840":" ","2841":" ","2842":" ","2843":" ","2844":" ","2845":"c","2846":"a","2847":"r","2848":"e","2849":"e","2850":"r","2851":":","2852":" ","2853":"'","2854":"p","2855":"r","2856":"i","2857":"m","2858":"a","2859":"r","2860":"y","2861":"'","2862":",","2863":"\\","2864":"r","2865":"\\","2866":"n","2867":" ","2868":" ","2869":" ","2870":" ","2871":" ","2872":" ","2873":"}","2874":";","2875":"\\","2876":"r","2877":"\\","2878":"n","2879":" ","2880":" ","2881":" ","2882":" ","2883":" ","2884":" ","2885":"r","2886":"e","2887":"t","2888":"u","2889":"r","2890":"n","2891":" ","2892":"c","2893":"o","2894":"l","2895":"o","2896":"r","2897":"s","2898":"[","2899":"a","2900":"r","2901":"e","2902":"a","2903":"]","2904":" ","2905":"|","2906":"|","2907":" ","2908":"'","2909":"s","2910":"e","2911":"c","2912":"o","2913":"n","2914":"d","2915":"a","2916":"r","2917":"y","2918":"'","2919":";","2920":"\\","2921":"r","2922":"\\","2923":"n","2924":" ","2925":" ","2926":" ","2927":" ","2928":"}","2929":"\\","2930":"r","2931":"\\","2932":"n","2933":" ","2934":" ","2935":" ","2936":" ","2937":"/","2938":"/","2939":"u","2940":"p","2941":"d","2942":"a","2943":"t","2944":"e","2945":" ","2946":"d","2947":"e","2948":"t","2949":"a","2950":"i","2951":"l","2952":"s","2953":"\\","2954":"r","2955":"\\","2956":"n","2957":" ","2958":" ","2959":" ","2960":" ","2961":"f","2962":"u","2963":"n","2964":"c","2965":"t","2966":"i","2967":"o","2968":"n","2969":" ","2970":"o","2971":"n","2972":"E","2973":"d","2974":"i","2975":"t","2976":"(","2977":")","2978":" ","2979":"{","2980":"\\","2981":"r","2982":"\\","2983":"n","2984":" ","2985":" ","2986":" ","2987":" ","2988":" ","2989":" ","2990":"e","2991":"m","2992":"i","2993":"t","2994":"(","2995":"'","2996":"e","2997":"d","2998":"i","2999":"t","3000":"'","3001":",","3002":" ","3003":"{","3004":"\\","3005":"r","3006":"\\","3007":"n","3008":" ","3009":" ","3010":" ","3011":" ","3012":" ","3013":" ","3014":" ","3015":" ","3016":"i","3017":"d","3018":":","3019":" ","3020":"p","3021":"r","3022":"o","3023":"p","3024":"s","3025":".","3026":"i","3027":"d","3028":",","3029":"\\","3030":"r","3031":"\\","3032":"n","3033":" ","3034":" ","3035":" ","3036":" ","3037":" ","3038":" ","3039":" ","3040":" ","3041":"f","3042":"i","3043":"r","3044":"s","3045":"t","3046":"N","3047":"a","3048":"m","3049":"e","3050":":","3051":" ","3052":"p","3053":"r","3054":"o","3055":"p","3056":"s","3057":".","3058":"f","3059":"i","3060":"r","3061":"s","3062":"t","3063":"N","3064":"a","3065":"m","3066":"e","3067":",","3068":"\\","3069":"r","3070":"\\","3071":"n","3072":" ","3073":" ","3074":" ","3075":" ","3076":" ","3077":" ","3078":" ","3079":" ","3080":"l","3081":"a","3082":"s","3083":"t","3084":"N","3085":"a","3086":"m","3087":"e","3088":":","3089":" ","3090":"p","3091":"r","3092":"o","3093":"p","3094":"s","3095":".","3096":"l","3097":"a","3098":"s","3099":"t","3100":"N","3101":"a","3102":"m","3103":"e","3104":",","3105":"\\","3106":"r","3107":"\\","3108":"n","3109":" ","3110":" ","3111":" ","3112":" ","3113":" ","3114":" ","3115":" ","3116":" ","3117":"a","3118":"r","3119":"e","3120":"a","3121":"s","3122":":","3123":" ","3124":"[","3125":".","3126":".","3127":".","3128":"p","3129":"r","3130":"o","3131":"p","3132":"s","3133":".","3134":"a","3135":"r","3136":"e","3137":"a","3138":"s","3139":"]","3140":",","3141":"\\","3142":"r","3143":"\\","3144":"n","3145":" ","3146":" ","3147":" ","3148":" ","3149":" ","3150":" ","3151":" ","3152":" ","3153":"h","3154":"o","3155":"u","3156":"r","3157":"l","3158":"y","3159":"R","3160":"a","3161":"t","3162":"e","3163":":","3164":" ","3165":"p","3166":"r","3167":"o","3168":"p","3169":"s","3170":".","3171":"h","3172":"o","3173":"u","3174":"r","3175":"l","3176":"y","3177":"R","3178":"a","3179":"t","3180":"e","3181":",","3182":"\\","3183":"r","3184":"\\","3185":"n","3186":" ","3187":" ","3188":" ","3189":" ","3190":" ","3191":" ","3192":" ","3193":" ","3194":"d","3195":"e","3196":"s","3197":"c","3198":"r","3199":"i","3200":"p","3201":"t","3202":"i","3203":"o","3204":"n","3205":":","3206":" ","3207":"p","3208":"r","3209":"o","3210":"p","3211":"s","3212":".","3213":"d","3214":"e","3215":"s","3216":"c","3217":"r","3218":"i","3219":"p","3220":"t","3221":"i","3222":"o","3223":"n","3224":",","3225":"\\","3226":"r","3227":"\\","3228":"n","3229":" ","3230":" ","3231":" ","3232":" ","3233":" ","3234":" ","3235":"}","3236":")","3237":";","3238":"\\","3239":"r","3240":"\\","3241":"n","3242":" ","3243":" ","3244":" ","3245":" ","3246":" ","3247":" ","3248":"c","3249":"o","3250":"n","3251":"s","3252":"o","3253":"l","3254":"e","3255":".","3256":"l","3257":"o","3258":"g","3259":"(","3260":"'","3261":"c","3262":"a","3263":"l","3264":"l","3265":"e","3266":"d","3267":"'","3268":")","3269":";","3270":"\\","3271":"r","3272":"\\","3273":"n","3274":" ","3275":" ","3276":" ","3277":" ","3278":"}","3279":"\\","3280":"r","3281":"\\","3282":"n","3283":" ","3284":" ","3285":" ","3286":" ","3287":"r","3288":"e","3289":"t","3290":"u","3291":"r","3292":"n","3293":" ","3294":"{","3295":"\\","3296":"r","3297":"\\","3298":"n","3299":" ","3300":" ","3301":" ","3302":" ","3303":" ","3304":" ","3305":"f","3306":"u","3307":"l","3308":"l","3309":"N","3310":"a","3311":"m","3312":"e","3313":",","3314":"\\","3315":"r","3316":"\\","3317":"n","3318":" ","3319":" ","3320":" ","3321":" ","3322":" ","3323":" ","3324":"V","3325":"i","3326":"e","3327":"w","3328":"D","3329":"e","3330":"t","3331":"a","3332":"i","3333":"l","3334":",","3335":"\\","3336":"r","3337":"\\","3338":"n","3339":" ","3340":" ","3341":" ","3342":" ","3343":" ","3344":" ","3345":"b","3346":"a","3347":"d","3348":"g","3349":"e","3350":"C","3351":"o","3352":"l","3353":"o","3354":"r","3355":",","3356":"\\","3357":"r","3358":"\\","3359":"n","3360":" ","3361":" ","3362":" ","3363":" ","3364":" ","3365":" ","3366":"o","3367":"n","3368":"E","3369":"d","3370":"i","3371":"t","3372":",","3373":"\\","3374":"r","3375":"\\","3376":"n","3377":" ","3378":" ","3379":" ","3380":" ","3381":"}","3382":";","3383":"\\","3384":"r","3385":"\\","3386":"n","3387":" ","3388":" ","3389":"}","3390":",","3391":"\\","3392":"r","3393":"\\","3394":"n","3395":"}","3396":";","3397":"\\","3398":"r","3399":"\\","3400":"n","3401":"<","3402":"/","3403":"s","3404":"c","3405":"r","3406":"i","3407":"p","3408":"t","3409":">","3410":"\\","3411":"r","3412":"\\","3413":"n","3414":"\"","3415":"]","3416":"}"},"_coverageSchema":"1a1c01bbd47fc00a2c39e90264f33305004495a9","hash":"3fd6b15a990b97e295de2c3552cd828f5033fc15"}
,"D:\\adminvue\\Final\\src\\components\\ThePagination.vue": {"path":"D:\\adminvue\\Final\\src\\components\\ThePagination.vue","statementMap":{"0":{"start":{"line":3,"column":0},"end":{"line":5,"column":3}},"1":{"start":{"line":6,"column":0},"end":{"line":6,"column":25}},"2":{"start":{"line":7,"column":15},"end":{"line":10,"column":1}},"3":{"start":{"line":11,"column":0},"end":{"line":11,"column":13}},"4":{"start":{"line":13,"column":0},"end":{"line":15,"column":3}},"5":{"start":{"line":16,"column":0},"end":{"line":16,"column":24}},"6":{"start":{"line":17,"column":11},"end":{"line":17,"column":25}},"7":{"start":{"line":18,"column":19},"end":{"line":20,"column":1}},"8":{"start":{"line":21,"column":19},"end":{"line":23,"column":1}},"9":{"start":{"line":24,"column":19},"end":{"line":24,"column":30}},"10":{"start":{"line":26,"column":2},"end":{"line":58,"column":53}},"11":{"start":{"line":33,"column":49},"end":{"line":33,"column":71}},"12":{"start":{"line":37,"column":4},"end":{"line":47,"column":90}},"13":{"start":{"line":46,"column":25},"end":{"line":46,"column":49}},"14":{"start":{"line":55,"column":49},"end":{"line":55,"column":71}},"15":{"start":{"line":59,"column":2},"end":{"line":59,"column":49}}},"fnMap":{"0":{"name":"render","decl":{"start":{"line":25,"column":9},"end":{"line":25,"column":15}},"loc":{"start":{"line":25,"column":30},"end":{"line":59,"column":1}},"line":25},"1":{"name":"(anonymous_1)","decl":{"start":{"line":33,"column":39},"end":{"line":33,"column":40}},"loc":{"start":{"line":33,"column":49},"end":{"line":33,"column":71}},"line":33},"2":{"name":"(anonymous_2)","decl":{"start":{"line":36,"column":214},"end":{"line":36,"column":215}},"loc":{"start":{"line":36,"column":222},"end":{"line":48,"column":3}},"line":36},"3":{"name":"(anonymous_3)","decl":{"start":{"line":46,"column":15},"end":{"line":46,"column":16}},"loc":{"start":{"line":46,"column":25},"end":{"line":46,"column":49}},"line":46},"4":{"name":"(anonymous_4)","decl":{"start":{"line":55,"column":39},"end":{"line":55,"column":40}},"loc":{"start":{"line":55,"column":49},"end":{"line":55,"column":71}},"line":55}},"branchMap":{"0":{"loc":{"start":{"line":33,"column":13},"end":{"line":33,"column":72}},"type":"binary-expr","locations":[{"start":{"line":33,"column":13},"end":{"line":33,"column":22}},{"start":{"line":33,"column":27},"end":{"line":33,"column":71}}],"line":33},"1":{"loc":{"start":{"line":34,"column":10},"end":{"line":36,"column":28}},"type":"binary-expr","locations":[{"start":{"line":34,"column":10},"end":{"line":34,"column":19}},{"start":{"line":34,"column":24},"end":{"line":36,"column":27}}],"line":34},"2":{"loc":{"start":{"line":55,"column":13},"end":{"line":55,"column":72}},"type":"binary-expr","locations":[{"start":{"line":55,"column":13},"end":{"line":55,"column":22}},{"start":{"line":55,"column":27},"end":{"line":55,"column":71}}],"line":55},"3":{"loc":{"start":{"line":56,"column":10},"end":{"line":58,"column":28}},"type":"binary-expr","locations":[{"start":{"line":56,"column":10},"end":{"line":56,"column":19}},{"start":{"line":56,"column":24},"end":{"line":58,"column":27}}],"line":56}},"s":{"0":2,"1":2,"2":2,"3":2,"4":2,"5":2,"6":2,"7":2,"8":2,"9":2,"10":5,"11":1,"12":10,"13":1,"14":1,"15":2},"f":{"0":5,"1":1,"2":10,"3":1,"4":1},"b":{"0":[5,3],"1":[5,3],"2":[5,3],"3":[5,3]},"inputSourceMap":{"0":"{","1":"\"","2":"v","3":"e","4":"r","5":"s","6":"i","7":"o","8":"n","9":"\"","10":":","11":"3","12":",","13":"\"","14":"s","15":"o","16":"u","17":"r","18":"c","19":"e","20":"s","21":"\"","22":":","23":"[","24":"\"","25":"D","26":":","27":"\\","28":"\\","29":"a","30":"d","31":"m","32":"i","33":"n","34":"v","35":"u","36":"e","37":"\\","38":"\\","39":"F","40":"i","41":"n","42":"a","43":"l","44":"\\","45":"\\","46":"s","47":"r","48":"c","49":"\\","50":"\\","51":"c","52":"o","53":"m","54":"p","55":"o","56":"n","57":"e","58":"n","59":"t","60":"s","61":"\\","62":"\\","63":"T","64":"h","65":"e","66":"P","67":"a","68":"g","69":"i","70":"n","71":"a","72":"t","73":"i","74":"o","75":"n","76":".","77":"v","78":"u","79":"e","80":"\"","81":"]","82":",","83":"\"","84":"n","85":"a","86":"m","87":"e","88":"s","89":"\"","90":":","91":"[","92":"]","93":",","94":"\"","95":"m","96":"a","97":"p","98":"p","99":"i","100":"n","101":"g","102":"s","103":"\"","104":":","105":"\"","106":";","107":";","108":";","109":";","110":";","111":";","112":"i","113":"C","114":"A","115":"m","116":"B","117":"e","118":";","119":"E","120":"A","121":"C","122":"b","123":",","124":"K","125":"A","126":"A","127":"K","128":",","129":"E","130":"A","131":"A","132":"E","133":",","134":"C","135":"A","136":"A","137":"C","138":",","139":"a","140":"A","141":"A","142":"a","143":",","144":"E","145":"A","146":"A","147":"E","148":",","149":"Y","150":"A","151":"A","152":"Y","153":",","154":"C","155":"A","156":"A","157":"C","158":";","159":"E","160":"A","161":"C","162":"p","163":"C","164":",","165":"K","166":"A","167":"A","168":"K","169":",","170":"E","171":"A","172":"A","173":"E","174":",","175":"C","176":"A","177":"A","178":"C","179":",","180":"U","181":"A","182":"A","183":"U","184":",","185":"E","186":"A","187":"A","188":"E","189":",","190":"U","191":"A","192":"A","193":"U","194":",","195":"E","196":"A","197":"A","198":"E","199":",","200":"M","201":"A","202":"A","203":"M","204":";","205":"A","206":"A","207":"C","208":"x","209":"C","210":",","211":"C","212":"A","213":"A","214":"C","215":"\"","216":",","217":"\"","218":"f","219":"i","220":"l","221":"e","222":"\"","223":":","224":"\"","225":"D","226":":","227":"\\","228":"\\","229":"a","230":"d","231":"m","232":"i","233":"n","234":"v","235":"u","236":"e","237":"\\","238":"\\","239":"F","240":"i","241":"n","242":"a","243":"l","244":"\\","245":"\\","246":"s","247":"r","248":"c","249":"\\","250":"\\","251":"c","252":"o","253":"m","254":"p","255":"o","256":"n","257":"e","258":"n","259":"t","260":"s","261":"\\","262":"\\","263":"T","264":"h","265":"e","266":"P","267":"a","268":"g","269":"i","270":"n","271":"a","272":"t","273":"i","274":"o","275":"n","276":".","277":"v","278":"u","279":"e","280":"\"","281":",","282":"\"","283":"s","284":"o","285":"u","286":"r","287":"c","288":"e","289":"s","290":"C","291":"o","292":"n","293":"t","294":"e","295":"n","296":"t","297":"\"","298":":","299":"[","300":"\"","301":"<","302":"t","303":"e","304":"m","305":"p","306":"l","307":"a","308":"t","309":"e","310":">","311":"\\","312":"r","313":"\\","314":"n","315":" ","316":" ","317":"<","318":"n","319":"a","320":"v","321":" ","322":"a","323":"r","324":"i","325":"a","326":"-","327":"l","328":"a","329":"b","330":"e","331":"l","332":"=","333":"\\","334":"\"","335":".","336":".","337":".","338":"\\","339":"\"","340":">","341":"\\","342":"r","343":"\\","344":"n","345":" ","346":" ","347":" ","348":" ","349":"<","350":"u","351":"l","352":" ","353":"c","354":"l","355":"a","356":"s","357":"s","358":"=","359":"\\","360":"\"","361":"p","362":"a","363":"g","364":"i","365":"n","366":"a","367":"t","368":"i","369":"o","370":"n","371":"\\","372":"\"","373":">","374":"\\","375":"r","376":"\\","377":"n","378":" ","379":" ","380":" ","381":" ","382":" ","383":" ","384":"<","385":"!","386":"-","387":"-","388":" ","389":"p","390":"r","391":"e","392":"v","393":"i","394":"o","395":"u","396":"s","397":" ","398":"b","399":"u","400":"t","401":"t","402":"o","403":"n","404":" ","405":"-","406":"-","407":">","408":"\\","409":"r","410":"\\","411":"n","412":" ","413":" ","414":" ","415":" ","416":" ","417":" ","418":"<","419":"l","420":"i","421":" ","422":"c","423":"l","424":"a","425":"s","426":"s","427":"=","428":"\\","429":"\"","430":"p","431":"a","432":"g","433":"e","434":"-","435":"i","436":"t","437":"e","438":"m","439":" ","440":"s","441":"t","442":"y","443":"l","444":"e","445":"a","446":"l","447":"l","448":"\\","449":"\"","450":" ","451":":","452":"c","453":"l","454":"a","455":"s","456":"s","457":"=","458":"\\","459":"\"","460":"{","461":" ","462":"d","463":"i","464":"s","465":"a","466":"b","467":"l","468":"e","469":"d","470":":","471":" ","472":"c","473":"u","474":"r","475":"r","476":"e","477":"n","478":"t","479":"P","480":"a","481":"g","482":"e","483":" ","484":"=","485":"=","486":" ","487":"1","488":" ","489":"}","490":"\\","491":"\"","492":">","493":"\\","494":"r","495":"\\","496":"n","497":" ","498":" ","499":" ","500":" ","501":" ","502":" ","503":" ","504":" ","505":"<","506":"a","507":" ","508":"c","509":"l","510":"a","511":"s","512":"s","513":"=","514":"\\","515":"\"","516":"p","517":"a","518":"g","519":"e","520":"-","521":"l","522":"i","523":"n","524":"k","525":" ","526":"f","527":"s","528":"-","529":"7","530":"\\","531":"\"","532":" ","533":"d","534":"a","535":"t","536":"a","537":"-","538":"t","539":"e","540":"s","541":"t","542":"=","543":"\\","544":"\"","545":"p","546":"r","547":"e","548":"C","549":"l","550":"i","551":"c","552":"k","553":"\\","554":"\"","555":" ","556":"@","557":"c","558":"l","559":"i","560":"c","561":"k","562":"=","563":"\\","564":"\"","565":"$","566":"e","567":"m","568":"i","569":"t","570":"(","571":"'","572":"p","573":"r","574":"e","575":"v","576":"P","577":"a","578":"g","579":"e","580":"'","581":")","582":"\\","583":"\"","584":">","585":"<","586":"s","587":"p","588":"a","589":"n","590":" ","591":"a","592":"r","593":"i","594":"a","595":"-","596":"h","597":"i","598":"d","599":"d","600":"e","601":"n","602":"=","603":"\\","604":"\"","605":"t","606":"r","607":"u","608":"e","609":"\\","610":"\"","611":">","612":"&","613":"L","614":"e","615":"s","616":"s","617":"L","618":"e","619":"s","620":"s","621":";","622":"<","623":"/","624":"s","625":"p","626":"a","627":"n","628":">","629":"<","630":"/","631":"a","632":">","633":"\\","634":"r","635":"\\","636":"n","637":" ","638":" ","639":" ","640":" ","641":" ","642":" ","643":"<","644":"/","645":"l","646":"i","647":">","648":"\\","649":"r","650":"\\","651":"n","652":" ","653":" ","654":" ","655":" ","656":" ","657":" ","658":"<","659":"!","660":"-","661":"-","662":" ","663":"p","664":"a","665":"g","666":"e","667":" ","668":"N","669":"u","670":"m","671":"b","672":"e","673":"r","674":"s","675":" ","676":"-","677":"-","678":">","679":"\\","680":"r","681":"\\","682":"n","683":" ","684":" ","685":" ","686":" ","687":" ","688":" ","689":"<","690":"l","691":"i","692":" ","693":"c","694":"l","695":"a","696":"s","697":"s","698":"=","699":"\\","700":"\"","701":"p","702":"a","703":"g","704":"e","705":"-","706":"i","707":"t","708":"e","709":"m","710":" ","711":"s","712":"t","713":"y","714":"l","715":"e","716":"a","717":"l","718":"l","719":"\\","720":"\"","721":" ","722":"a","723":"r","724":"i","725":"a","726":"-","727":"c","728":"u","729":"r","730":"r","731":"e","732":"n","733":"t","734":"=","735":"\\","736":"\"","737":"p","738":"a","739":"g","740":"e","741":"\\","742":"\"","743":" ","744":"v","745":"-","746":"f","747":"o","748":"r","749":"=","750":"\\","751":"\"","752":"p","753":"a","754":"g","755":"e","756":" ","757":"i","758":"n","759":" ","760":"t","761":"o","762":"t","763":"a","764":"l","765":"P","766":"a","767":"g","768":"e","769":"s","770":"\\","771":"\"","772":" ","773":":","774":"k","775":"e","776":"y","777":"=","778":"\\","779":"\"","780":"p","781":"a","782":"g","783":"e","784":"\\","785":"\"","786":" ","787":":","788":"c","789":"l","790":"a","791":"s","792":"s","793":"=","794":"\\","795":"\"","796":"{","797":" ","798":"a","799":"c","800":"t","801":"i","802":"v","803":"e","804":":","805":" ","806":"p","807":"a","808":"g","809":"e","810":" ","811":"=","812":"=","813":"=","814":" ","815":"c","816":"u","817":"r","818":"r","819":"e","820":"n","821":"t","822":"P","823":"a","824":"g","825":"e","826":" ","827":"}","828":"\\","829":"\"","830":">","831":"\\","832":"r","833":"\\","834":"n","835":" ","836":" ","837":" ","838":" ","839":" ","840":" ","841":" ","842":" ","843":"<","844":"a","845":" ","846":"c","847":"l","848":"a","849":"s","850":"s","851":"=","852":"\\","853":"\"","854":"p","855":"a","856":"g","857":"e","858":"-","859":"l","860":"i","861":"n","862":"k","863":" ","864":"f","865":"s","866":"-","867":"7","868":"\\","869":"\"","870":" ","871":"d","872":"a","873":"t","874":"a","875":"-","876":"t","877":"e","878":"s","879":"t","880":"=","881":"\\","882":"\"","883":"g","884":"o","885":"t","886":"o","887":"C","888":"l","889":"i","890":"c","891":"k","892":"\\","893":"\"","894":" ","895":"@","896":"c","897":"l","898":"i","899":"c","900":"k","901":"=","902":"\\","903":"\"","904":"$","905":"e","906":"m","907":"i","908":"t","909":"(","910":"'","911":"g","912":"o","913":"T","914":"o","915":"'","916":",","917":" ","918":"p","919":"a","920":"g","921":"e","922":")","923":"\\","924":"\"","925":">","926":"{","927":"{","928":" ","929":"p","930":"a","931":"g","932":"e","933":" ","934":"}","935":"}","936":"<","937":"/","938":"a","939":">","940":"\\","941":"r","942":"\\","943":"n","944":" ","945":" ","946":" ","947":" ","948":" ","949":" ","950":"<","951":"/","952":"l","953":"i","954":">","955":"\\","956":"r","957":"\\","958":"n","959":" ","960":" ","961":" ","962":" ","963":" ","964":" ","965":"<","966":"l","967":"i","968":" ","969":"c","970":"l","971":"a","972":"s","973":"s","974":"=","975":"\\","976":"\"","977":"p","978":"a","979":"g","980":"e","981":"-","982":"i","983":"t","984":"e","985":"m","986":" ","987":"s","988":"t","989":"y","990":"l","991":"e","992":"a","993":"l","994":"l","995":"\\","996":"\"","997":" ","998":":","999":"c","1000":"l","1001":"a","1002":"s","1003":"s","1004":"=","1005":"\\","1006":"\"","1007":"{","1008":" ","1009":"d","1010":"i","1011":"s","1012":"a","1013":"b","1014":"l","1015":"e","1016":"d","1017":":","1018":" ","1019":"c","1020":"u","1021":"r","1022":"r","1023":"e","1024":"n","1025":"t","1026":"P","1027":"a","1028":"g","1029":"e","1030":" ","1031":"=","1032":"=","1033":"=","1034":" ","1035":"t","1036":"o","1037":"t","1038":"a","1039":"l","1040":"P","1041":"a","1042":"g","1043":"e","1044":"s","1045":" ","1046":"}","1047":"\\","1048":"\"","1049":">","1050":"\\","1051":"r","1052":"\\","1053":"n","1054":" ","1055":" ","1056":" ","1057":" ","1058":" ","1059":" ","1060":" ","1061":" ","1062":"<","1063":"a","1064":" ","1065":"c","1066":"l","1067":"a","1068":"s","1069":"s","1070":"=","1071":"\\","1072":"\"","1073":"p","1074":"a","1075":"g","1076":"e","1077":"-","1078":"l","1079":"i","1080":"n","1081":"k","1082":" ","1083":"f","1084":"s","1085":"-","1086":"7","1087":"\\","1088":"\"","1089":" ","1090":"d","1091":"a","1092":"t","1093":"a","1094":"-","1095":"t","1096":"e","1097":"s","1098":"t","1099":"=","1100":"\\","1101":"\"","1102":"n","1103":"e","1104":"x","1105":"t","1106":"C","1107":"l","1108":"i","1109":"c","1110":"k","1111":"\\","1112":"\"","1113":" ","1114":"@","1115":"c","1116":"l","1117":"i","1118":"c","1119":"k","1120":"=","1121":"\\","1122":"\"","1123":"$","1124":"e","1125":"m","1126":"i","1127":"t","1128":"(","1129":"'","1130":"n","1131":"e","1132":"x","1133":"t","1134":"P","1135":"a","1136":"g","1137":"e","1138":"'","1139":")","1140":"\\","1141":"\"","1142":">","1143":"<","1144":"s","1145":"p","1146":"a","1147":"n","1148":" ","1149":"a","1150":"r","1151":"i","1152":"a","1153":"-","1154":"h","1155":"i","1156":"d","1157":"d","1158":"e","1159":"n","1160":"=","1161":"\\","1162":"\"","1163":"t","1164":"r","1165":"u","1166":"e","1167":"\\","1168":"\"","1169":">","1170":"&","1171":"G","1172":"r","1173":"e","1174":"a","1175":"t","1176":"e","1177":"r","1178":"G","1179":"r","1180":"e","1181":"a","1182":"t","1183":"e","1184":"r","1185":";","1186":"<","1187":"/","1188":"s","1189":"p","1190":"a","1191":"n","1192":">","1193":"<","1194":"/","1195":"a","1196":">","1197":"\\","1198":"r","1199":"\\","1200":"n","1201":" ","1202":" ","1203":" ","1204":" ","1205":" ","1206":" ","1207":"<","1208":"/","1209":"l","1210":"i","1211":">","1212":"\\","1213":"r","1214":"\\","1215":"n","1216":" ","1217":" ","1218":" ","1219":" ","1220":"<","1221":"/","1222":"u","1223":"l","1224":">","1225":"\\","1226":"r","1227":"\\","1228":"n","1229":" ","1230":" ","1231":"<","1232":"/","1233":"n","1234":"a","1235":"v","1236":">","1237":"\\","1238":"r","1239":"\\","1240":"n","1241":"<","1242":"/","1243":"t","1244":"e","1245":"m","1246":"p","1247":"l","1248":"a","1249":"t","1250":"e","1251":">","1252":"\\","1253":"r","1254":"\\","1255":"n","1256":"\\","1257":"r","1258":"\\","1259":"n","1260":"<","1261":"s","1262":"c","1263":"r","1264":"i","1265":"p","1266":"t","1267":">","1268":"\\","1269":"r","1270":"\\","1271":"n","1272":"e","1273":"x","1274":"p","1275":"o","1276":"r","1277":"t","1278":" ","1279":"d","1280":"e","1281":"f","1282":"a","1283":"u","1284":"l","1285":"t","1286":" ","1287":"{","1288":"\\","1289":"r","1290":"\\","1291":"n","1292":" ","1293":" ","1294":"p","1295":"r","1296":"o","1297":"p","1298":"s","1299":":","1300":" ","1301":"[","1302":"'","1303":"c","1304":"u","1305":"r","1306":"r","1307":"e","1308":"n","1309":"t","1310":"P","1311":"a","1312":"g","1313":"e","1314":"'","1315":",","1316":" ","1317":"'","1318":"t","1319":"o","1320":"t","1321":"a","1322":"l","1323":"P","1324":"a","1325":"g","1326":"e","1327":"s","1328":"'","1329":"]","1330":",","1331":"\\","1332":"r","1333":"\\","1334":"n","1335":" ","1336":" ","1337":"e","1338":"m","1339":"i","1340":"t","1341":"s","1342":":","1343":" ","1344":"[","1345":"'","1346":"n","1347":"e","1348":"x","1349":"t","1350":"P","1351":"a","1352":"g","1353":"e","1354":"'","1355":",","1356":" ","1357":"'","1358":"p","1359":"r","1360":"e","1361":"v","1362":"P","1363":"a","1364":"g","1365":"e","1366":"'","1367":",","1368":" ","1369":"'","1370":"g","1371":"o","1372":"T","1373":"o","1374":"'","1375":"]","1376":",","1377":"\\","1378":"r","1379":"\\","1380":"n","1381":"}","1382":";","1383":"\\","1384":"r","1385":"\\","1386":"n","1387":"<","1388":"/","1389":"s","1390":"c","1391":"r","1392":"i","1393":"p","1394":"t","1395":">","1396":"\\","1397":"r","1398":"\\","1399":"n","1400":"\\","1401":"r","1402":"\\","1403":"n","1404":"<","1405":"s","1406":"t","1407":"y","1408":"l","1409":"e","1410":" ","1411":"s","1412":"c","1413":"o","1414":"p","1415":"e","1416":"d","1417":">","1418":"\\","1419":"r","1420":"\\","1421":"n","1422":".","1423":"s","1424":"t","1425":"y","1426":"l","1427":"e","1428":"a","1429":"l","1430":"l","1431":" ","1432":"{","1433":"\\","1434":"r","1435":"\\","1436":"n","1437":" ","1438":" ","1439":"c","1440":"u","1441":"r","1442":"s","1443":"o","1444":"r","1445":":","1446":" ","1447":"p","1448":"o","1449":"i","1450":"n","1451":"t","1452":"e","1453":"r","1454":";","1455":"\\","1456":"r","1457":"\\","1458":"n","1459":"}","1460":"\\","1461":"r","1462":"\\","1463":"n","1464":"<","1465":"/","1466":"s","1467":"t","1468":"y","1469":"l","1470":"e","1471":">","1472":"\\","1473":"r","1474":"\\","1475":"n","1476":"\"","1477":"]","1478":"}"},"_coverageSchema":"1a1c01bbd47fc00a2c39e90264f33305004495a9","hash":"81884500612696760d00d7f74efbb9a25da91546"}
,"D:\\adminvue\\Final\\src\\components\\layout\\BreadCrumb.vue": {"path":"D:\\adminvue\\Final\\src\\components\\layout\\BreadCrumb.vue","statementMap":{"0":{"start":{"line":3,"column":0},"end":{"line":5,"column":3}},"1":{"start":{"line":6,"column":0},"end":{"line":6,"column":25}},"2":{"start":{"line":7,"column":0},"end":{"line":7,"column":54}},"3":{"start":{"line":8,"column":0},"end":{"line":8,"column":49}},"4":{"start":{"line":9,"column":17},"end":{"line":9,"column":38}},"5":{"start":{"line":10,"column":11},"end":{"line":10,"column":25}},"6":{"start":{"line":11,"column":15},"end":{"line":29,"column":1}},"7":{"start":{"line":13,"column":18},"end":{"line":13,"column":44}},"8":{"start":{"line":14,"column":18},"end":{"line":24,"column":6}},"9":{"start":{"line":15,"column":21},"end":{"line":15,"column":40}},"10":{"start":{"line":16,"column":17},"end":{"line":16,"column":32}},"11":{"start":{"line":17,"column":20},"end":{"line":17,"column":30}},"12":{"start":{"line":18,"column":6},"end":{"line":22,"column":7}},"13":{"start":{"line":19,"column":8},"end":{"line":19,"column":64}},"14":{"start":{"line":20,"column":13},"end":{"line":22,"column":7}},"15":{"start":{"line":21,"column":8},"end":{"line":21,"column":24}},"16":{"start":{"line":23,"column":6},"end":{"line":23,"column":19}},"17":{"start":{"line":25,"column":4},"end":{"line":27,"column":6}},"18":{"start":{"line":30,"column":0},"end":{"line":30,"column":13}},"19":{"start":{"line":32,"column":0},"end":{"line":34,"column":3}},"20":{"start":{"line":35,"column":0},"end":{"line":35,"column":24}},"21":{"start":{"line":36,"column":11},"end":{"line":36,"column":25}},"22":{"start":{"line":37,"column":19},"end":{"line":39,"column":1}},"23":{"start":{"line":40,"column":19},"end":{"line":42,"column":1}},"24":{"start":{"line":44,"column":33},"end":{"line":44,"column":74}},"25":{"start":{"line":45,"column":2},"end":{"line":54,"column":135}},"26":{"start":{"line":50,"column":37},"end":{"line":50,"column":123}},"27":{"start":{"line":55,"column":2},"end":{"line":55,"column":49}}},"fnMap":{"0":{"name":"(anonymous_0)","decl":{"start":{"line":12,"column":2},"end":{"line":12,"column":3}},"loc":{"start":{"line":12,"column":10},"end":{"line":28,"column":3}},"line":12},"1":{"name":"(anonymous_1)","decl":{"start":{"line":14,"column":37},"end":{"line":14,"column":38}},"loc":{"start":{"line":14,"column":43},"end":{"line":24,"column":5}},"line":14},"2":{"name":"render","decl":{"start":{"line":43,"column":9},"end":{"line":43,"column":15}},"loc":{"start":{"line":43,"column":30},"end":{"line":55,"column":1}},"line":43},"3":{"name":"(anonymous_3)","decl":{"start":{"line":50,"column":31},"end":{"line":50,"column":32}},"loc":{"start":{"line":50,"column":37},"end":{"line":50,"column":123}},"line":50}},"branchMap":{"0":{"loc":{"start":{"line":18,"column":6},"end":{"line":22,"column":7}},"type":"if","locations":[{"start":{"line":18,"column":6},"end":{"line":22,"column":7}},{"start":{"line":20,"column":13},"end":{"line":22,"column":7}}],"line":18},"1":{"loc":{"start":{"line":20,"column":13},"end":{"line":22,"column":7}},"type":"if","locations":[{"start":{"line":20,"column":13},"end":{"line":22,"column":7}},{"start":{},"end":{}}],"line":20},"2":{"loc":{"start":{"line":50,"column":42},"end":{"line":50,"column":121}},"type":"binary-expr","locations":[{"start":{"line":50,"column":42},"end":{"line":50,"column":51}},{"start":{"line":50,"column":56},"end":{"line":50,"column":120}}],"line":50},"3":{"loc":{"start":{"line":52,"column":6},"end":{"line":54,"column":29}},"type":"binary-expr","locations":[{"start":{"line":52,"column":6},"end":{"line":52,"column":15}},{"start":{"line":52,"column":20},"end":{"line":54,"column":28}}],"line":52}},"s":{"0":3,"1":3,"2":3,"3":3,"4":3,"5":3,"6":3,"7":10,"8":10,"9":10,"10":10,"11":10,"12":10,"13":8,"14":2,"15":1,"16":1,"17":10,"18":3,"19":3,"20":3,"21":3,"22":3,"23":3,"24":10,"25":10,"26":0,"27":3},"f":{"0":10,"1":10,"2":10,"3":0},"b":{"0":[8,2],"1":[1,1],"2":[0,0],"3":[10,10]},"inputSourceMap":{"0":"{","1":"\"","2":"v","3":"e","4":"r","5":"s","6":"i","7":"o","8":"n","9":"\"","10":":","11":"3","12":",","13":"\"","14":"s","15":"o","16":"u","17":"r","18":"c","19":"e","20":"s","21":"\"","22":":","23":"[","24":"\"","25":"D","26":":","27":"\\","28":"\\","29":"a","30":"d","31":"m","32":"i","33":"n","34":"v","35":"u","36":"e","37":"\\","38":"\\","39":"F","40":"i","41":"n","42":"a","43":"l","44":"\\","45":"\\","46":"s","47":"r","48":"c","49":"\\","50":"\\","51":"c","52":"o","53":"m","54":"p","55":"o","56":"n","57":"e","58":"n","59":"t","60":"s","61":"\\","62":"\\","63":"l","64":"a","65":"y","66":"o","67":"u","68":"t","69":"\\","70":"\\","71":"B","72":"r","73":"e","74":"a","75":"d","76":"C","77":"r","78":"u","79":"m","80":"b","81":".","82":"v","83":"u","84":"e","85":"\"","86":"]","87":",","88":"\"","89":"n","90":"a","91":"m","92":"e","93":"s","94":"\"","95":":","96":"[","97":"]","98":",","99":"\"","100":"m","101":"a","102":"p","103":"p","104":"i","105":"n","106":"g","107":"s","108":"\"","109":":","110":"\"","111":";","112":";","113":";","114":";","115":";","116":";","117":";","118":";","119":"A","120":"A","121":"U","122":"A","123":";","124":"A","125":"A","126":"C","127":"A","128":";","129":"A","130":"A","131":"A","132":"+","133":"B","134":",","135":"i","136":"C","137":"A","138":"C","139":"h","140":"B","141":";","142":"E","143":"A","144":"C","145":"b","146":",","147":"K","148":"A","149":"A","150":"K","151":",","152":"G","153":"A","154":"A","155":"G","156":";","157":"I","158":"A","159":"C","160":"N","161":",","162":"M","163":"A","164":"A","165":"M","166":",","167":"K","168":"A","169":"A","170":"K","171":",","172":"G","173":"A","174":"A","175":"G","176":",","177":"u","178":"B","179":"A","180":"A","181":"Q","182":",","183":"E","184":"A","185":"A","186":"C","187":",","188":"C","189":"A","190":"A","191":"C","192":";","193":"I","194":"A","195":"C","196":"x","197":"B","198":",","199":"M","200":"A","201":"A","202":"M","203":",","204":"K","205":"A","206":"A","207":"K","208":",","209":"G","210":"A","211":"A","212":"G","213":",","214":"i","215":"B","216":"A","217":"A","218":"Q","219":",","220":"E","221":"A","222":"A","223":"C","224":",","225":"M","226":"A","227":"A","228":"M","229":";","230":"M","231":"A","232":"C","233":"3","234":"B","235":",","236":"M","237":"A","238":"A","239":"M","240":",","241":"M","242":"A","243":"A","244":"M","245":",","246":"G","247":"A","248":"A","249":"G","250":",","251":"K","252":"A","253":"A","254":"K","255":",","256":"C","257":"A","258":"A","259":"C","260":",","261":"M","262":"A","263":"A","264":"M","265":",","266":"C","267":"A","268":"A","269":"C","270":",","271":"M","272":"A","273":"A","274":"M","275":";","276":"M","277":"A","278":"C","279":"l","280":"C","281":",","282":"M","283":"A","284":"A","285":"M","286":",","287":"E","288":"A","289":"A","290":"E","291":",","292":"G","293":"A","294":"A","295":"G","296":",","297":"K","298":"A","299":"A","300":"K","301":",","302":"C","303":"A","304":"A","305":"C","306":",","307":"M","308":"A","309":"A","310":"M","311":",","312":"C","313":"A","314":"A","315":"C","316":",","317":"E","318":"A","319":"A","320":"E","321":";","322":"M","323":"A","324":"C","325":"1","326":"B","327":",","328":"M","329":"A","330":"A","331":"M","332":",","333":"K","334":"A","335":"A","336":"K","337":",","338":"G","339":"A","340":"A","341":"G","342":",","343":"K","344":"A","345":"A","346":"K","347":",","348":"C","349":"A","350":"A","351":"C","352":",","353":"I","354":"A","355":"A","356":"I","357":";","358":"M","359":"A","360":"C","361":"x","362":"B","363":",","364":"I","365":"A","366":"A","367":"I","368":",","369":"M","370":"A","371":"A","372":"M","373":",","374":"E","375":"A","376":"A","377":"E","378":";","379":"Q","380":"A","381":"C","382":"V","383":",","384":"O","385":"A","386":"A","387":"O","388":",","389":"M","390":"A","391":"A","392":"M","393":",","394":"C","395":"A","396":"A","397":"C","398":",","399":"M","400":"A","401":"A","402":"M","403":",","404":"C","405":"A","406":"A","407":"C","408":",","409":"C","410":"A","411":"A","412":"C","413":",","414":"C","415":"A","416":"A","417":"C","418":",","419":"C","420":"A","421":"A","422":"C","423":",","424":"W","425":"A","426":"A","427":"W","428":",","429":"C","430":"A","431":"A","432":"C","433":",","434":"C","435":"A","436":"A","437":"C","438":",","439":"G","440":"A","441":"A","442":"G","443":",","444":"M","445":"A","446":"A","447":"M","448":",","449":"C","450":"A","451":"A","452":"C","453":",","454":"K","455":"A","456":"A","457":"K","458":",","459":"C","460":"A","461":"A","462":"C","463":",","464":"C","465":"A","466":"A","467":"C","468":",","469":"C","470":"A","471":"A","472":"C","473":";","474":"M","475":"A","476":"C","477":"z","478":"D","479":",","480":"C","481":"A","482":"A","483":"C","484":",","485":"M","486":"A","487":"A","488":"M","489":",","490":"I","491":"A","492":"A","493":"I","494":",","495":"E","496":"A","497":"A","498":"E","499":",","500":"E","501":"A","502":"A","503":"E","504":";","505":"Q","506":"A","507":"C","508":"b","509":",","510":"O","511":"A","512":"A","513":"O","514":",","515":"I","516":"A","517":"A","518":"I","519":",","520":"E","521":"A","522":"A","523":"E","524":",","525":"E","526":"A","527":"A","528":"E","529":";","530":"M","531":"A","532":"C","533":"j","534":"B","535":";","536":"M","537":"A","538":"C","539":"A","540":",","541":"O","542":"A","543":"A","544":"O","545":",","546":"K","547":"A","548":"A","549":"K","550":";","551":"I","552":"A","553":"C","554":"d","555":",","556":"C","557":"A","558":"A","559":"C","560":",","561":"C","562":"A","563":"A","564":"C","565":";","566":"I","567":"A","568":"C","569":"F","570":",","571":"O","572":"A","573":"A","574":"O","575":";","576":"M","577":"A","578":"C","579":"L","580":";","581":"I","582":"A","583":"C","584":"F","585":",","586":"C","587":"A","588":"A","589":"C","590":";","591":"E","592":"A","593":"C","594":"H","595":";","596":"A","597":"A","598":"C","599":"F","600":",","601":"C","602":"A","603":"A","604":"C","605":"\"","606":",","607":"\"","608":"f","609":"i","610":"l","611":"e","612":"\"","613":":","614":"\"","615":"D","616":":","617":"\\","618":"\\","619":"a","620":"d","621":"m","622":"i","623":"n","624":"v","625":"u","626":"e","627":"\\","628":"\\","629":"F","630":"i","631":"n","632":"a","633":"l","634":"\\","635":"\\","636":"s","637":"r","638":"c","639":"\\","640":"\\","641":"c","642":"o","643":"m","644":"p","645":"o","646":"n","647":"e","648":"n","649":"t","650":"s","651":"\\","652":"\\","653":"l","654":"a","655":"y","656":"o","657":"u","658":"t","659":"\\","660":"\\","661":"B","662":"r","663":"e","664":"a","665":"d","666":"C","667":"r","668":"u","669":"m","670":"b","671":".","672":"v","673":"u","674":"e","675":"\"","676":",","677":"\"","678":"s","679":"o","680":"u","681":"r","682":"c","683":"e","684":"s","685":"C","686":"o","687":"n","688":"t","689":"e","690":"n","691":"t","692":"\"","693":":","694":"[","695":"\"","696":"<","697":"t","698":"e","699":"m","700":"p","701":"l","702":"a","703":"t","704":"e","705":">","706":"\\","707":"r","708":"\\","709":"n","710":" ","711":" ","712":"<","713":"n","714":"a","715":"v","716":" ","717":"c","718":"l","719":"a","720":"s","721":"s","722":"=","723":"\\","724":"\"","725":"b","726":"r","727":"e","728":"a","729":"d","730":"c","731":"r","732":"u","733":"m","734":"b","735":"\\","736":"\"","737":">","738":"\\","739":"r","740":"\\","741":"n","742":" ","743":" ","744":" ","745":" ","746":"<","747":"!","748":"-","749":"-","750":" ","751":"C","752":"l","753":"i","754":"c","755":"k","756":"i","757":"n","758":"g","759":" ","760":"H","761":"o","762":"m","763":"e","764":" ","765":"→","766":" ","767":"g","768":"o","769":"e","770":"s","771":" ","772":"b","773":"a","774":"c","775":"k","776":" ","777":"t","778":"o","779":" ","780":"C","781":"o","782":"a","783":"c","784":"h","785":"F","786":"i","787":"l","788":"t","789":"e","790":"r","791":" ","792":"-","793":"-","794":">","795":"\\","796":"r","797":"\\","798":"n","799":" ","800":" ","801":" ","802":" ","803":"<","804":"r","805":"o","806":"u","807":"t","808":"e","809":"r","810":"-","811":"l","812":"i","813":"n","814":"k","815":" ","816":":","817":"t","818":"o","819":"=","820":"\\","821":"\"","822":"{","823":" ","824":"n","825":"a","826":"m","827":"e","828":":","829":" ","830":"'","831":"h","832":"o","833":"m","834":"e","835":"'","836":" ","837":"}","838":"\\","839":"\"","840":">","841":"H","842":"o","843":"m","844":"e","845":"<","846":"/","847":"r","848":"o","849":"u","850":"t","851":"e","852":"r","853":"-","854":"l","855":"i","856":"n","857":"k","858":">","859":"\\","860":"r","861":"\\","862":"n","863":" ","864":" ","865":" ","866":" ","867":"<","868":"s","869":"p","870":"a","871":"n","872":" ","873":"c","874":"l","875":"a","876":"s","877":"s","878":"=","879":"\\","880":"\"","881":"s","882":"e","883":"p","884":"a","885":"r","886":"a","887":"t","888":"o","889":"r","890":"\\","891":"\"","892":">","893":" ","894":"/","895":" ","896":"<","897":"/","898":"s","899":"p","900":"a","901":"n","902":">","903":"\\","904":"r","905":"\\","906":"n","907":" ","908":" ","909":" ","910":" ","911":"<","912":"s","913":"p","914":"a","915":"n","916":" ","917":"c","918":"l","919":"a","920":"s","921":"s","922":"=","923":"\\","924":"\"","925":"c","926":"u","927":"r","928":"r","929":"e","930":"n","931":"t","932":"\\","933":"\"","934":">","935":"{","936":"{","937":" ","938":"l","939":"a","940":"b","941":"e","942":"l","943":" ","944":"}","945":"}","946":"<","947":"/","948":"s","949":"p","950":"a","951":"n","952":">","953":"\\","954":"r","955":"\\","956":"n","957":" ","958":" ","959":"<","960":"/","961":"n","962":"a","963":"v","964":">","965":"\\","966":"r","967":"\\","968":"n","969":"<","970":"/","971":"t","972":"e","973":"m","974":"p","975":"l","976":"a","977":"t","978":"e","979":">","980":"\\","981":"r","982":"\\","983":"n","984":"\\","985":"r","986":"\\","987":"n","988":"<","989":"s","990":"c","991":"r","992":"i","993":"p","994":"t","995":">","996":"\\","997":"r","998":"\\","999":"n","1000":"i","1001":"m","1002":"p","1003":"o","1004":"r","1005":"t","1006":" ","1007":"{","1008":" ","1009":"u","1010":"s","1011":"e","1012":"R","1013":"o","1014":"u","1015":"t","1016":"e","1017":" ","1018":"}","1019":" ","1020":"f","1021":"r","1022":"o","1023":"m","1024":" ","1025":"'","1026":"v","1027":"u","1028":"e","1029":"-","1030":"r","1031":"o","1032":"u","1033":"t","1034":"e","1035":"r","1036":"'","1037":";","1038":"\\","1039":"r","1040":"\\","1041":"n","1042":"i","1043":"m","1044":"p","1045":"o","1046":"r","1047":"t","1048":" ","1049":"{","1050":" ","1051":"c","1052":"o","1053":"m","1054":"p","1055":"u","1056":"t","1057":"e","1058":"d","1059":" ","1060":"}","1061":" ","1062":"f","1063":"r","1064":"o","1065":"m","1066":" ","1067":"'","1068":"v","1069":"u","1070":"e","1071":"'","1072":";","1073":"\\","1074":"r","1075":"\\","1076":"n","1077":"e","1078":"x","1079":"p","1080":"o","1081":"r","1082":"t","1083":" ","1084":"d","1085":"e","1086":"f","1087":"a","1088":"u","1089":"l","1090":"t","1091":" ","1092":"{","1093":"\\","1094":"r","1095":"\\","1096":"n","1097":" ","1098":" ","1099":"s","1100":"e","1101":"t","1102":"u","1103":"p","1104":"(","1105":")","1106":" ","1107":"{","1108":"\\","1109":"r","1110":"\\","1111":"n","1112":" ","1113":" ","1114":" ","1115":" ","1116":"c","1117":"o","1118":"n","1119":"s","1120":"t","1121":" ","1122":"r","1123":"o","1124":"u","1125":"t","1126":"e","1127":" ","1128":"=","1129":" ","1130":"u","1131":"s","1132":"e","1133":"R","1134":"o","1135":"u","1136":"t","1137":"e","1138":"(","1139":")","1140":";","1141":"\\","1142":"r","1143":"\\","1144":"n","1145":" ","1146":" ","1147":" ","1148":" ","1149":"c","1150":"o","1151":"n","1152":"s","1153":"t","1154":" ","1155":"l","1156":"a","1157":"b","1158":"e","1159":"l","1160":" ","1161":"=","1162":" ","1163":"c","1164":"o","1165":"m","1166":"p","1167":"u","1168":"t","1169":"e","1170":"d","1171":"(","1172":"(","1173":")","1174":" ","1175":"=","1176":">","1177":" ","1178":"{","1179":"\\","1180":"r","1181":"\\","1182":"n","1183":" ","1184":" ","1185":" ","1186":" ","1187":" ","1188":" ","1189":"c","1190":"o","1191":"n","1192":"s","1193":"t","1194":" ","1195":"f","1196":"i","1197":"l","1198":"t","1199":"e","1200":"r","1201":" ","1202":"=","1203":" ","1204":"r","1205":"o","1206":"u","1207":"t","1208":"e","1209":".","1210":"p","1211":"a","1212":"r","1213":"a","1214":"m","1215":"s","1216":".","1217":"f","1218":"i","1219":"l","1220":"t","1221":"e","1222":"r","1223":";","1224":"\\","1225":"r","1226":"\\","1227":"n","1228":" ","1229":" ","1230":" ","1231":" ","1232":" ","1233":" ","1234":"c","1235":"o","1236":"n","1237":"s","1238":"t","1239":" ","1240":"i","1241":"d","1242":" ","1243":"=","1244":" ","1245":"r","1246":"o","1247":"u","1248":"t","1249":"e","1250":".","1251":"p","1252":"a","1253":"r","1254":"a","1255":"m","1256":"s","1257":".","1258":"i","1259":"d","1260":";","1261":"\\","1262":"r","1263":"\\","1264":"n","1265":" ","1266":" ","1267":" ","1268":" ","1269":" ","1270":" ","1271":"c","1272":"o","1273":"n","1274":"s","1275":"t","1276":" ","1277":"p","1278":"n","1279":"a","1280":"m","1281":"e","1282":" ","1283":"=","1284":" ","1285":"r","1286":"o","1287":"u","1288":"t","1289":"e","1290":".","1291":"n","1292":"a","1293":"m","1294":"e","1295":";","1296":"\\","1297":"r","1298":"\\","1299":"n","1300":" ","1301":" ","1302":" ","1303":" ","1304":" ","1305":" ","1306":"i","1307":"f","1308":" ","1309":"(","1310":"f","1311":"i","1312":"l","1313":"t","1314":"e","1315":"r","1316":")","1317":" ","1318":"{","1319":"\\","1320":"r","1321":"\\","1322":"n","1323":" ","1324":" ","1325":" ","1326":" ","1327":" ","1328":" ","1329":" ","1330":" ","1331":"r","1332":"e","1333":"t","1334":"u","1335":"r","1336":"n","1337":" ","1338":"f","1339":"i","1340":"l","1341":"t","1342":"e","1343":"r","1344":".","1345":"c","1346":"h","1347":"a","1348":"r","1349":"A","1350":"t","1351":"(","1352":"0","1353":")","1354":".","1355":"t","1356":"o","1357":"U","1358":"p","1359":"p","1360":"e","1361":"r","1362":"C","1363":"a","1364":"s","1365":"e","1366":"(","1367":")","1368":" ","1369":"+","1370":" ","1371":"f","1372":"i","1373":"l","1374":"t","1375":"e","1376":"r","1377":".","1378":"s","1379":"l","1380":"i","1381":"c","1382":"e","1383":"(","1384":"1","1385":")","1386":";","1387":"\\","1388":"r","1389":"\\","1390":"n","1391":" ","1392":" ","1393":" ","1394":" ","1395":" ","1396":" ","1397":"}","1398":" ","1399":"e","1400":"l","1401":"s","1402":"e","1403":" ","1404":"i","1405":"f","1406":" 
[...]
e","4705":",","4706":"\\","4707":"r","4708":"\\","4709":"n","4710":" ","4711":" ","4712":" ","4713":" ","4714":"}","4715":")","4716":";","4717":"\\","4718":"r","4719":"\\","4720":"n","4721":" ","4722":" ","4723":" ","4724":" ","4725":"l","4726":"e","4727":"t","4728":" ","4729":"i","4730":"s","4731":"F","4732":"o","4733":"r","4734":"m","4735":"V","4736":"a","4737":"l","4738":"i","4739":"d","4740":" ","4741":"=","4742":" ","4743":"r","4744":"e","4745":"f","4746":"(","4747":"t","4748":"r","4749":"u","4750":"e","4751":")","4752":";","4753":"\\","4754":"r","4755":"\\","4756":"n","4757":" ","4758":" ","4759":" ","4760":" ","4761":"f","4762":"u","4763":"n","4764":"c","4765":"t","4766":"i","4767":"o","4768":"n","4769":" ","4770":"c","4771":"l","4772":"e","4773":"a","4774":"r","4775":"V","4776":"a","4777":"l","4778":"d","4779":"i","4780":"t","4781":"y","4782":"(","4783":"i","4784":"n","4785":"p","4786":"u","4787":"t","4788":")","4789":" ","4790":"{","4791":"\\","4792":"r","4793":"\\","4794":"n","4795":" ","4796":" ","4797":" ","4798":" ","4799":" ","4800":" ","4801":"i","4802":"f","4803":" ","4804":"(","4805":"i","4806":"n","4807":"p","4808":"u","4809":"t","4810":" ","4811":"=","4812":"=","4813":"=","4814":" ","4815":"'","4816":"e","4817":"m","4818":"a","4819":"i","4820":"l","4821":"'","4822":")","4823":" ","4824":"{","4825":"\\","4826":"r","4827":"\\","4828":"n","4829":" ","4830":" ","4831":" ","4832":" ","4833":" ","4834":" ","4835":" ","4836":" ","4837":"e","4838":"m","4839":"a","4840":"i","4841":"l","4842":".","4843":"i","4844":"s","4845":"V","4846":"a","4847":"l","4848":"i","4849":"d","4850":" ","4851":"=","4852":" ","4853":"t","4854":"r","4855":"u","4856":"e","4857":";","4858":"\\","4859":"r","4860":"\\","4861":"n","4862":" ","4863":" ","4864":" ","4865":" ","4866":" ","4867":" ","4868":"}","4869":"\\","4870":"r","4871":"\\","4872":"n","4873":" ","4874":" ","4875":" ","4876":" ","4877":" ","4878":" ","4879":"i","4880":"f","4881":" ","4882":"(","4883":"i","4884":"n","4885":"p","4886":"u","4887":"t","4888":" ","4889":"=","4890":"=","4891":"=","4892":" ","4893":"'","4894":"m","4895":"s","4896":"g","4897":"'","4898":")","4899":" ","4900":"{","4901":"\\","4902":"r","4903":"\\","4904":"n","4905":" ","4906":" ","4907":" ","4908":" ","4909":" ","4910":" ","4911":" ","4912":" ","4913":"m","4914":"s","4915":"g","4916":".","4917":"i","4918":"s","4919":"V","4920":"a","4921":"l","4922":"i","4923":"d","4924":" ","4925":"=","4926":" ","4927":"t","4928":"r","4929":"u","4930":"e","4931":";","4932":"\\","4933":"r","4934":"\\","4935":"n","4936":" ","4937":" ","4938":" ","4939":" ","4940":" ","4941":" ","4942":"}","4943":"\\","4944":"r","4945":"\\","4946":"n","4947":" ","4948":" ","4949":" ","4950":" ","4951":" ","4952":" ","4953":"i","4954":"s","4955":"F","4956":"o","4957":"r","4958":"m","4959":"V","4960":"a","4961":"l","4962":"i","4963":"d","4964":".","4965":"v","4966":"a","4967":"l","4968":"u","4969":"e","4970":" ","4971":"=","4972":" ","4973":"t","4974":"r","4975":"u","4976":"e","4977":";","4978":"\\","4979":"r","4980":"\\","4981":"n","4982":" ","4983":" ","4984":" ","4985":" ","4986":"}","4987":"\\","4988":"r","4989":"\\","4990":"n","4991":" ","4992":" ","4993":" ","4994":" ","4995":"/","4996":"/","4997":"v","4998":"a","4999":"l","5000":"i","5001":"a","5002":"d","5003":"t","5004":"i","5005":"o","5006":"n","5007":" ","5008":"f","5009":"o","5010":"r","5011":"m","5012":"\\","5013":"r","5014":"\\","5015":"n","5016":" ","5017":" ","5018":" ","5019":" ","5020":"f","5021":"u","5022":"n","5023":"c","5024":"t","5025":"i","5026":"o","5027":"n","5028":" ","5029":"V","5030":"a","5031":"l","5032":"i","5033":"d","5034":"a","5035":"t","5036":"e","5037":"F","5038":"o","5039":"r","5040":"m","5041":"(","5042":")","5043":" ","5044":"{","5045":"\\","5046":"r","5047":"\\","5048":"n","5049":" ","5050":" ","5051":" ","5052":" ","5053":" ","5054":" ","5055":"i","5056":"f","5057":" ","5058":"(","5059":"e","5060":"m","5061":"a","5062":"i","5063":"l","5064":".","5065":"v","5066":"a","5067":"l","5068":"u","5069":"e","5070":" ","5071":"=","5072":"=","5073":"=","5074":" ","5075":"'","5076":"'","5077":")","5078":" ","5079":"{","5080":"\\","5081":"r","5082":"\\","5083":"n","5084":" ","5085":" ","5086":" ","5087":" ","5088":" ","5089":" ","5090":" ","5091":" ","5092":"e","5093":"m","5094":"a","5095":"i","5096":"l","5097":".","5098":"i","5099":"s","5100":"V","5101":"a","5102":"l","5103":"i","5104":"d","5105":" ","5106":"=","5107":" ","5108":"f","5109":"a","5110":"l","5111":"s","5112":"e","5113":";","5114":"\\","5115":"r","5116":"\\","5117":"n","5118":" ","5119":" ","5120":" ","5121":" ","5122":" ","5123":" ","5124":" ","5125":" ","5126":"i","5127":"s","5128":"F","5129":"o","5130":"r","5131":"m","5132":"V","5133":"a","5134":"l","5135":"i","5136":"d","5137":".","5138":"v","5139":"a","5140":"l","5141":"u","5142":"e","5143":" ","5144":"=","5145":" ","5146":"f","5147":"a","5148":"l","5149":"s","5150":"e","5151":";","5152":"\\","5153":"r","5154":"\\","5155":"n","5156":" ","5157":" ","5158":" ","5159":" ","5160":" ","5161":" ","5162":"}","5163":"\\","5164":"r","5165":"\\","5166":"n","5167":" ","5168":" ","5169":" ","5170":" ","5171":" ","5172":" ","5173":"i","5174":"f","5175":" ","5176":"(","5177":"m","5178":"s","5179":"g","5180":".","5181":"v","5182":"a","5183":"l","5184":"u","5185":"e","5186":" ","5187":"=","5188":"=","5189":"=","5190":" ","5191":"'","5192":"'","5193":")","5194":" ","5195":"{","5196":"\\","5197":"r","5198":"\\","5199":"n","5200":" ","5201":" ","5202":" ","5203":" ","5204":" ","5205":" ","5206":" ","5207":" ","5208":"m","5209":"s","5210":"g","5211":".","5212":"i","5213":"s","5214":"V","5215":"a","5216":"l","5217":"i","5218":"d","5219":" ","5220":"=","5221":" ","5222":"f","5223":"a","5224":"l","5225":"s","5226":"e","5227":";","5228":"\\","5229":"r","5230":"\\","5231":"n","5232":" ","5233":" ","5234":" ","5235":" ","5236":" ","5237":" ","5238":" ","5239":" ","5240":"i","5241":"s","5242":"F","5243":"o","5244":"r","5245":"m","5246":"V","5247":"a","5248":"l","5249":"i","5250":"d","5251":".","5252":"v","5253":"a","5254":"l","5255":"u","5256":"e","5257":" ","5258":"=","5259":" ","5260":"f","5261":"a","5262":"l","5263":"s","5264":"e","5265":";","5266":"\\","5267":"r","5268":"\\","5269":"n","5270":" ","5271":" ","5272":" ","5273":" ","5274":" ","5275":" ","5276":"}","5277":"\\","5278":"r","5279":"\\","5280":"n","5281":" ","5282":" ","5283":" ","5284":" ","5285":"}","5286":"\\","5287":"r","5288":"\\","5289":"n","5290":" ","5291":" ","5292":" ","5293":" ","5294":"/","5295":"/","5296":"s","5297":"u","5298":"b","5299":"m","5300":"i","5301":"t","5302":" ","5303":"f","5304":"o","5305":"r","5306":"m","5307":" ","5308":"l","5309":"o","5310":"g","5311":"i","5312":"c","5313":"\\","5314":"r","5315":"\\","5316":"n","5317":" ","5318":" ","5319":" ","5320":" ","5321":"f","5322":"u","5323":"n","5324":"c","5325":"t","5326":"i","5327":"o","5328":"n","5329":" ","5330":"s","5331":"a","5332":"v","5333":"e","5334":"D","5335":"a","5336":"t","5337":"a","5338":"(","5339":")","5340":" ","5341":"{","5342":"\\","5343":"r","5344":"\\","5345":"n","5346":" ","5347":" ","5348":" ","5349":" ","5350":" ","5351":" ","5352":"i","5353":"s","5354":"F","5355":"o","5356":"r","5357":"m","5358":"V","5359":"a","5360":"l","5361":"i","5362":"d","5363":".","5364":"v","5365":"a","5366":"l","5367":"u","5368":"e","5369":" ","5370":"=","5371":" ","5372":"t","5373":"r","5374":"u","5375":"e","5376":";","5377":"\\","5378":"r","5379":"\\","5380":"n","5381":" ","5382":" ","5383":" ","5384":" ","5385":" ","5386":" ","5387":"V","5388":"a","5389":"l","5390":"i","5391":"d","5392":"a","5393":"t","5394":"e","5395":"F","5396":"o","5397":"r","5398":"m","5399":"(","5400":")","5401":";","5402":"\\","5403":"r","5404":"\\","5405":"n","5406":" ","5407":" ","5408":" ","5409":" ","5410":" ","5411":" ","5412":"i","5413":"f","5414":" ","5415":"(","5416":"!","5417":"i","5418":"s","5419":"F","5420":"o","5421":"r","5422":"m","5423":"V","5424":"a","5425":"l","5426":"i","5427":"d","5428":".","5429":"v","5430":"a","5431":"l","5432":"u","5433":"e","5434":")","5435":" ","5436":"{","5437":"\\","5438":"r","5439":"\\","5440":"n","5441":" ","5442":" ","5443":" ","5444":" ","5445":" ","5446":" ","5447":" ","5448":" ","5449":"r","5450":"e","5451":"t","5452":"u","5453":"r","5454":"n","5455":";","5456":"\\","5457":"r","5458":"\\","5459":"n","5460":" ","5461":" ","5462":" ","5463":" ","5464":" ","5465":" ","5466":"}","5467":"\\","5468":"r","5469":"\\","5470":"n","5471":" ","5472":" ","5473":" ","5474":" ","5475":" ","5476":" ","5477":"s","5478":"t","5479":"o","5480":"r","5481":"e","5482":".","5483":"d","5484":"i","5485":"s","5486":"p","5487":"a","5488":"t","5489":"c","5490":"h","5491":"(","5492":"'","5493":"c","5494":"o","5495":"n","5496":"t","5497":"a","5498":"c","5499":"t","5500":"M","5501":"o","5502":"d","5503":"/","5504":"a","5505":"d","5506":"d","5507":"M","5508":"s","5509":"g","5510":"'","5511":",","5512":" ","5513":"{","5514":"\\","5515":"r","5516":"\\","5517":"n","5518":" ","5519":" ","5520":" ","5521":" ","5522":" ","5523":" ","5524":" ","5525":" ","5526":"e","5527":"m","5528":"a","5529":"i","5530":"l","5531":":","5532":" ","5533":"e","5534":"m","5535":"a","5536":"i","5537":"l","5538":".","5539":"v","5540":"a","5541":"l","5542":"u","5543":"e","5544":",","5545":"\\","5546":"r","5547":"\\","5548":"n","5549":" ","5550":" ","5551":" ","5552":" ","5553":" ","5554":" ","5555":" ","5556":" ","5557":"m","5558":"s","5559":"g","5560":":","5561":" ","5562":"m","5563":"s","5564":"g","5565":".","5566":"v","5567":"a","5568":"l","5569":"u","5570":"e","5571":",","5572":"\\","5573":"r","5574":"\\","5575":"n","5576":" ","5577":" ","5578":" ","5579":" ","5580":" ","5581":" ","5582":" ","5583":" ","5584":"c","5585":"o","5586":"a","5587":"c","5588":"h","5589":"I","5590":"d","5591":":","5592":" ","5593":"r","5594":"o","5595":"u","5596":"t","5597":"e","5598":".","5599":"p","5600":"a","5601":"r","5602":"a","5603":"m","5604":"s","5605":".","5606":"i","5607":"d","5608":",","5609":"\\","5610":"r","5611":"\\","5612":"n","5613":" ","5614":" ","5615":" ","5616":" ","5617":" ","5618":" ","5619":"}","5620":")","5621":";","5622":"\\","5623":"r","5624":"\\","5625":"n","5626":" ","5627":" ","5628":" ","5629":" ","5630":" ","5631":" ","5632":"c","5633":"o","5634":"n","5635":"s","5636":"t","5637":" ","5638":"t","5639":"o","5640":"a","5641":"s","5642":"t","5643":"E","5644":"l","5645":" ","5646":"=","5647":" ","5648":"d","5649":"o","5650":"c","5651":"u","5652":"m","5653":"e","5654":"n","5655":"t","5656":".","5657":"g","5658":"e","5659":"t","5660":"E","5661":"l","5662":"e","5663":"m","5664":"e","5665":"n","5666":"t","5667":"B","5668":"y","5669":"I","5670":"d","5671":"(","5672":"'","5673":"t","5674":"o","5675":"a","5676":"s","5677":"t","5678":"D","5679":"e","5680":"f","5681":"a","5682":"u","5683":"l","5684":"t","5685":"'","5686":")","5687":";","5688":"\\","5689":"r","5690":"\\","5691":"n","5692":" ","5693":" ","5694":" ","5695":" ","5696":" ","5697":" ","5698":"c","5699":"o","5700":"n","5701":"s","5702":"t","5703":" ","5704":"t","5705":"o","5706":"a","5707":"s","5708":"t","5709":" ","5710":"=","5711":" ","5712":"n","5713":"e","5714":"w","5715":" ","5716":"w","5717":"i","5718":"n","5719":"d","5720":"o","5721":"w","5722":".","5723":"b","5724":"o","5725":"o","5726":"t","5727":"s","5728":"t","5729":"r","5730":"a","5731":"p","5732":".","5733":"T","5734":"o","5735":"a","5736":"s","5737":"t","5738":"(","5739":"t","5740":"o","5741":"a","5742":"s","5743":"t","5744":"E","5745":"l","5746":")","5747":";","5748":"\\","5749":"r","5750":"\\","5751":"n","5752":" ","5753":" ","5754":" ","5755":" ","5756":" ","5757":" ","5758":"t","5759":"o","5760":"a","5761":"s","5762":"t","5763":".","5764":"s","5765":"h","5766":"o","5767":"w","5768":"(","5769":")","5770":";","5771":"\\","5772":"r","5773":"\\","5774":"n","5775":" ","5776":" ","5777":" ","5778":" ","5779":" ","5780":" ","5781":"e","5782":"m","5783":"a","5784":"i","5785":"l","5786":".","5787":"v","5788":"a","5789":"l","5790":"u","5791":"e","5792":" ","5793":"=","5794":" ","5795":"'","5796":"'","5797":";","5798":"\\","5799":"r","5800":"\\","5801":"n","5802":" ","5803":" ","5804":" ","5805":" ","5806":" ","5807":" ","5808":"e","5809":"m","5810":"a","5811":"i","5812":"l","5813":".","5814":"i","5815":"s","5816":"V","5817":"a","5818":"l","5819":"i","5820":"d","5821":" ","5822":"=","5823":" ","5824":"t","5825":"r","5826":"u","5827":"e","5828":";","5829":"\\","5830":"r","5831":"\\","5832":"n","5833":" ","5834":" ","5835":" ","5836":" ","5837":" ","5838":" ","5839":"m","5840":"s","5841":"g","5842":".","5843":"v","5844":"a","5845":"l","5846":"u","5847":"e","5848":" ","5849":"=","5850":" ","5851":"'","5852":"'","5853":";","5854":"\\","5855":"r","5856":"\\","5857":"n","5858":" ","5859":" ","5860":" ","5861":" ","5862":" ","5863":" ","5864":"m","5865":"s","5866":"g","5867":".","5868":"i","5869":"s","5870":"V","5871":"a","5872":"l","5873":"i","5874":"d","5875":" ","5876":"=","5877":" ","5878":"t","5879":"r","5880":"u","5881":"e","5882":";","5883":"\\","5884":"r","5885":"\\","5886":"n","5887":" ","5888":" ","5889":" ","5890":" ","5891":"}","5892":"\\","5893":"r","5894":"\\","5895":"n","5896":" ","5897":" ","5898":" ","5899":" ","5900":"r","5901":"e","5902":"t","5903":"u","5904":"r","5905":"n","5906":" ","5907":"{","5908":"\\","5909":"r","5910":"\\","5911":"n","5912":" ","5913":" ","5914":" ","5915":" ","5916":" ","5917":" ","5918":"e","5919":"m","5920":"a","5921":"i","5922":"l","5923":",","5924":"\\","5925":"r","5926":"\\","5927":"n","5928":" ","5929":" ","5930":" ","5931":" ","5932":" ","5933":" ","5934":"m","5935":"s","5936":"g","5937":",","5938":"\\","5939":"r","5940":"\\","5941":"n","5942":" ","5943":" ","5944":" ","5945":" ","5946":" ","5947":" ","5948":"i","5949":"s","5950":"F","5951":"o","5952":"r","5953":"m","5954":"V","5955":"a","5956":"l","5957":"i","5958":"d","5959":",","5960":"\\","5961":"r","5962":"\\","5963":"n","5964":" ","5965":" ","5966":" ","5967":" ","5968":" ","5969":" ","5970":"c","5971":"l","5972":"e","5973":"a","5974":"r","5975":"V","5976":"a","5977":"l","5978":"d","5979":"i","5980":"t","5981":"y","5982":",","5983":"\\","5984":"r","5985":"\\","5986":"n","5987":" ","5988":" ","5989":" ","5990":" ","5991":" ","5992":" ","5993":"V","5994":"a","5995":"l","5996":"i","5997":"d","5998":"a","5999":"t","6000":"e","6001":"F","6002":"o","6003":"r","6004":"m","6005":",","6006":"\\","6007":"r","6008":"\\","6009":"n","6010":" ","6011":" ","6012":" ","6013":" ","6014":" ","6015":" ","6016":"s","6017":"a","6018":"v","6019":"e","6020":"D","6021":"a","6022":"t","6023":"a","6024":",","6025":"\\","6026":"r","6027":"\\","6028":"n","6029":" ","6030":" ","6031":" ","6032":" ","6033":"}","6034":";","6035":"\\","6036":"r","6037":"\\","6038":"n","6039":" ","6040":" ","6041":"}","6042":",","6043":"\\","6044":"r","6045":"\\","6046":"n","6047":"}","6048":";","6049":"\\","6050":"r","6051":"\\","6052":"n","6053":"<","6054":"/","6055":"s","6056":"c","6057":"r","6058":"i","6059":"p","6060":"t","6061":">","6062":"\\","6063":"r","6064":"\\","6065":"n","6066":"\\","6067":"r","6068":"\\","6069":"n","6070":"<","6071":"s","6072":"t","6073":"y","6074":"l","6075":"e","6076":" ","6077":"s","6078":"c","6079":"o","6080":"p","6081":"e","6082":"d","6083":">","6084":"\\","6085":"r","6086":"\\","6087":"n","6088":"i","6089":"n","6090":"p","6091":"u","6092":"t","6093":".","6094":"i","6095":"n","6096":"v","6097":"a","6098":"l","6099":"i","6100":"d","6101":",","6102":"\\","6103":"r","6104":"\\","6105":"n","6106":"t","6107":"e","6108":"x","6109":"t","6110":"a","6111":"r","6112":"e","6113":"a","6114":".","6115":"i","6116":"n","6117":"v","6118":"a","6119":"l","6120":"i","6121":"d","6122":" ","6123":"{","6124":"\\","6125":"r","6126":"\\","6127":"n","6128":" ","6129":" ","6130":"b","6131":"o","6132":"r","6133":"d","6134":"e","6135":"r","6136":":","6137":" ","6138":"1","6139":"p","6140":"x","6141":" ","6142":"s","6143":"o","6144":"l","6145":"i","6146":"d","6147":" ","6148":"r","6149":"e","6150":"d","6151":";","6152":"\\","6153":"r","6154":"\\","6155":"n","6156":"}","6157":"\\","6158":"r","6159":"\\","6160":"n","6161":"\\","6162":"r","6163":"\\","6164":"n","6165":".","6166":"f","6167":"i","6168":"e","6169":"l","6170":"d","6171":"-","6172":"w","6173":"r","6174":"a","6175":"p","6176":" ","6177":"{","6178":"\\","6179":"r","6180":"\\","6181":"n","6182":" ","6183":" ","6184":"p","6185":"o","6186":"s","6187":"i","6188":"t","6189":"i","6190":"o","6191":"n","6192":":","6193":" ","6194":"r","6195":"e","6196":"l","6197":"a","6198":"t","6199":"i","6200":"v","6201":"e","6202":";","6203":"\\","6204":"r","6205":"\\","6206":"n","6207":"}","6208":"\\","6209":"r","6210":"\\","6211":"n","6212":"\\","6213":"r","6214":"\\","6215":"n","6216":".","6217":"f","6218":"i","6219":"e","6220":"l","6221":"d","6222":"-","6223":"e","6224":"r","6225":"r","6226":"o","6227":"r","6228":" ","6229":"{","6230":"\\","6231":"r","6232":"\\","6233":"n","6234":" ","6235":" ","6236":"m","6237":"a","6238":"r","6239":"g","6240":"i","6241":"n","6242":":","6243":" ","6244":"0","6245":";","6246":"\\","6247":"r","6248":"\\","6249":"n","6250":" ","6251":" ","6252":"p","6253":"a","6254":"d","6255":"d","6256":"i","6257":"n","6258":"g","6259":":","6260":" ","6261":"0","6262":";","6263":"\\","6264":"r","6265":"\\","6266":"n","6267":" ","6268":" ","6269":"m","6270":"i","6271":"n","6272":"-","6273":"h","6274":"e","6275":"i","6276":"g","6277":"h","6278":"t","6279":":","6280":" ","6281":"1","6282":"r","6283":"e","6284":"m","6285":";","6286":"\\","6287":"r","6288":"\\","6289":"n","6290":" ","6291":" ","6292":"f","6293":"o","6294":"n","6295":"t","6296":"-","6297":"s","6298":"i","6299":"z","6300":"e","6301":":","6302":" ","6303":"0","6304":".","6305":"7","6306":"5","6307":"r","6308":"e","6309":"m","6310":";","6311":"\\","6312":"r","6313":"\\","6314":"n","6315":" ","6316":" ","6317":"c","6318":"o","6319":"l","6320":"o","6321":"r","6322":":","6323":" ","6324":"#","6325":"d","6326":"c","6327":"3","6328":"5","6329":"4","6330":"5","6331":";","6332":"\\","6333":"r","6334":"\\","6335":"n","6336":" ","6337":" ","6338":"v","6339":"i","6340":"s","6341":"i","6342":"b","6343":"i","6344":"l","6345":"i","6346":"t","6347":"y","6348":":","6349":" ","6350":"h","6351":"i","6352":"d","6353":"d","6354":"e","6355":"n","6356":";","6357":"\\","6358":"r","6359":"\\","6360":"n","6361":" ","6362":" ","6363":"l","6364":"i","6365":"n","6366":"e","6367":"-","6368":"h","6369":"e","6370":"i","6371":"g","6372":"h","6373":"t","6374":":","6375":" ","6376":"1","6377":"r","6378":"e","6379":"m","6380":";","6381":"\\","6382":"r","6383":"\\","6384":"n","6385":"}","6386":"\\","6387":"r","6388":"\\","6389":"n","6390":"\\","6391":"r","6392":"\\","6393":"n","6394":".","6395":"f","6396":"i","6397":"e","6398":"l","6399":"d","6400":"-","6401":"e","6402":"r","6403":"r","6404":"o","6405":"r","6406":".","6407":"v","6408":"i","6409":"s","6410":"i","6411":"b","6412":"l","6413":"e","6414":" ","6415":"{","6416":"\\","6417":"r","6418":"\\","6419":"n","6420":" ","6421":" ","6422":"v","6423":"i","6424":"s","6425":"i","6426":"b","6427":"i","6428":"l","6429":"i","6430":"t","6431":"y","6432":":","6433":" ","6434":"v","6435":"i","6436":"s","6437":"i","6438":"b","6439":"l","6440":"e","6441":";","6442":"\\","6443":"r","6444":"\\","6445":"n","6446":"}","6447":"\\","6448":"r","6449":"\\","6450":"n","6451":"<","6452":"/","6453":"s","6454":"t","6455":"y","6456":"l","6457":"e","6458":">","6459":"\\","6460":"r","6461":"\\","6462":"n","6463":"\"","6464":"]","6465":"}"},"_coverageSchema":"1a1c01bbd47fc00a2c39e90264f33305004495a9","hash":"778a09a9d4359bf7d7e2eaef2b2eab1c734c02e3"}
,"D:\\adminvue\\Final\\tests\\unit\\fileMock.js": {"path":"D:\\adminvue\\Final\\tests\\unit\\fileMock.js","statementMap":{"0":{"start":{"line":2,"column":0},"end":{"line":2,"column":34}}},"fnMap":{},"branchMap":{},"s":{"0":1},"f":{},"b":{},"_coverageSchema":"1a1c01bbd47fc00a2c39e90264f33305004495a9","hash":"ae849b0895578bef80d118180bc34f43ee100481"}
}
