{"D:\\adminvue\\Final\\src\\components\\CoachItem.vue": {"path":"D:\\adminvue\\Final\\src\\components\\CoachItem.vue","statementMap":{"0":{"start":{"line":3,"column":0},"end":{"line":5,"column":3}},"1":{"start":{"line":6,"column":0},"end":{"line":6,"column":25}},"2":{"start":{"line":7,"column":15},"end":{"line":40,"column":1}},"3":{"start":{"line":12,"column":6},"end":{"line":12,"column":50}},"4":{"start":{"line":15,"column":6},"end":{"line":15,"column":39}},"5":{"start":{"line":20,"column":21},"end":{"line":25,"column":7}},"6":{"start":{"line":26,"column":6},"end":{"line":26,"column":41}},"7":{"start":{"line":29,"column":6},"end":{"line":36,"column":9}},"8":{"start":{"line":37,"column":6},"end":{"line":37,"column":28}},"9":{"start":{"line":41,"column":0},"end":{"line":41,"column":13}},"10":{"start":{"line":43,"column":0},"end":{"line":45,"column":3}},"11":{"start":{"line":46,"column":0},"end":{"line":46,"column":24}},"12":{"start":{"line":47,"column":11},"end":{"line":47,"column":25}},"13":{"start":{"line":48,"column":19},"end":{"line":50,"column":1}},"14":{"start":{"line":51,"column":19},"end":{"line":53,"column":1}},"15":{"start":{"line":54,"column":19},"end":{"line":56,"column":1}},"16":{"start":{"line":58,"column":33},"end":{"line":58,"column":74}},"17":{"start":{"line":59,"column":2},"end":{"line":86,"column":37}},"18":{"start":{"line":60,"column":4},"end":{"line":63,"column":61}},"19":{"start":{"line":70,"column":37},"end":{"line":72,"column":33}},"20":{"start":{"line":77,"column":49},"end":{"line":77,"column":62}},"21":{"start":{"line":83,"column":49},"end":{"line":83,"column":78}},"22":{"start":{"line":87,"column":2},"end":{"line":87,"column":49}}},"fnMap":{"0":{"name":"(anonymous_0)","decl":{"start":{"line":11,"column":4},"end":{"line":11,"column":5}},"loc":{"start":{"line":11,"column":15},"end":{"line":13,"column":5}},"line":11},"1":{"name":"(anonymous_1)","decl":{"start":{"line":14,"column":4},"end":{"line":14,"column":5}},"loc":{"start":{"line":14,"column":17},"end":{"line":16,"column":5}},"line":14},"2":{"name":"(anonymous_2)","decl":{"start":{"line":19,"column":4},"end":{"line":19,"column":5}},"loc":{"start":{"line":19,"column":21},"end":{"line":27,"column":5}},"line":19},"3":{"name":"(anonymous_3)","decl":{"start":{"line":28,"column":4},"end":{"line":28,"column":5}},"loc":{"start":{"line":28,"column":13},"end":{"line":38,"column":5}},"line":28},"4":{"name":"render","decl":{"start":{"line":57,"column":9},"end":{"line":57,"column":15}},"loc":{"start":{"line":57,"column":30},"end":{"line":87,"column":1}},"line":57},"5":{"name":"(anonymous_5)","decl":{"start":{"line":59,"column":509},"end":{"line":59,"column":510}},"loc":{"start":{"line":59,"column":517},"end":{"line":64,"column":3}},"line":59},"6":{"name":"(anonymous_6)","decl":{"start":{"line":70,"column":31},"end":{"line":70,"column":32}},"loc":{"start":{"line":70,"column":37},"end":{"line":72,"column":33}},"line":70},"7":{"name":"(anonymous_7)","decl":{"start":{"line":77,"column":39},"end":{"line":77,"column":40}},"loc":{"start":{"line":77,"column":49},"end":{"line":77,"column":62}},"line":77},"8":{"name":"(anonymous_8)","decl":{"start":{"line":83,"column":39},"end":{"line":83,"column":40}},"loc":{"start":{"line":83,"column":49},"end":{"line":83,"column":78}},"line":83}},"branchMap":{"0":{"loc":{"start":{"line":26,"column":13},"end":{"line":26,"column":40}},"type":"binary-expr","locations":[{"start":{"line":26,"column":13},"end":{"line":26,"column":25}},{"start":{"line":26,"column":29},"end":{"line":26,"column":40}}],"line":26},"1":{"loc":{"start":{"line":64,"column":128},"end":{"line":66,"column":28}},"type":"binary-expr","locations":[{"start":{"line":64,"column":128},"end":{"line":64,"column":137}},{"start":{"line":64,"column":142},"end":{"line":66,"column":27}}],"line":64},"2":{"loc":{"start":{"line":70,"column":42},"end":{"line":72,"column":31}},"type":"binary-expr","locations":[{"start":{"line":70,"column":42},"end":{"line":70,"column":51}},{"start":{"line":70,"column":56},"end":{"line":72,"column":30}}],"line":70},"3":{"loc":{"start":{"line":77,"column":13},"end":{"line":77,"column":63}},"type":"binary-expr","locations":[{"start":{"line":77,"column":13},"end":{"line":77,"column":22}},{"start":{"line":77,"column":27},"end":{"line":77,"column":62}}],"line":77},"4":{"loc":{"start":{"line":78,"column":10},"end":{"line":80,"column":29}},"type":"binary-expr","locations":[{"start":{"line":78,"column":10},"end":{"line":78,"column":19}},{"start":{"line":78,"column":24},"end":{"line":80,"column":28}}],"line":78},"5":{"loc":{"start":{"line":83,"column":13},"end":{"line":83,"column":79}},"type":"binary-expr","locations":[{"start":{"line":83,"column":13},"end":{"line":83,"column":22}},{"start":{"line":83,"column":27},"end":{"line":83,"column":78}}],"line":83},"6":{"loc":{"start":{"line":84,"column":10},"end":{"line":86,"column":29}},"type":"binary-expr","locations":[{"start":{"line":84,"column":10},"end":{"line":84,"column":19}},{"start":{"line":84,"column":24},"end":{"line":86,"column":28}}],"line":84}},"s":{"0":2,"1":2,"2":2,"3":13,"4":13,"5":30,"6":30,"7":1,"8":1,"9":2,"10":2,"11":2,"12":2,"13":2,"14":2,"15":2,"16":14,"17":14,"18":28,"19":0,"20":1,"21":1,"22":2},"f":{"0":13,"1":13,"2":30,"3":1,"4":14,"5":28,"6":0,"7":1,"8":1},"b":{"0":[30,28],"1":[14,13],"2":[0,0],"3":[14,13],"4":[14,13],"5":[14,13],"6":[14,13]},"inputSourceMap":{"0":"{","1":"\"","2":"v","3":"e","4":"r","5":"s","6":"i","7":"o","8":"n","9":"\"","10":":","11":"3","12":",","13":"\"","14":"s","15":"o","16":"u","17":"r","18":"c","19":"e","20":"s","21":"\"","22":":","23":"[","24":"\"","25":"D","26":":","27":"\\","28":"\\","29":"a","30":"d","31":"m","32":"i","33":"n","34":"v","35":"u","36":"e","37":"\\","38":"\\","39":"F","40":"i","41":"n","42":"a","43":"l","44":"\\","45":"\\","46":"s","47":"r","48":"c","49":"\\","50":"\\","51":"c","52":"o","53":"m","54":"p","55":"o","56":"n","57":"e","58":"n","59":"t","60":"s","61":"\\","62":"\\","63":"C","64":"o","65":"a","66":"c","67":"h","68":"I","69":"t","70":"e","71":"m","72":".","73":"v","74":"u","75":"e","76":"\"","77":"]","78":",","79":"\"","80":"n","81":"a","82":"m","83":"e","84":"s","85":"\"","86":":","87":"[","88":"]","89":",","90":"\"","91":"m","92":"a","93":"p","94":"p","95":"i","96":"n","97":"g","98":"s","99":"\"","100":":","101":"\"","102":";","103":";","104":";","105":";","106":";","107":";","108":"i","109":"C","110":"A","111":"2","112":"B","113":"e","114":";","115":"E","116":"A","117":"C","118":"b","119":",","120":"K","121":"A","122":"A","123":"K","124":",","125":"E","126":"A","127":"A","128":"E","129":",","130":"C","131":"A","132":"A","133":"C","134":",","135":"I","136":"A","137":"A","138":"I","139":",","140":"E","141":"A","142":"A","143":"E","144":",","145":"O","146":"A","147":"A","148":"O","149":",","150":"E","151":"A","152":"A","153":"E","154":",","155":"W","156":"A","157":"A","158":"W","159":",","160":"E","161":"A","162":"A","163":"E","164":",","165":"U","166":"A","167":"A","168":"U","169":",","170":"E","171":"A","172":"A","173":"E","174":",","175":"O","176":"A","177":"A","178":"O","179":",","180":"E","181":"A","182":"A","183":"E","184":",","185":"Y","186":"A","187":"A","188":"Y","189":",","190":"E","191":"A","192":"A","193":"E","194":",","195":"a","196":"A","197":"A","198":"a","199":",","200":"C","201":"A","202":"A","203":"C","204":";","205":"E","206":"A","207":"C","208":"r","209":"F","210":",","211":"K","212":"A","213":"A","214":"K","215":",","216":"E","217":"A","218":"A","219":"E","220":",","221":"C","222":"A","223":"A","224":"C","225":",","226":"M","227":"A","228":"A","229":"M","230":",","231":"E","232":"A","233":"A","234":"E","235":",","236":"Q","237":"A","238":"A","239":"Q","240":",","241":"C","242":"A","243":"A","244":"C","245":";","246":"E","247":"A","248":"C","249":"z","250":"B","251":",","252":"Q","253":"A","254":"A","255":"Q","256":",","257":"E","258":"A","259":"A","260":"E","261":";","262":"I","263":"A","264":"C","265":"R","266":",","267":"Q","268":"A","269":"A","270":"Q","271":",","272":"G","273":"A","274":"A","275":"G","276":";","277":"M","278":"A","279":"C","280":"T","281":",","282":"O","283":"A","284":"A","285":"O","286":",","287":"I","288":"A","289":"A","290":"I","291":",","292":"C","293":"A","294":"A","295":"C","296":",","297":"S","298":"A","299":"A","300":"S","301":",","302":"G","303":"A","304":"A","305":"G","306":",","307":"G","308":"A","309":"A","310":"G","311":",","312":"G","313":"A","314":"A","315":"G","316":",","317":"I","318":"A","319":"A","320":"I","321":",","322":"C","323":"A","324":"A","325":"C","326":",","327":"Q","328":"A","329":"A","330":"Q","331":";","332":"I","333":"A","334":"C","335":"7","336":"C","337":",","338":"C","339":"A","340":"A","341":"C","342":";","343":"I","344":"A","345":"C","346":"D","347":",","348":"U","349":"A","350":"A","351":"U","352":",","353":"G","354":"A","355":"A","356":"G","357":";","358":"M","359":"A","360":"C","361":"X","362":",","363":"O","364":"A","365":"A","366":"O","367":",","368":"e","369":"A","370":"A","371":"e","372":",","373":"G","374":"A","375":"A","376":"G","377":",","378":"I","379":"A","380":"A","381":"I","382":",","383":"C","384":"A","385":"A","386":"C","387":",","388":"E","389":"A","390":"A","391":"E","392":";","393":"I","394":"A","395":"C","396":"l","397":"C","398":";","399":"E","400":"A","401":"C","402":"F","403":",","404":"C","405":"A","406":"A","407":"C","408":";","409":"E","410":"A","411":"C","412":"D","413":",","414":"O","415":"A","416":"A","417":"O","418":",","419":"E","420":"A","421":"A","422":"E","423":";","424":"I","425":"A","426":"C","427":"P","428":",","429":"U","430":"A","431":"A","432":"U","433":",","434":"C","435":"A","436":"A","437":"C","438":",","439":"I","440":"A","441":"A","442":"I","443":",","444":"E","445":"A","446":"A","447":"E","448":";","449":"M","450":"A","451":"C","452":"f","453":",","454":"M","455":"A","456":"A","457":"M","458":",","459":"M","460":"A","461":"A","462":"M","463":",","464":"G","465":"A","466":"A","467":"G","468":";","469":"Q","470":"A","471":"C","472":"b","473":",","474":"Q","475":"A","476":"A","477":"Q","478":",","479":"E","480":"A","481":"A","482":"E","483":",","484":"S","485":"A","486":"A","487":"S","488":";","489":"Q","490":"A","491":"C","492":"n","493":"B","494":",","495":"O","496":"A","497":"A","498":"O","499":",","500":"E","501":"A","502":"A","503":"E","504":",","505":"S","506":"A","507":"A","508":"S","509":";","510":"Q","511":"A","512":"C","513":"l","514":"B","515":",","516":"M","517":"A","518":"A","519":"M","520":",","521":"E","522":"A","523":"A","524":"E","525":",","526":"Q","527":"A","528":"A","529":"Q","530":";","531":"Q","532":"A","533":"C","534":"h","535":"B","536":",","537":"M","538":"A","539":"A","540":"M","541":",","542":"E","543":"A","544":"A","545":"E","546":";","547":"M","548":"A","549":"C","550":"V","551":",","552":"C","553":"A","554":"A","555":"C","556":";","557":"M","558":"A","559":"C","560":"D","561":",","562":"O","563":"A","564":"A","565":"O","566":",","567":"M","568":"A","569":"A","570":"M","571":",","572":"C","573":"A","574":"A","575":"C","576":",","577":"I","578":"A","579":"A","580":"I","581":",","582":"C","583":"A","584":"A","585":"C","586":",","587":"I","588":"A","589":"A","590":"I","591":",","592":"W","593":"A","594":"A","595":"W","596":";","597":"I","598":"A","599":"C","600":"p","601":"C","602":",","603":"C","604":"A","605":"A","606":"C","607":";","608":"I","609":"A","610":"C","611":"D","612":",","613":"M","614":"A","615":"A","616":"M","617":",","618":"G","619":"A","620":"A","621":"G","622":";","623":"M","624":"A","625":"C","626":"P","627":",","628":"I","629":"A","630":"A","631":"I","632":",","633":"C","634":"A","635":"A","636":"C","637":",","638":"K","639":"A","640":"A","641":"K","642":",","643":"C","644":"A","645":"A","646":"C","647":",","648":"M","649":"A","650":"A","651":"M","652":",","653":"E","654":"A","655":"A","656":"E","657":";","658":"Q","659":"A","660":"C","661":"j","662":"B","663":",","664":"E","665":"A","666":"A","667":"E","668":",","669":"E","670":"A","671":"A","672":"E","673":",","674":"I","675":"A","676":"A","677":"I","678":",","679":"C","680":"A","681":"A","682":"C","683":",","684":"E","685":"A","686":"A","687":"E","688":";","689":"Q","690":"A","691":"C","692":"X","693":",","694":"S","695":"A","696":"A","697":"S","698":",","699":"E","700":"A","701":"A","702":"E","703":",","704":"I","705":"A","706":"A","707":"I","708":",","709":"C","710":"A","711":"A","712":"C","713":",","714":"S","715":"A","716":"A","717":"S","718":";","719":"Q","720":"A","721":"C","722":"z","723":"B","724":",","725":"Q","726":"A","727":"A","728":"Q","729":",","730":"E","731":"A","732":"A","733":"E","734":",","735":"I","736":"A","737":"A","738":"I","739":",","740":"C","741":"A","742":"A","743":"C","744":",","745":"Q","746":"A","747":"A","748":"Q","749":";","750":"Q","751":"A","752":"C","753":"v","754":"B","755":",","756":"K","757":"A","758":"A","759":"K","760":",","761":"E","762":"A","763":"A","764":"E","765":",","766":"C","767":"A","768":"A","769":"C","770":",","771":"G","772":"A","773":"A","774":"G","775":",","776":"I","777":"A","778":"A","779":"I","780":",","781":"C","782":"A","783":"A","784":"C","785":",","786":"K","787":"A","788":"A","789":"K","790":",","791":"C","792":"A","793":"A","794":"C","795":";","796":"Q","797":"A","798":"C","799":"t","800":"B","801":",","802":"U","803":"A","804":"A","805":"U","806":",","807":"E","808":"A","809":"A","810":"E","811":",","812":"I","813":"A","814":"A","815":"I","816":",","817":"C","818":"A","819":"A","820":"C","821":",","822":"U","823":"A","824":"A","825":"U","826":";","827":"Q","828":"A","829":"C","830":"3","831":"B","832":",","833":"W","834":"A","835":"A","836":"W","837":",","838":"E","839":"A","840":"A","841":"E","842":",","843":"I","844":"A","845":"A","846":"I","847":",","848":"C","849":"A","850":"A","851":"C","852":";","853":"M","854":"A","855":"C","856":"p","857":"B","858":",","859":"C","860":"A","861":"A","862":"C","863":",","864":"C","865":"A","866":"A","867":"C","868":";","869":"M","870":"A","871":"C","872":"F","873":",","874":"O","875":"A","876":"A","877":"O","878":",","879":"C","880":"A","881":"A","882":"C","883":",","884":"G","885":"A","886":"A","887":"G","888":",","889":"C","890":"A","891":"A","892":"C","893":",","894":"Q","895":"A","896":"A","897":"Q","898":",","899":"C","900":"A","901":"A","902":"C","903":";","904":"I","905":"A","906":"C","907":"v","908":"B","909":";","910":"E","911":"A","912":"C","913":"F","914":";","915":"A","916":"A","917":"C","918":"F","919":",","920":"C","921":"A","922":"A","923":"C","924":"\"","925":",","926":"\"","927":"f","928":"i","929":"l","930":"e","931":"\"","932":":","933":"\"","934":"D","935":":","936":"\\","937":"\\","938":"a","939":"d","940":"m","941":"i","942":"n","943":"v","944":"u","945":"e","946":"\\","947":"\\","948":"F","949":"i","950":"n","951":"a","952":"l","953":"\\","954":"\\","955":"s","956":"r","957":"c","958":"\\","959":"\\","960":"c","961":"o","962":"m","963":"p","964":"o","965":"n","966":"e","967":"n","968":"t","969":"s","970":"\\","971":"\\","972":"C","973":"o","974":"a","975":"c","976":"h","977":"I","978":"t","979":"e","980":"m","981":".","982":"v","983":"u","984":"e","985":"\"","986":",","987":"\"","988":"s","989":"o","990":"u","991":"r","992":"c","993":"e","994":"s","995":"C","996":"o","997":"n","998":"t","999":"e","1000":"n","1001":"t","1002":"\"","1003":":","1004":"[","1005":"\"","1006":"<","1007":"t","1008":"e","1009":"m","1010":"p","1011":"l","1012":"a","1013":"t","1014":"e","1015":">","1016":"\\","1017":"r","1018":"\\","1019":"n","1020":" ","1021":" ","1022":"<","1023":"t","1024":"r","1025":" ","1026":"c","1027":"l","1028":"a","1029":"s","1030":"s","1031":"=","1032":"\\","1033":"\"","1034":"t","1035":"e","1036":"x","1037":"t","1038":"-","1039":"c","1040":"e","1041":"n","1042":"t","1043":"e","1044":"r","1045":"\\","1046":"\"","1047":">","1048":"\\","1049":"r","1050":"\\","1051":"n","1052":" ","1053":" ","1054":" ","1055":" ","1056":"<","1057":"t","1058":"d","1059":">","1060":"{","1061":"{","1062":" ","1063":"i","1064":"n","1065":"d","1066":"e","1067":"x","1068":" ","1069":"}","1070":"}","1071":"<","1072":"/","1073":"t","1074":"d","1075":">","1076":"\\","1077":"r","1078":"\\","1079":"n","1080":" ","1081":" ","1082":" ","1083":" ","1084":"<","1085":"t","1086":"d","1087":">","1088":"{","1089":"{","1090":" ","1091":"f","1092":"u","1093":"l","1094":"l","1095":"N","1096":"a","1097":"m","1098":"e","1099":" ","1100":"}","1101":"}","1102":"<","1103":"/","1104":"t","1105":"d","1106":">","1107":"\\","1108":"r","1109":"\\","1110":"n","1111":" ","1112":" ","1113":" ","1114":" ","1115":"<","1116":"t","1117":"d","1118":" ","1119":"c","1120":"l","1121":"a","1122":"s","1123":"s","1124":"=","1125":"\\","1126":"\"","1127":"d","1128":"-","1129":"f","1130":"l","1131":"e","1132":"x","1133":" ","1134":"j","1135":"u","1136":"s","1137":"t","1138":"i","1139":"f","1140":"y","1141":"-","1142":"c","1143":"o","1144":"n","1145":"t","1146":"e","1147":"n","1148":"t","1149":"-","1150":"s","1151":"t","1152":"a","1153":"r","1154":"t","1155":" ","1156":"a","1157":"l","1158":"i","1159":"g","1160":"n","1161":"-","1162":"c","1163":"o","1164":"n","1165":"t","1166":"e","1167":"n","1168":"t","1169":"-","1170":"c","1171":"e","1172":"n","1173":"t","1174":"e","1175":"r","1176":"\\","1177":"\"","1178":">","1179":"\\","1180":"r","1181":"\\","1182":"n","1183":" ","1184":" ","1185":" ","1186":" ","1187":" ","1188":" ","1189":"<","1190":"!","1191":"-","1192":"-","1193":" ","1194":" ","1195":":","1196":"c","1197":"l","1198":"a","1199":"s","1200":"s","1201":"=","1202":"\\","1203":"\"","1204":"`","1205":"t","1206":"e","1207":"x","1208":"t","1209":"-","1210":"b","1211":"g","1212":"-","1213":"$","1214":"{","1215":"b","1216":"a","1217":"d","1218":"g","1219":"e","1220":"C","1221":"o","1222":"l","1223":"o","1224":"r","1225":"(","1226":"a","1227":"r","1228":"e","1229":"a","1230":")","1231":"}","1232":"`","1233":"\\","1234":"\"","1235":" ","1236":"-","1237":"-","1238":">","1239":"\\","1240":"r","1241":"\\","1242":"n","1243":" ","1244":" ","1245":" ","1246":" ","1247":" ","1248":" ","1249":"<","1250":"s","1251":"p","1252":"a","1253":"n","1254":" ","1255":"c","1256":"l","1257":"a","1258":"s","1259":"s","1260":"=","1261":"\\","1262":"\"","1263":"b","1264":"a","1265":"d","1266":"g","1267":"e","1268":" ","1269":"m","1270":"e","1271":"-","1272":"1","1273":" ","1274":"m","1275":"t","1276":"-","1277":"1","1278":"\\","1279":"\"","1280":" ","1281":":","1282":"c","1283":"l","1284":"a","1285":"s","1286":"s","1287":"=","1288":"\\","1289":"\"","1290":"`","1291":"t","1292":"e","1293":"x","1294":"t","1295":"-","1296":"b","1297":"g","1298":"-","1299":"$","1300":"{","1301":"b","1302":"a","1303":"d","1304":"g","1305":"e","1306":"C","1307":"o","1308":"l","1309":"o","1310":"r","1311":"(","1312":"a","1313":"r","1314":"e","1315":"a","1316":")","1317":"}","1318":"`","1319":"\\","1320":"\"","1321":" ","1322":"v","1323":"-","1324":"f","1325":"o","1326":"r","1327":"=","1328":"\\","1329":"\"","1330":"a","1331":"r","1332":"e","1333":"a","1334":" ","1335":"i","1336":"n","1337":" ","1338":"a","1339":"r","1340":"e","1341":"a","1342":"s","1343":"\\","1344":"\"","1345":" ","1346":":","1347":"k","1348":"e","1349":"y","1350":"=","1351":"\\","1352":"\"","1353":"a","1354":"r","1355":"e","1356":"a","1357":"\\","1358":"\"","1359":">","1360":"{","1361":"{","1362":" ","1363":"a","1364":"r","1365":"e","1366":"a","1367":" ","1368":"}","1369":"}","1370":"<","1371":"/","1372":"s","1373":"p","1374":"a","1375":"n","1376":">","1377":"\\","1378":"r","1379":"\\","1380":"n","1381":" ","1382":" ","1383":" ","1384":" ","1385":"<","1386":"/","1387":"t","1388":"d","1389":">","1390":"\\","1391":"r","1392":"\\","1393":"n","1394":" ","1395":" ","1396":" ","1397":" ","1398":"<","1399":"t","1400":"d","1401":">","1402":"\\","1403":"r","1404":"\\","1405":"n","1406":" ","1407":" ","1408":" ","1409":" ","1410":" ","1411":" ","1412":"<","1413":"s","1414":"p","1415":"a","1416":"n","1417":" ","1418":"c","1419":"l","1420":"a","1421":"s","1422":"s","1423":"=","1424":"\\","1425":"\"","1426":"b","1427":"a","1428":"d","1429":"g","1430":"e","1431":" ","1432":"t","1433":"e","1434":"x","1435":"t","1436":"-","1437":"b","1438":"g","1439":"-","1440":"s","1441":"e","1442":"c","1443":"o","1444":"n","1445":"d","1446":"a","1447":"r","1448":"y","1449":"\\","1450":"\"","1451":">","1452":" ","1453":"<","1454":"i","1455":" ","1456":"c","1457":"l","1458":"a","1459":"s","1460":"s","1461":"=","1462":"\\","1463":"\"","1464":"f","1465":"a","1466":"-","1467":"s","1468":"o","1469":"l","1470":"i","1471":"d","1472":" ","1473":"f","1474":"a","1475":"-","1476":"d","1477":"o","1478":"l","1479":"l","1480":"a","1481":"r","1482":"-","1483":"s","1484":"i","1485":"g","1486":"n","1487":"\\","1488":"\"","1489":">","1490":"<","1491":"/","1492":"i","1493":">","1494":" ","1495":"{","1496":"{","1497":" ","1498":"h","1499":"o","1500":"u","1501":"r","1502":"l","1503":"y","1504":"R","1505":"a","1506":"t","1507":"e","1508":" ","1509":"}","1510":"}","1511":"/","1512":"h","1513":"r","1514":" ","1515":"<","1516":"/","1517":"s","1518":"p","1519":"a","1520":"n","1521":">","1522":"\\","1523":"r","1524":"\\","1525":"n","1526":" ","1527":" ","1528":" ","1529":" ","1530":"<","1531":"/","1532":"t","1533":"d","1534":">","1535":"\\","1536":"r","1537":"\\","1538":"n","1539":"\\","1540":"r","1541":"\\","1542":"n","1543":" ","1544":" ","1545":" ","1546":" ","1547":"<","1548":"t","1549":"d","1550":">","1551":"\\","1552":"r","1553":"\\","1554":"n","1555":" ","1556":" ","1557":" ","1558":" ","1559":" ","1560":" ","1561":"<","1562":"r","1563":"o","1564":"u","1565":"t","1566":"e","1567":"r","1568":"-","1569":"l","1570":"i","1571":"n","1572":"k","1573":" ","1574":":","1575":"t","1576":"o","1577":"=","1578":"\\","1579":"\"","1580":"V","1581":"i","1582":"e","1583":"w","1584":"D","1585":"e","1586":"t","1587":"a","1588":"i","1589":"l","1590":"\\","1591":"\"","1592":" ","1593":"c","1594":"l","1595":"a","1596":"s","1597":"s","1598":"=","1599":"\\","1600":"\"","1601":"b","1602":"t","1603":"n","1604":" ","1605":"b","1606":"t","1607":"n","1608":"-","1609":"s","1610":"m","1611":" ","1612":"b","1613":"t","1614":"n","1615":"-","1616":"l","1617":"i","1618":"g","1619":"h","1620":"t","1621":" ","1622":"m","1623":"e","1624":"-","1625":"2","1626":"\\","1627":"\"","1628":">","1629":"\\","1630":"r","1631":"\\","1632":"n","1633":" ","1634":" ","1635":" ","1636":" ","1637":" ","1638":" ","1639":" ","1640":" ","1641":"<","1642":"i","1643":" ","1644":"c","1645":"l","1646":"a","1647":"s","1648":"s","1649":"=","1650":"\\","1651":"\"","1652":"b","1653":"i","1654":" ","1655":"b","1656":"i","1657":"-","1658":"e","1659":"y","1660":"e","1661":"-","1662":"f","1663":"i","1664":"l","1665":"l","1666":"\\","1667":"\"","1668":">","1669":"<","1670":"/","1671":"i","1672":">","1673":"\\","1674":"r","1675":"\\","1676":"n","1677":" ","1678":" ","1679":" ","1680":" ","1681":" ","1682":" ","1683":"<","1684":"/","1685":"r","1686":"o","1687":"u","1688":"t","1689":"e","1690":"r","1691":"-","1692":"l","1693":"i","1694":"n","1695":"k","1696":">","1697":"\\","1698":"r","1699":"\\","1700":"n","1701":" ","1702":" ","1703":" ","1704":" ","1705":" ","1706":" ","1707":"<","1708":"b","1709":"u","1710":"t","1711":"t","1712":"o","1713":"n","1714":" ","1715":"d","1716":"a","1717":"t","1718":"a","1719":"-","1720":"t","1721":"e","1722":"s","1723":"t","1724":"=","1725":"\\","1726":"\"","1727":"o","1728":"n","1729":"E","1730":"d","1731":"i","1732":"t","1733":"\\","1734":"\"","1735":" ","1736":"c","1737":"l","1738":"a","1739":"s","1740":"s","1741":"=","1742":"\\","1743":"\"","1744":"b","1745":"t","1746":"n","1747":" ","1748":"b","1749":"t","1750":"n","1751":"-","1752":"s","1753":"m","1754":" ","1755":"b","1756":"t","1757":"n","1758":"-","1759":"l","1760":"i","1761":"g","1762":"h","1763":"t","1764":" ","1765":"m","1766":"e","1767":"-","1768":"2","1769":"\\","1770":"\"","1771":" ","1772":"@","1773":"c","1774":"l","1775":"i","1776":"c","1777":"k","1778":"=","1779":"\\","1780":"\"","1781":"o","1782":"n","1783":"E","1784":"d","1785":"i","1786":"t","1787":"(","1788":")","1789":"\\","1790":"\"","1791":">","1792":"\\","1793":"r","1794":"\\","1795":"n","1796":" ","1797":" ","1798":" ","1799":" ","1800":" ","1801":" ","1802":" ","1803":" ","1804":"<","1805":"i","1806":" ","1807":"c","1808":"l","1809":"a","1810":"s","1811":"s","1812":"=","1813":"\\","1814":"\"","1815":"b","1816":"i","1817":" ","1818":"b","1819":"i","1820":"-","1821":"p","1822":"e","1823":"n","1824":"c","1825":"i","1826":"l","1827":"-","1828":"f","1829":"i","1830":"l","1831":"l","1832":"\\","1833":"\"","1834":">","1835":"<","1836":"/","1837":"i","1838":">","1839":"\\","1840":"r","1841":"\\","1842":"n","1843":" ","1844":" ","1845":" ","1846":" ","1847":" ","1848":" ","1849":"<","1850":"/","1851":"b","1852":"u","1853":"t","1854":"t","1855":"o","1856":"n","1857":">","1858":"\\","1859":"r","1860":"\\","1861":"n","1862":" ","1863":" ","1864":" ","1865":" ","1866":" ","1867":" ","1868":"<","1869":"b","1870":"u","1871":"t","1872":"t","1873":"o","1874":"n","1875":" ","1876":"d","1877":"a","1878":"t","1879":"a","1880":"-","1881":"t","1882":"e","1883":"s","1884":"t","1885":"=","1886":"\\","1887":"\"","1888":"d","1889":"e","1890":"l","1891":"E","1892":"m","1893":"i","1894":"t","1895":"\\","1896":"\"","1897":" ","1898":"c","1899":"l","1900":"a","1901":"s","1902":"s","1903":"=","1904":"\\","1905":"\"","1906":"b","1907":"t","1908":"n","1909":" ","1910":"b","1911":"t","1912":"n","1913":"-","1914":"s","1915":"m","1916":" ","1917":"b","1918":"t","1919":"n","1920":"-","1921":"l","1922":"i","1923":"g","1924":"h","1925":"t","1926":"\\","1927":"\"","1928":" ","1929":"@","1930":"c","1931":"l","1932":"i","1933":"c","1934":"k","1935":"=","1936":"\\","1937":"\"","1938":"$","1939":"e","1940":"m","1941":"i","1942":"t","1943":"(","1944":"'","1945":"d","1946":"e","1947":"l","1948":"e","1949":"t","1950":"e","1951":"'","1952":",","1953":" ","1954":"i","1955":"d","1956":")","1957":"\\","1958":"\"","1959":">","1960":"\\","1961":"r","1962":"\\","1963":"n","1964":" ","1965":" ","1966":" ","1967":" ","1968":" ","1969":" ","1970":" ","1971":" ","1972":"<","1973":"i","1974":" ","1975":"c","1976":"l","1977":"a","1978":"s","1979":"s","1980":"=","1981":"\\","1982":"\"","1983":"b","1984":"i","1985":" ","1986":"b","1987":"i","1988":"-","1989":"t","1990":"r","1991":"a","1992":"s","1993":"h","1994":"-","1995":"f","1996":"i","1997":"l","1998":"l","1999":"\\","2000":"\"","2001":">","2002":"<","2003":"/","2004":"i","2005":">","2006":"\\","2007":"r","2008":"\\","2009":"n","2010":" ","2011":" ","2012":" ","2013":" ","2014":" ","2015":" ","2016":"<","2017":"/","2018":"b","2019":"u","2020":"t","2021":"t","2022":"o","2023":"n","2024":">","2025":"\\","2026":"r","2027":"\\","2028":"n","2029":" ","2030":" ","2031":" ","2032":" ","2033":"<","2034":"/","2035":"t","2036":"d","2037":">","2038":"\\","2039":"r","2040":"\\","2041":"n","2042":" ","2043":" ","2044":"<","2045":"/","2046":"t","2047":"r","2048":">","2049":"\\","2050":"r","2051":"\\","2052":"n","2053":"<","2054":"/","2055":"t","2056":"e","2057":"m","2058":"p","2059":"l","2060":"a","2061":"t","2062":"e","2063":">","2064":"\\","2065":"r","2066":"\\","2067":"n","2068":"\\","2069":"r","2070":"\\","2071":"n","2072":"<","2073":"s","2074":"c","2075":"r","2076":"i","2077":"p","2078":"t","2079":">","2080":"\\","2081":"r","2082":"\\","2083":"n","2084":"e","2085":"x","2086":"p","2087":"o","2088":"r","2089":"t","2090":" ","2091":"d","2092":"e","2093":"f","2094":"a","2095":"u","2096":"l","2097":"t","2098":" ","2099":"{","2100":"\\","2101":"r","2102":"\\","2103":"n","2104":" ","2105":" ","2106":"p","2107":"r","2108":"o","2109":"p","2110":"s","2111":":","2112":" ","2113":"[","2114":"'","2115":"i","2116":"d","2117":"'","2118":",","2119":" ","2120":"'","2121":"i","2122":"n","2123":"d","2124":"e","2125":"x","2126":"'","2127":",","2128":" ","2129":"'","2130":"f","2131":"i","2132":"r","2133":"s","2134":"t","2135":"N","2136":"a","2137":"m","2138":"e","2139":"'","2140":",","2141":" ","2142":"'","2143":"l","2144":"a","2145":"s","2146":"t","2147":"N","2148":"a","2149":"m","2150":"e","2151":"'","2152":",","2153":" ","2154":"'","2155":"a","2156":"r","2157":"e","2158":"a","2159":"s","2160":"'","2161":",","2162":" ","2163":"'","2164":"h","2165":"o","2166":"u","2167":"r","2168":"l","2169":"y","2170":"R","2171":"a","2172":"t","2173":"e","2174":"'","2175":",","2176":" ","2177":"'","2178":"d","2179":"e","2180":"s","2181":"c","2182":"r","2183":"i","2184":"p","2185":"t","2186":"i","2187":"o","2188":"n","2189":"'","2190":"]","2191":",","2192":"\\","2193":"r","2194":"\\","2195":"n","2196":" ","2197":" ","2198":"e","2199":"m","2200":"i","2201":"t","2202":"s","2203":":","2204":" ","2205":"[","2206":"'","2207":"e","2208":"d","2209":"i","2210":"t","2211":"'","2212":",","2213":" ","2214":"'","2215":"d","2216":"e","2217":"l","2218":"e","2219":"t","2220":"e","2221":"'","2222":"]","2223":",","2224":"\\","2225":"r","2226":"\\","2227":"n","2228":" ","2229":" ","2230":"c","2231":"o","2232":"m","2233":"p","2234":"u","2235":"t","2236":"e","2237":"d","2238":":","2239":" ","2240":"{","2241":"\\","2242":"r","2243":"\\","2244":"n","2245":" ","2246":" ","2247":" ","2248":" ","2249":"f","2250":"u","2251":"l","2252":"l","2253":"N","2254":"a","2255":"m","2256":"e","2257":"(","2258":")","2259":" ","2260":"{","2261":"\\","2262":"r","2263":"\\","2264":"n","2265":" ","2266":" ","2267":" ","2268":" ","2269":" ","2270":" ","2271":"r","2272":"e","2273":"t","2274":"u","2275":"r","2276":"n","2277":" ","2278":"t","2279":"h","2280":"i","2281":"s","2282":".","2283":"f","2284":"i","2285":"r","2286":"s","2287":"t","2288":"N","2289":"a","2290":"m","2291":"e","2292":" ","2293":"+","2294":" ","2295":"'","2296":" ","2297":"'","2298":" ","2299":"+","2300":" ","2301":"t","2302":"h","2303":"i","2304":"s","2305":".","2306":"l","2307":"a","2308":"s","2309":"t","2310":"N","2311":"a","2312":"m","2313":"e","2314":";","2315":"\\","2316":"r","2317":"\\","2318":"n","2319":" ","2320":" ","2321":" ","2322":" ","2323":"}","2324":",","2325":"\\","2326":"r","2327":"\\","2328":"n","2329":" ","2330":" ","2331":" ","2332":" ","2333":"V","2334":"i","2335":"e","2336":"w","2337":"D","2338":"e","2339":"t","2340":"a","2341":"i","2342":"l","2343":"(","2344":")","2345":" ","2346":"{","2347":"\\","2348":"r","2349":"\\","2350":"n","2351":" ","2352":" ","2353":" ","2354":" ","2355":" ","2356":" ","2357":"r","2358":"e","2359":"t","2360":"u","2361":"r","2362":"n","2363":" ","2364":"'","2365":"/","2366":"c","2367":"o","2368":"a","2369":"c","2370":"h","2371":"d","2372":"e","2373":"t","2374":"a","2375":"i","2376":"l","2377":"/","2378":"'","2379":" ","2380":"+","2381":" ","2382":"t","2383":"h","2384":"i","2385":"s","2386":".","2387":"i","2388":"d","2389":";","2390":"\\","2391":"r","2392":"\\","2393":"n","2394":" ","2395":" ","2396":" ","2397":" ","2398":"}","2399":",","2400":"\\","2401":"r","2402":"\\","2403":"n","2404":" ","2405":" ","2406":"}","2407":",","2408":"\\","2409":"r","2410":"\\","2411":"n","2412":" ","2413":" ","2414":"m","2415":"e","2416":"t","2417":"h","2418":"o","2419":"d","2420":"s","2421":":","2422":" ","2423":"{","2424":"\\","2425":"r","2426":"\\","2427":"n","2428":" ","2429":" ","2430":" ","2431":" ","2432":"b","2433":"a","2434":"d","2435":"g","2436":"e","2437":"C","2438":"o","2439":"l","2440":"o","2441":"r","2442":"(","2443":"a","2444":"r","2445":"e","2446":"a","2447":")","2448":" ","2449":"{","2450":"\\","2451":"r","2452":"\\","2453":"n","2454":" ","2455":" ","2456":" ","2457":" ","2458":" ","2459":" ","2460":"c","2461":"o","2462":"n","2463":"s","2464":"t","2465":" ","2466":"c","2467":"o","2468":"l","2469":"o","2470":"r","2471":"s","2472":" ","2473":"=","2474":" ","2475":"{","2476":"\\","2477":"r","2478":"\\","2479":"n","2480":" ","2481":" ","2482":" ","2483":" ","2484":" ","2485":" ","2486":" ","2487":" ","2488":"f","2489":"r","2490":"o","2491":"n","2492":"t","2493":"e","2494":"n","2495":"d","2496":":","2497":" ","2498":"'","2499":"w","2500":"a","2501":"r","2502":"n","2503":"i","2504":"n","2505":"g","2506":"'","2507":",","2508":"\\","2509":"r","2510":"\\","2511":"n","2512":" ","2513":" ","2514":" ","2515":" ","2516":" ","2517":" ","2518":" ","2519":" ","2520":"b","2521":"a","2522":"c","2523":"k","2524":"e","2525":"n","2526":"d","2527":":","2528":" ","2529":"'","2530":"s","2531":"u","2532":"c","2533":"c","2534":"e","2535":"s","2536":"s","2537":"'","2538":",","2539":"\\","2540":"r","2541":"\\","2542":"n","2543":" ","2544":" ","2545":" ","2546":" ","2547":" ","2548":" ","2549":" ","2550":" ","2551":"d","2552":"e","2553":"v","2554":"o","2555":"p","2556":"s","2557":":","2558":" ","2559":"'","2560":"d","2561":"a","2562":"n","2563":"g","2564":"e","2565":"r","2566":"'","2567":",","2568":"\\","2569":"r","2570":"\\","2571":"n","2572":" ","2573":" ","2574":" ","2575":" ","2576":" ","2577":" ","2578":" ","2579":" ","2580":"c","2581":"a","2582":"r","2583":"e","2584":"e","2585":"r","2586":":","2587":" ","2588":"'","2589":"p","2590":"r","2591":"i","2592":"m","2593":"a","2594":"r","2595":"y","2596":"'","2597":",","2598":"\\","2599":"r","2600":"\\","2601":"n","2602":" ","2603":" ","2604":" ","2605":" ","2606":" ","2607":" ","2608":"}","2609":";","2610":"\\","2611":"r","2612":"\\","2613":"n","2614":" ","2615":" ","2616":" ","2617":" ","2618":" ","2619":" ","2620":"r","2621":"e","2622":"t","2623":"u","2624":"r","2625":"n","2626":" ","2627":"c","2628":"o","2629":"l","2630":"o","2631":"r","2632":"s","2633":"[","2634":"a","2635":"r","2636":"e","2637":"a","2638":"]","2639":" ","2640":"|","2641":"|","2642":" ","2643":"'","2644":"s","2645":"e","2646":"c","2647":"o","2648":"n","2649":"d","2650":"a","2651":"r","2652":"y","2653":"'","2654":";","2655":"\\","2656":"r","2657":"\\","2658":"n","2659":" ","2660":" ","2661":" ","2662":" ","2663":"}","2664":",","2665":"\\","2666":"r","2667":"\\","2668":"n","2669":" ","2670":" ","2671":" ","2672":" ","2673":"o","2674":"n","2675":"E","2676":"d","2677":"i","2678":"t","2679":"(","2680":")","2681":" ","2682":"{","2683":"\\","2684":"r","2685":"\\","2686":"n","2687":" ","2688":" ","2689":" ","2690":" ","2691":" ","2692":" ","2693":"t","2694":"h","2695":"i","2696":"s","2697":".","2698":"$","2699":"e","2700":"m","2701":"i","2702":"t","2703":"(","2704":"'","2705":"e","2706":"d","2707":"i","2708":"t","2709":"'","2710":",","2711":" ","2712":"{","2713":"\\","2714":"r","2715":"\\","2716":"n","2717":" ","2718":" ","2719":" ","2720":" ","2721":" ","2722":" ","2723":" ","2724":" ","2725":"i","2726":"d","2727":":","2728":" ","2729":"t","2730":"h","2731":"i","2732":"s","2733":".","2734":"i","2735":"d","2736":",","2737":"\\","2738":"r","2739":"\\","2740":"n","2741":" ","2742":" ","2743":" ","2744":" ","2745":" ","2746":" ","2747":" ","2748":" ","2749":"f","2750":"i","2751":"r","2752":"s","2753":"t","2754":"N","2755":"a","2756":"m","2757":"e","2758":":","2759":" ","2760":"t","2761":"h","2762":"i","2763":"s","2764":".","2765":"f","2766":"i","2767":"r","2768":"s","2769":"t","2770":"N","2771":"a","2772":"m","2773":"e","2774":",","2775":"\\","2776":"r","2777":"\\","2778":"n","2779":" ","2780":" ","2781":" ","2782":" ","2783":" ","2784":" ","2785":" ","2786":" ","2787":"l","2788":"a","2789":"s","2790":"t","2791":"N","2792":"a","2793":"m","2794":"e","2795":":","2796":" ","2797":"t","2798":"h","2799":"i","2800":"s","2801":".","2802":"l","2803":"a","2804":"s","2805":"t","2806":"N","2807":"a","2808":"m","2809":"e","2810":",","2811":"\\","2812":"r","2813":"\\","2814":"n","2815":" ","2816":" ","2817":" ","2818":" ","2819":" ","2820":" ","2821":" ","2822":" ","2823":"a","2824":"r","2825":"e","2826":"a","2827":"s","2828":":","2829":" ","2830":"[","2831":".","2832":".","2833":".","2834":"t","2835":"h","2836":"i","2837":"s","2838":".","2839":"a","2840":"r","2841":"e","2842":"a","2843":"s","2844":"]","2845":",","2846":"\\","2847":"r","2848":"\\","2849":"n","2850":" ","2851":" ","2852":" ","2853":" ","2854":" ","2855":" ","2856":" ","2857":" ","2858":"h","2859":"o","2860":"u","2861":"r","2862":"l","2863":"y","2864":"R","2865":"a","2866":"t","2867":"e","2868":":","2869":" ","2870":"t","2871":"h","2872":"i","2873":"s","2874":".","2875":"h","2876":"o","2877":"u","2878":"r","2879":"l","2880":"y","2881":"R","2882":"a","2883":"t","2884":"e","2885":",","2886":"\\","2887":"r","2888":"\\","2889":"n","2890":" ","2891":" ","2892":" ","2893":" ","2894":" ","2895":" ","2896":" ","2897":" ","2898":"d","2899":"e","2900":"s","2901":"c","2902":"r","2903":"i","2904":"p","2905":"t","2906":"i","2907":"o","2908":"n","2909":":","2910":" ","2911":"t","2912":"h","2913":"i","2914":"s","2915":".","2916":"d","2917":"e","2918":"s","2919":"c","2920":"r","2921":"i","2922":"p","2923":"t","2924":"i","2925":"o","2926":"n","2927":",","2928":"\\","2929":"r","2930":"\\","2931":"n","2932":" ","2933":" ","2934":" ","2935":" ","2936":" ","2937":" ","2938":"}","2939":")","2940":";","2941":"\\","2942":"r","2943":"\\","2944":"n","2945":" ","2946":" ","2947":" ","2948":" ","2949":" ","2950":" ","2951":"c","2952":"o","2953":"n","2954":"s","2955":"o","2956":"l","2957":"e","2958":".","2959":"l","2960":"o","2961":"g","2962":"(","2963":"'","2964":"c","2965":"a","2966":"l","2967":"l","2968":"e","2969":"d","2970":"'","2971":")","2972":";","2973":"\\","2974":"r","2975":"\\","2976":"n","2977":" ","2978":" ","2979":" ","2980":" ","2981":"}","2982":",","2983":"\\","2984":"r","2985":"\\","2986":"n","2987":" ","2988":" ","2989":"}","2990":",","2991":"\\","2992":"r","2993":"\\","2994":"n","2995":"}","2996":";","2997":"\\","2998":"r","2999":"\\","3000":"n","3001":"<","3002":"/","3003":"s","3004":"c","3005":"r","3006":"i","3007":"p","3008":"t","3009":">","3010":"\\","3011":"r","3012":"\\","3013":"n","3014":"\"","3015":"]","3016":"}"},"_coverageSchema":"1a1c01bbd47fc00a2c39e90264f33305004495a9","hash":"2f46ab127811b810508e4d1ab09b569918ab7cc7"}
,"D:\\adminvue\\Final\\src\\components\\ThePagination.vue": {"path":"D:\\adminvue\\Final\\src\\components\\ThePagination.vue","statementMap":{"0":{"start":{"line":3,"column":0},"end":{"line":5,"column":3}},"1":{"start":{"line":6,"column":0},"end":{"line":6,"column":25}},"2":{"start":{"line":7,"column":15},"end":{"line":10,"column":1}},"3":{"start":{"line":11,"column":0},"end":{"line":11,"column":13}},"4":{"start":{"line":13,"column":0},"end":{"line":15,"column":3}},"5":{"start":{"line":16,"column":0},"end":{"line":16,"column":24}},"6":{"start":{"line":17,"column":11},"end":{"line":17,"column":25}},"7":{"start":{"line":18,"column":19},"end":{"line":20,"column":1}},"8":{"start":{"line":21,"column":19},"end":{"line":23,"column":1}},"9":{"start":{"line":24,"column":19},"end":{"line":24,"column":30}},"10":{"start":{"line":26,"column":2},"end":{"line":67,"column":53}},"11":{"start":{"line":33,"column":49},"end":{"line":33,"column":71}},"12":{"start":{"line":40,"column":4},"end":{"line":53,"column":90}},"13":{"start":{"line":52,"column":25},"end":{"line":52,"column":49}},"14":{"start":{"line":61,"column":49},"end":{"line":61,"column":71}},"15":{"start":{"line":68,"column":2},"end":{"line":68,"column":49}}},"fnMap":{"0":{"name":"render","decl":{"start":{"line":25,"column":9},"end":{"line":25,"column":15}},"loc":{"start":{"line":25,"column":30},"end":{"line":68,"column":1}},"line":25},"1":{"name":"(anonymous_1)","decl":{"start":{"line":33,"column":39},"end":{"line":33,"column":40}},"loc":{"start":{"line":33,"column":49},"end":{"line":33,"column":71}},"line":33},"2":{"name":"(anonymous_2)","decl":{"start":{"line":39,"column":214},"end":{"line":39,"column":215}},"loc":{"start":{"line":39,"column":222},"end":{"line":54,"column":3}},"line":39},"3":{"name":"(anonymous_3)","decl":{"start":{"line":52,"column":15},"end":{"line":52,"column":16}},"loc":{"start":{"line":52,"column":25},"end":{"line":52,"column":49}},"line":52},"4":{"name":"(anonymous_4)","decl":{"start":{"line":61,"column":39},"end":{"line":61,"column":40}},"loc":{"start":{"line":61,"column":49},"end":{"line":61,"column":71}},"line":61}},"branchMap":{"0":{"loc":{"start":{"line":33,"column":13},"end":{"line":33,"column":72}},"type":"binary-expr","locations":[{"start":{"line":33,"column":13},"end":{"line":33,"column":22}},{"start":{"line":33,"column":27},"end":{"line":33,"column":71}}],"line":33},"1":{"loc":{"start":{"line":37,"column":10},"end":{"line":39,"column":28}},"type":"binary-expr","locations":[{"start":{"line":37,"column":10},"end":{"line":37,"column":19}},{"start":{"line":37,"column":24},"end":{"line":39,"column":27}}],"line":37},"2":{"loc":{"start":{"line":61,"column":13},"end":{"line":61,"column":72}},"type":"binary-expr","locations":[{"start":{"line":61,"column":13},"end":{"line":61,"column":22}},{"start":{"line":61,"column":27},"end":{"line":61,"column":71}}],"line":61},"3":{"loc":{"start":{"line":65,"column":10},"end":{"line":67,"column":28}},"type":"binary-expr","locations":[{"start":{"line":65,"column":10},"end":{"line":65,"column":19}},{"start":{"line":65,"column":24},"end":{"line":67,"column":27}}],"line":65}},"s":{"0":2,"1":2,"2":2,"3":2,"4":2,"5":2,"6":2,"7":2,"8":2,"9":2,"10":5,"11":1,"12":10,"13":1,"14":1,"15":2},"f":{"0":5,"1":1,"2":10,"3":1,"4":1},"b":{"0":[5,3],"1":[5,3],"2":[5,3],"3":[5,3]},"inputSourceMap":{"0":"{","1":"\"","2":"v","3":"e","4":"r","5":"s","6":"i","7":"o","8":"n","9":"\"","10":":","11":"3","12":",","13":"\"","14":"s","15":"o","16":"u","17":"r","18":"c","19":"e","20":"s","21":"\"","22":":","23":"[","24":"\"","25":"D","26":":","27":"\\","28":"\\","29":"a","30":"d","31":"m","32":"i","33":"n","34":"v","35":"u","36":"e","37":"\\","38":"\\","39":"F","40":"i","41":"n","42":"a","43":"l","44":"\\","45":"\\","46":"s","47":"r","48":"c","49":"\\","50":"\\","51":"c","52":"o","53":"m","54":"p","55":"o","56":"n","57":"e","58":"n","59":"t","60":"s","61":"\\","62":"\\","63":"T","64":"h","65":"e","66":"P","67":"a","68":"g","69":"i","70":"n","71":"a","72":"t","73":"i","74":"o","75":"n","76":".","77":"v","78":"u","79":"e","80":"\"","81":"]","82":",","83":"\"","84":"n","85":"a","86":"m","87":"e","88":"s","89":"\"","90":":","91":"[","92":"]","93":",","94":"\"","95":"m","96":"a","97":"p","98":"p","99":"i","100":"n","101":"g","102":"s","103":"\"","104":":","105":"\"","106":";","107":";","108":";","109":";","110":";","111":";","112":"i","113":"C","114":"A","115":"m","116":"B","117":"e","118":";","119":"E","120":"A","121":"C","122":"b","123":",","124":"K","125":"A","126":"A","127":"K","128":",","129":"E","130":"A","131":"A","132":"E","133":",","134":"C","135":"A","136":"A","137":"C","138":",","139":"a","140":"A","141":"A","142":"a","143":",","144":"E","145":"A","146":"A","147":"E","148":",","149":"Y","150":"A","151":"A","152":"Y","153":",","154":"C","155":"A","156":"A","157":"C","158":";","159":"E","160":"A","161":"C","162":"p","163":"C","164":",","165":"K","166":"A","167":"A","168":"K","169":",","170":"E","171":"A","172":"A","173":"E","174":",","175":"C","176":"A","177":"A","178":"C","179":",","180":"U","181":"A","182":"A","183":"U","184":",","185":"E","186":"A","187":"A","188":"E","189":",","190":"U","191":"A","192":"A","193":"U","194":",","195":"E","196":"A","197":"A","198":"E","199":",","200":"M","201":"A","202":"A","203":"M","204":";","205":"A","206":"A","207":"C","208":"x","209":"C","210":",","211":"C","212":"A","213":"A","214":"C","215":"\"","216":",","217":"\"","218":"f","219":"i","220":"l","221":"e","222":"\"","223":":","224":"\"","225":"D","226":":","227":"\\","228":"\\","229":"a","230":"d","231":"m","232":"i","233":"n","234":"v","235":"u","236":"e","237":"\\","238":"\\","239":"F","240":"i","241":"n","242":"a","243":"l","244":"\\","245":"\\","246":"s","247":"r","248":"c","249":"\\","250":"\\","251":"c","252":"o","253":"m","254":"p","255":"o","256":"n","257":"e","258":"n","259":"t","260":"s","261":"\\","262":"\\","263":"T","264":"h","265":"e","266":"P","267":"a","268":"g","269":"i","270":"n","271":"a","272":"t","273":"i","274":"o","275":"n","276":".","277":"v","278":"u","279":"e","280":"\"","281":",","282":"\"","283":"s","284":"o","285":"u","286":"r","287":"c","288":"e","289":"s","290":"C","291":"o","292":"n","293":"t","294":"e","295":"n","296":"t","297":"\"","298":":","299":"[","300":"\"","301":"<","302":"t","303":"e","304":"m","305":"p","306":"l","307":"a","308":"t","309":"e","310":">","311":"\\","312":"r","313":"\\","314":"n","315":" ","316":" ","317":"<","318":"n","319":"a","320":"v","321":" ","322":"a","323":"r","324":"i","325":"a","326":"-","327":"l","328":"a","329":"b","330":"e","331":"l","332":"=","333":"\\","334":"\"","335":".","336":".","337":".","338":"\\","339":"\"","340":">","341":"\\","342":"r","343":"\\","344":"n","345":" ","346":" ","347":" ","348":" ","349":"<","350":"u","351":"l","352":" ","353":"c","354":"l","355":"a","356":"s","357":"s","358":"=","359":"\\","360":"\"","361":"p","362":"a","363":"g","364":"i","365":"n","366":"a","367":"t","368":"i","369":"o","370":"n","371":"\\","372":"\"","373":">","374":"\\","375":"r","376":"\\","377":"n","378":" ","379":" ","380":" ","381":" ","382":" ","383":" ","384":"<","385":"!","386":"-","387":"-","388":" ","389":"p","390":"r","391":"e","392":"v","393":"i","394":"o","395":"u","396":"s","397":" ","398":"b","399":"u","400":"t","401":"t","402":"o","403":"n","404":" ","405":"-","406":"-","407":">","408":"\\","409":"r","410":"\\","411":"n","412":" ","413":" ","414":" ","415":" ","416":" ","417":" ","418":"<","419":"l","420":"i","421":" ","422":"c","423":"l","424":"a","425":"s","426":"s","427":"=","428":"\\","429":"\"","430":"p","431":"a","432":"g","433":"e","434":"-","435":"i","436":"t","437":"e","438":"m","439":"\\","440":"\"","441":" ","442":":","443":"c","444":"l","445":"a","446":"s","447":"s","448":"=","449":"\\","450":"\"","451":"{","452":" ","453":"d","454":"i","455":"s","456":"a","457":"b","458":"l","459":"e","460":"d","461":":","462":" ","463":"c","464":"u","465":"r","466":"r","467":"e","468":"n","469":"t","470":"P","471":"a","472":"g","473":"e","474":" ","475":"=","476":"=","477":" ","478":"1","479":" ","480":"}","481":"\\","482":"\"","483":">","484":"\\","485":"r","486":"\\","487":"n","488":" ","489":" ","490":" ","491":" ","492":" ","493":" ","494":" ","495":" ","496":"<","497":"a","498":" ","499":"c","500":"l","501":"a","502":"s","503":"s","504":"=","505":"\\","506":"\"","507":"p","508":"a","509":"g","510":"e","511":"-","512":"l","513":"i","514":"n","515":"k","516":" ","517":"f","518":"s","519":"-","520":"7","521":"\\","522":"\"","523":" ","524":"d","525":"a","526":"t","527":"a","528":"-","529":"t","530":"e","531":"s","532":"t","533":"=","534":"\\","535":"\"","536":"p","537":"r","538":"e","539":"C","540":"l","541":"i","542":"c","543":"k","544":"\\","545":"\"","546":" ","547":"@","548":"c","549":"l","550":"i","551":"c","552":"k","553":"=","554":"\\","555":"\"","556":"$","557":"e","558":"m","559":"i","560":"t","561":"(","562":"'","563":"p","564":"r","565":"e","566":"v","567":"P","568":"a","569":"g","570":"e","571":"'","572":")","573":"\\","574":"\"","575":" ","576":"s","577":"t","578":"y","579":"l","580":"e","581":"=","582":"\\","583":"\"","584":"c","585":"u","586":"r","587":"s","588":"o","589":"r","590":":","591":" ","592":"p","593":"o","594":"i","595":"n","596":"t","597":"e","598":"r","599":"\\","600":"\"","601":">","602":"<","603":"s","604":"p","605":"a","606":"n","607":" ","608":"a","609":"r","610":"i","611":"a","612":"-","613":"h","614":"i","615":"d","616":"d","617":"e","618":"n","619":"=","620":"\\","621":"\"","622":"t","623":"r","624":"u","625":"e","626":"\\","627":"\"","628":">","629":"&","630":"L","631":"e","632":"s","633":"s","634":"L","635":"e","636":"s","637":"s","638":";","639":"<","640":"/","641":"s","642":"p","643":"a","644":"n","645":">","646":"<","647":"/","648":"a","649":">","650":"\\","651":"r","652":"\\","653":"n","654":" ","655":" ","656":" ","657":" ","658":" ","659":" ","660":"<","661":"/","662":"l","663":"i","664":">","665":"\\","666":"r","667":"\\","668":"n","669":" ","670":" ","671":" ","672":" ","673":" ","674":" ","675":"<","676":"!","677":"-","678":"-","679":" ","680":"p","681":"a","682":"g","683":"e","684":" ","685":"N","686":"u","687":"m","688":"b","689":"e","690":"r","691":"s","692":" ","693":"-","694":"-","695":">","696":"\\","697":"r","698":"\\","699":"n","700":" ","701":" ","702":" ","703":" ","704":" ","705":" ","706":"<","707":"l","708":"i","709":" ","710":"c","711":"l","712":"a","713":"s","714":"s","715":"=","716":"\\","717":"\"","718":"p","719":"a","720":"g","721":"e","722":"-","723":"i","724":"t","725":"e","726":"m","727":"\\","728":"\"","729":" ","730":"a","731":"r","732":"i","733":"a","734":"-","735":"c","736":"u","737":"r","738":"r","739":"e","740":"n","741":"t","742":"=","743":"\\","744":"\"","745":"p","746":"a","747":"g","748":"e","749":"\\","750":"\"","751":" ","752":"v","753":"-","754":"f","755":"o","756":"r","757":"=","758":"\\","759":"\"","760":"p","761":"a","762":"g","763":"e","764":" ","765":"i","766":"n","767":" ","768":"t","769":"o","770":"t","771":"a","772":"l","773":"P","774":"a","775":"g","776":"e","777":"s","778":"\\","779":"\"","780":" ","781":":","782":"k","783":"e","784":"y","785":"=","786":"\\","787":"\"","788":"p","789":"a","790":"g","791":"e","792":"\\","793":"\"","794":" ","795":":","796":"c","797":"l","798":"a","799":"s","800":"s","801":"=","802":"\\","803":"\"","804":"{","805":" ","806":"a","807":"c","808":"t","809":"i","810":"v","811":"e","812":":","813":" ","814":"p","815":"a","816":"g","817":"e","818":" ","819":"=","820":"=","821":"=","822":" ","823":"c","824":"u","825":"r","826":"r","827":"e","828":"n","829":"t","830":"P","831":"a","832":"g","833":"e","834":" ","835":"}","836":"\\","837":"\"","838":">","839":"\\","840":"r","841":"\\","842":"n","843":" ","844":" ","845":" ","846":" ","847":" ","848":" ","849":" ","850":" ","851":"<","852":"a","853":" ","854":"c","855":"l","856":"a","857":"s","858":"s","859":"=","860":"\\","861":"\"","862":"p","863":"a","864":"g","865":"e","866":"-","867":"l","868":"i","869":"n","870":"k","871":" ","872":"f","873":"s","874":"-","875":"7","876":"\\","877":"\"","878":" ","879":"d","880":"a","881":"t","882":"a","883":"-","884":"t","885":"e","886":"s","887":"t","888":"=","889":"\\","890":"\"","891":"g","892":"o","893":"t","894":"o","895":"C","896":"l","897":"i","898":"c","899":"k","900":"\\","901":"\"","902":" ","903":"s","904":"t","905":"y","906":"l","907":"e","908":"=","909":"\\","910":"\"","911":"c","912":"u","913":"r","914":"s","915":"o","916":"r","917":":","918":" ","919":"p","920":"o","921":"i","922":"n","923":"t","924":"e","925":"r","926":"\\","927":"\"","928":" ","929":"@","930":"c","931":"l","932":"i","933":"c","934":"k","935":"=","936":"\\","937":"\"","938":"$","939":"e","940":"m","941":"i","942":"t","943":"(","944":"'","945":"g","946":"o","947":"T","948":"o","949":"'","950":",","951":" ","952":"p","953":"a","954":"g","955":"e","956":")","957":"\\","958":"\"","959":">","960":"{","961":"{","962":" ","963":"p","964":"a","965":"g","966":"e","967":" ","968":"}","969":"}","970":"<","971":"/","972":"a","973":">","974":"\\","975":"r","976":"\\","977":"n","978":" ","979":" ","980":" ","981":" ","982":" ","983":" ","984":"<","985":"/","986":"l","987":"i","988":">","989":"\\","990":"r","991":"\\","992":"n","993":" ","994":" ","995":" ","996":" ","997":" ","998":" ","999":"<","1000":"l","1001":"i","1002":" ","1003":"c","1004":"l","1005":"a","1006":"s","1007":"s","1008":"=","1009":"\\","1010":"\"","1011":"p","1012":"a","1013":"g","1014":"e","1015":"-","1016":"i","1017":"t","1018":"e","1019":"m","1020":"\\","1021":"\"","1022":" ","1023":":","1024":"c","1025":"l","1026":"a","1027":"s","1028":"s","1029":"=","1030":"\\","1031":"\"","1032":"{","1033":" ","1034":"d","1035":"i","1036":"s","1037":"a","1038":"b","1039":"l","1040":"e","1041":"d","1042":":","1043":" ","1044":"c","1045":"u","1046":"r","1047":"r","1048":"e","1049":"n","1050":"t","1051":"P","1052":"a","1053":"g","1054":"e","1055":" ","1056":"=","1057":"=","1058":"=","1059":" ","1060":"t","1061":"o","1062":"t","1063":"a","1064":"l","1065":"P","1066":"a","1067":"g","1068":"e","1069":"s","1070":" ","1071":"}","1072":"\\","1073":"\"","1074":">","1075":"\\","1076":"r","1077":"\\","1078":"n","1079":" ","1080":" ","1081":" ","1082":" ","1083":" ","1084":" ","1085":" ","1086":" ","1087":"<","1088":"a","1089":" ","1090":"c","1091":"l","1092":"a","1093":"s","1094":"s","1095":"=","1096":"\\","1097":"\"","1098":"p","1099":"a","1100":"g","1101":"e","1102":"-","1103":"l","1104":"i","1105":"n","1106":"k","1107":" ","1108":"f","1109":"s","1110":"-","1111":"7","1112":"\\","1113":"\"","1114":" ","1115":"d","1116":"a","1117":"t","1118":"a","1119":"-","1120":"t","1121":"e","1122":"s","1123":"t","1124":"=","1125":"\\","1126":"\"","1127":"n","1128":"e","1129":"x","1130":"t","1131":"C","1132":"l","1133":"i","1134":"c","1135":"k","1136":"\\","1137":"\"","1138":" ","1139":"@","1140":"c","1141":"l","1142":"i","1143":"c","1144":"k","1145":"=","1146":"\\","1147":"\"","1148":"$","1149":"e","1150":"m","1151":"i","1152":"t","1153":"(","1154":"'","1155":"n","1156":"e","1157":"x","1158":"t","1159":"P","1160":"a","1161":"g","1162":"e","1163":"'","1164":")","1165":"\\","1166":"\"","1167":" ","1168":"s","1169":"t","1170":"y","1171":"l","1172":"e","1173":"=","1174":"\\","1175":"\"","1176":"c","1177":"u","1178":"r","1179":"s","1180":"o","1181":"r","1182":":","1183":" ","1184":"p","1185":"o","1186":"i","1187":"n","1188":"t","1189":"e","1190":"r","1191":"\\","1192":"\"","1193":">","1194":"<","1195":"s","1196":"p","1197":"a","1198":"n","1199":" ","1200":"a","1201":"r","1202":"i","1203":"a","1204":"-","1205":"h","1206":"i","1207":"d","1208":"d","1209":"e","1210":"n","1211":"=","1212":"\\","1213":"\"","1214":"t","1215":"r","1216":"u","1217":"e","1218":"\\","1219":"\"","1220":">","1221":"&","1222":"G","1223":"r","1224":"e","1225":"a","1226":"t","1227":"e","1228":"r","1229":"G","1230":"r","1231":"e","1232":"a","1233":"t","1234":"e","1235":"r","1236":";","1237":"<","1238":"/","1239":"s","1240":"p","1241":"a","1242":"n","1243":">","1244":"<","1245":"/","1246":"a","1247":">","1248":"\\","1249":"r","1250":"\\","1251":"n","1252":" ","1253":" ","1254":" ","1255":" ","1256":" ","1257":" ","1258":"<","1259":"/","1260":"l","1261":"i","1262":">","1263":"\\","1264":"r","1265":"\\","1266":"n","1267":" ","1268":" ","1269":" ","1270":" ","1271":"<","1272":"/","1273":"u","1274":"l","1275":">","1276":"\\","1277":"r","1278":"\\","1279":"n","1280":" ","1281":" ","1282":"<","1283":"/","1284":"n","1285":"a","1286":"v","1287":">","1288":"\\","1289":"r","1290":"\\","1291":"n","1292":"<","1293":"/","1294":"t","1295":"e","1296":"m","1297":"p","1298":"l","1299":"a","1300":"t","1301":"e","1302":">","1303":"\\","1304":"r","1305":"\\","1306":"n","1307":"\\","1308":"r","1309":"\\","1310":"n","1311":"<","1312":"s","1313":"c","1314":"r","1315":"i","1316":"p","1317":"t","1318":">","1319":"\\","1320":"r","1321":"\\","1322":"n","1323":"e","1324":"x","1325":"p","1326":"o","1327":"r","1328":"t","1329":" ","1330":"d","1331":"e","1332":"f","1333":"a","1334":"u","1335":"l","1336":"t","1337":" ","1338":"{","1339":"\\","1340":"r","1341":"\\","1342":"n","1343":" ","1344":" ","1345":"p","1346":"r","1347":"o","1348":"p","1349":"s","1350":":","1351":" ","1352":"[","1353":"'","1354":"c","1355":"u","1356":"r","1357":"r","1358":"e","1359":"n","1360":"t","1361":"P","1362":"a","1363":"g","1364":"e","1365":"'","1366":",","1367":" ","1368":"'","1369":"t","1370":"o","1371":"t","1372":"a","1373":"l","1374":"P","1375":"a","1376":"g","1377":"e","1378":"s","1379":"'","1380":"]","1381":",","1382":"\\","1383":"r","1384":"\\","1385":"n","1386":" ","1387":" ","1388":"e","1389":"m","1390":"i","1391":"t","1392":"s","1393":":","1394":" ","1395":"[","1396":"'","1397":"n","1398":"e","1399":"x","1400":"t","1401":"P","1402":"a","1403":"g","1404":"e","1405":"'","1406":",","1407":" ","1408":"'","1409":"p","1410":"r","1411":"e","1412":"v","1413":"P","1414":"a","1415":"g","1416":"e","1417":"'","1418":",","1419":" ","1420":"'","1421":"g","1422":"o","1423":"T","1424":"o","1425":"'","1426":"]","1427":",","1428":"\\","1429":"r","1430":"\\","1431":"n","1432":"}","1433":";","1434":"\\","1435":"r","1436":"\\","1437":"n","1438":"<","1439":"/","1440":"s","1441":"c","1442":"r","1443":"i","1444":"p","1445":"t","1446":">","1447":"\\","1448":"r","1449":"\\","1450":"n","1451":"\"","1452":"]","1453":"}"},"_coverageSchema":"1a1c01bbd47fc00a2c39e90264f33305004495a9","hash":"055d60fc97611650ff44bacf2e1327182f655cd1"}
,"D:\\adminvue\\Final\\src\\components\\layout\\BreadCrumb.vue": {"path":"D:\\adminvue\\Final\\src\\components\\layout\\BreadCrumb.vue","statementMap":{"0":{"start":{"line":3,"column":0},"end":{"line":5,"column":3}},"1":{"start":{"line":6,"column":0},"end":{"line":6,"column":25}},"2":{"start":{"line":7,"column":0},"end":{"line":7,"column":54}},"3":{"start":{"line":8,"column":0},"end":{"line":8,"column":49}},"4":{"start":{"line":9,"column":15},"end":{"line":23,"column":1}},"5":{"start":{"line":12,"column":21},"end":{"line":12,"column":46}},"6":{"start":{"line":13,"column":17},"end":{"line":13,"column":38}},"7":{"start":{"line":14,"column":20},"end":{"line":14,"column":36}},"8":{"start":{"line":15,"column":6},"end":{"line":19,"column":7}},"9":{"start":{"line":16,"column":8},"end":{"line":16,"column":64}},"10":{"start":{"line":17,"column":13},"end":{"line":19,"column":7}},"11":{"start":{"line":18,"column":8},"end":{"line":18,"column":24}},"12":{"start":{"line":20,"column":6},"end":{"line":20,"column":19}},"13":{"start":{"line":24,"column":0},"end":{"line":24,"column":13}},"14":{"start":{"line":26,"column":0},"end":{"line":28,"column":3}},"15":{"start":{"line":29,"column":0},"end":{"line":29,"column":24}},"16":{"start":{"line":30,"column":11},"end":{"line":30,"column":25}},"17":{"start":{"line":31,"column":19},"end":{"line":33,"column":1}},"18":{"start":{"line":34,"column":19},"end":{"line":36,"column":1}},"19":{"start":{"line":38,"column":33},"end":{"line":38,"column":74}},"20":{"start":{"line":39,"column":2},"end":{"line":48,"column":135}},"21":{"start":{"line":44,"column":37},"end":{"line":44,"column":123}},"22":{"start":{"line":49,"column":2},"end":{"line":49,"column":49}}},"fnMap":{"0":{"name":"(anonymous_0)","decl":{"start":{"line":11,"column":4},"end":{"line":11,"column":5}},"loc":{"start":{"line":11,"column":12},"end":{"line":21,"column":5}},"line":11},"1":{"name":"render","decl":{"start":{"line":37,"column":9},"end":{"line":37,"column":15}},"loc":{"start":{"line":37,"column":30},"end":{"line":49,"column":1}},"line":37},"2":{"name":"(anonymous_2)","decl":{"start":{"line":44,"column":31},"end":{"line":44,"column":32}},"loc":{"start":{"line":44,"column":37},"end":{"line":44,"column":123}},"line":44}},"branchMap":{"0":{"loc":{"start":{"line":15,"column":6},"end":{"line":19,"column":7}},"type":"if","locations":[{"start":{"line":15,"column":6},"end":{"line":19,"column":7}},{"start":{"line":17,"column":13},"end":{"line":19,"column":7}}],"line":15},"1":{"loc":{"start":{"line":17,"column":13},"end":{"line":19,"column":7}},"type":"if","locations":[{"start":{"line":17,"column":13},"end":{"line":19,"column":7}},{"start":{},"end":{}}],"line":17},"2":{"loc":{"start":{"line":44,"column":42},"end":{"line":44,"column":121}},"type":"binary-expr","locations":[{"start":{"line":44,"column":42},"end":{"line":44,"column":51}},{"start":{"line":44,"column":56},"end":{"line":44,"column":120}}],"line":44},"3":{"loc":{"start":{"line":46,"column":6},"end":{"line":48,"column":29}},"type":"binary-expr","locations":[{"start":{"line":46,"column":6},"end":{"line":46,"column":15}},{"start":{"line":46,"column":20},"end":{"line":48,"column":28}}],"line":46}},"s":{"0":3,"1":3,"2":3,"3":3,"4":3,"5":10,"6":10,"7":10,"8":10,"9":8,"10":2,"11":1,"12":1,"13":3,"14":3,"15":3,"16":3,"17":3,"18":3,"19":10,"20":10,"21":0,"22":3},"f":{"0":10,"1":10,"2":0},"b":{"0":[8,2],"1":[1,1],"2":[0,0],"3":[10,10]},"inputSourceMap":{"0":"{","1":"\"","2":"v","3":"e","4":"r","5":"s","6":"i","7":"o","8":"n","9":"\"","10":":","11":"3","12":",","13":"\"","14":"s","15":"o","16":"u","17":"r","18":"c","19":"e","20":"s","21":"\"","22":":","23":"[","24":"\"","25":"D","26":":","27":"\\","28":"\\","29":"a","30":"d","31":"m","32":"i","33":"n","34":"v","35":"u","36":"e","37":"\\","38":"\\","39":"F","40":"i","41":"n","42":"a","43":"l","44":"\\","45":"\\","46":"s","47":"r","48":"c","49":"\\","50":"\\","51":"c","52":"o","53":"m","54":"p","55":"o","56":"n","57":"e","58":"n","59":"t","60":"s","61":"\\","62":"\\","63":"l","64":"a","65":"y","66":"o","67":"u","68":"t","69":"\\","70":"\\","71":"B","72":"r","73":"e","74":"a","75":"d","76":"C","77":"r","78":"u","79":"m","80":"b","81":".","82":"v","83":"u","84":"e","85":"\"","86":"]","87":",","88":"\"","89":"n","90":"a","91":"m","92":"e","93":"s","94":"\"","95":":","96":"[","97":"]","98":",","99":"\"","100":"m","101":"a","102":"p","103":"p","104":"i","105":"n","106":"g","107":"s","108":"\"","109":":","110":"\"","111":";","112":";","113":";","114":";","115":";","116":";","117":";","118":";","119":"i","120":"C","121":"A","122":"U","123":"e","124":";","125":"E","126":"A","127":"C","128":"b","129":",","130":"Q","131":"A","132":"A","133":"Q","134":",","135":"E","136":"A","137":"A","138":"E","139":";","140":"I","141":"A","142":"C","143":"R","144":",","145":"K","146":"A","147":"A","148":"K","149":",","150":"G","151":"A","152":"A","153":"G","154":";","155":"M","156":"A","157":"C","158":"N","159":",","160":"M","161":"A","162":"A","163":"M","164":",","165":"M","166":"A","167":"A","168":"M","169":",","170":"G","171":"A","172":"A","173":"G","174":",","175":"I","176":"A","177":"A","178":"I","179":",","180":"C","181":"A","182":"A","183":"C","184":",","185":"M","186":"A","187":"A","188":"M","189":",","190":"C","191":"A","192":"A","193":"C","194":",","195":"M","196":"A","197":"A","198":"M","199":",","200":"C","201":"A","202":"A","203":"C","204":",","205":"M","206":"A","207":"A","208":"M","209":";","210":"M","211":"A","212":"C","213":"x","214":"C","215":",","216":"M","217":"A","218":"A","219":"M","220":",","221":"E","222":"A","223":"A","224":"E","225":",","226":"G","227":"A","228":"A","229":"G","230":",","231":"I","232":"A","233":"A","234":"I","235":",","236":"C","237":"A","238":"A","239":"C","240":",","241":"M","242":"A","243":"A","244":"M","245":",","246":"C","247":"A","248":"A","249":"C","250":",","251":"M","252":"A","253":"A","254":"M","255":",","256":"C","257":"A","258":"A","259":"C","260":",","261":"E","262":"A","263":"A","264":"E","265":";","266":"M","267":"A","268":"C","269":"h","270":"C","271":",","272":"M","273":"A","274":"A","275":"M","276":",","277":"K","278":"A","279":"A","280":"K","281":",","282":"G","283":"A","284":"A","285":"G","286":",","287":"I","288":"A","289":"A","290":"I","291":",","292":"C","293":"A","294":"A","295":"C","296":",","297":"M","298":"A","299":"A","300":"M","301":",","302":"C","303":"A","304":"A","305":"C","306":",","307":"I","308":"A","309":"A","310":"I","311":";","312":"M","313":"A","314":"C","315":"9","316":"B","317":",","318":"I","319":"A","320":"A","321":"I","322":",","323":"M","324":"A","325":"A","326":"M","327":",","328":"E","329":"A","330":"A","331":"E","332":";","333":"Q","334":"A","335":"C","336":"V","337":",","338":"O","339":"A","340":"A","341":"O","342":",","343":"M","344":"A","345":"A","346":"M","347":",","348":"C","349":"A","350":"A","351":"C","352":",","353":"M","354":"A","355":"A","356":"M","357":",","358":"C","359":"A","360":"A","361":"C","362":",","363":"C","364":"A","365":"A","366":"C","367":",","368":"C","369":"A","370":"A","371":"C","372":",","373":"C","374":"A","375":"A","376":"C","377":",","378":"W","379":"A","380":"A","381":"W","382":",","383":"C","384":"A","385":"A","386":"C","387":",","388":"C","389":"A","390":"A","391":"C","392":",","393":"G","394":"A","395":"A","396":"G","397":",","398":"M","399":"A","400":"A","401":"M","402":",","403":"C","404":"A","405":"A","406":"C","407":",","408":"K","409":"A","410":"A","411":"K","412":",","413":"C","414":"A","415":"A","416":"C","417":",","418":"C","419":"A","420":"A","421":"C","422":",","423":"C","424":"A","425":"A","426":"C","427":";","428":"M","429":"A","430":"C","431":"z","432":"D","433":",","434":"C","435":"A","436":"A","437":"C","438":",","439":"M","440":"A","441":"A","442":"M","443":",","444":"I","445":"A","446":"A","447":"I","448":",","449":"E","450":"A","451":"A","452":"E","453":",","454":"E","455":"A","456":"A","457":"E","458":";","459":"Q","460":"A","461":"C","462":"b","463":",","464":"O","465":"A","466":"A","467":"O","468":",","469":"I","470":"A","471":"A","472":"I","473":",","474":"E","475":"A","476":"A","477":"E","478":",","479":"E","480":"A","481":"A","482":"E","483":";","484":"M","485":"A","486":"C","487":"j","488":"B","489":";","490":"M","491":"A","492":"C","493":"A","494":",","495":"O","496":"A","497":"A","498":"O","499":",","500":"K","501":"A","502":"A","503":"K","504":";","505":"I","506":"A","507":"C","508":"d","509":";","510":"E","511":"A","512":"C","513":"F","514":";","515":"A","516":"A","517":"C","518":"F","519":",","520":"C","521":"A","522":"A","523":"C","524":"\"","525":",","526":"\"","527":"f","528":"i","529":"l","530":"e","531":"\"","532":":","533":"\"","534":"D","535":":","536":"\\","537":"\\","538":"a","539":"d","540":"m","541":"i","542":"n","543":"v","544":"u","545":"e","546":"\\","547":"\\","548":"F","549":"i","550":"n","551":"a","552":"l","553":"\\","554":"\\","555":"s","556":"r","557":"c","558":"\\","559":"\\","560":"c","561":"o","562":"m","563":"p","564":"o","565":"n","566":"e","567":"n","568":"t","569":"s","570":"\\","571":"\\","572":"l","573":"a","574":"y","575":"o","576":"u","577":"t","578":"\\","579":"\\","580":"B","581":"r","582":"e","583":"a","584":"d","585":"C","586":"r","587":"u","588":"m","589":"b","590":".","591":"v","592":"u","593":"e","594":"\"","595":",","596":"\"","597":"s","598":"o","599":"u","600":"r","601":"c","602":"e","603":"s","604":"C","605":"o","606":"n","607":"t","608":"e","609":"n","610":"t","611":"\"","612":":","613":"[","614":"\"","615":"<","616":"t","617":"e","618":"m","619":"p","620":"l","621":"a","622":"t","623":"e","624":">","625":"\\","626":"r","627":"\\","628":"n","629":" ","630":" ","631":"<","632":"n","633":"a","634":"v","635":" ","636":"c","637":"l","638":"a","639":"s","640":"s","641":"=","642":"\\","643":"\"","644":"b","645":"r","646":"e","647":"a","648":"d","649":"c","650":"r","651":"u","652":"m","653":"b","654":"\\","655":"\"","656":">","657":"\\","658":"r","659":"\\","660":"n","661":" ","662":" ","663":" ","664":" ","665":"<","666":"!","667":"-","668":"-","669":" ","670":"C","671":"l","672":"i","673":"c","674":"k","675":"i","676":"n","677":"g","678":" ","679":"H","680":"o","681":"m","682":"e","683":" ","684":"→","685":" ","686":"g","687":"o","688":"e","689":"s","690":" ","691":"b","692":"a","693":"c","694":"k","695":" ","696":"t","697":"o","698":" ","699":"C","700":"o","701":"a","702":"c","703":"h","704":"F","705":"i","706":"l","707":"t","708":"e","709":"r","710":" ","711":"-","712":"-","713":">","714":"\\","715":"r","716":"\\","717":"n","718":" ","719":" ","720":" ","721":" ","722":"<","723":"r","724":"o","725":"u","726":"t","727":"e","728":"r","729":"-","730":"l","731":"i","732":"n","733":"k","734":" ","735":":","736":"t","737":"o","738":"=","739":"\\","740":"\"","741":"{","742":" ","743":"n","744":"a","745":"m","746":"e","747":":","748":" ","749":"'","750":"h","751":"o","752":"m","753":"e","754":"'","755":" ","756":"}","757":"\\","758":"\"","759":">","760":"H","761":"o","762":"m","763":"e","764":"<","765":"/","766":"r","767":"o","768":"u","769":"t","770":"e","771":"r","772":"-","773":"l","774":"i","775":"n","776":"k","777":">","778":"\\","779":"r","780":"\\","781":"n","782":" ","783":" ","784":" ","785":" ","786":"<","787":"s","788":"p","789":"a","790":"n","791":" ","792":"c","793":"l","794":"a","795":"s","796":"s","797":"=","798":"\\","799":"\"","800":"s","801":"e","802":"p","803":"a","804":"r","805":"a","806":"t","807":"o","808":"r","809":"\\","810":"\"","811":">","812":" ","813":"/","814":" ","815":"<","816":"/","817":"s","818":"p","819":"a","820":"n","821":">","822":"\\","823":"r","824":"\\","825":"n","826":" ","827":" ","828":" ","829":" ","830":"<","831":"s","832":"p","833":"a","834":"n","835":" ","836":"c","837":"l","838":"a","839":"s","840":"s","841":"=","842":"\\","843":"\"","844":"c","845":"u","846":"r","847":"r","848":"e","849":"n","850":"t","851":"\\","852":"\"","853":">","854":"{","855":"{","856":" ","857":"l","858":"a","859":"b","860":"e","861":"l","862":" ","863":"}","864":"}","865":"<","866":"/","867":"s","868":"p","869":"a","870":"n","871":">","872":"\\","873":"r","874":"\\","875":"n","876":" ","877":" ","878":"<","879":"/","880":"n","881":"a","882":"v","883":">","884":"\\","885":"r","886":"\\","887":"n","888":"<","889":"/","890":"t","891":"e","892":"m","893":"p","894":"l","895":"a","896":"t","897":"e","898":">","899":"\\","900":"r","901":"\\","902":"n","903":"\\","904":"r","905":"\\","906":"n","907":"<","908":"s","909":"c","910":"r","911":"i","912":"p","913":"t","914":">","915":"\\","916":"r","917":"\\","918":"n","919":"e","920":"x","921":"p","922":"o","923":"r","924":"t","925":" ","926":"d","927":"e","928":"f","929":"a","930":"u","931":"l","932":"t","933":" ","934":"{","935":"\\","936":"r","937":"\\","938":"n","939":" ","940":" ","941":"c","942":"o","943":"m","944":"p","945":"u","946":"t","947":"e","948":"d","949":":","950":" ","951":"{","952":"\\","953":"r","954":"\\","955":"n","956":" ","957":" ","958":" ","959":" ","960":"l","961":"a","962":"b","963":"e","964":"l","965":"(","966":")","967":" ","968":"{","969":"\\","970":"r","971":"\\","972":"n","973":" ","974":" ","975":" ","976":" ","977":" ","978":" ","979":"c","980":"o","981":"n","982":"s","983":"t","984":" ","985":"f","986":"i","987":"l","988":"t","989":"e","990":"r","991":" ","992":"=","993":" ","994":"t","995":"h","996":"i","997":"s","998":".","999":"$","1000":"r","1001":"o","1002":"u","1003":"t","1004":"e","1005":".","1006":"p","1007":"a","1008":"r","1009":"a","1010":"m","1011":"s","1012":".","1013":"f","1014":"i","1015":"l","1016":"t","1017":"e","1018":"r","1019":";","1020":"\\","1021":"r","1022":"\\","1023":"n","1024":" ","1025":" ","1026":" ","1027":" ","1028":" ","1029":" ","1030":"c","1031":"o","1032":"n","1033":"s","1034":"t","1035":" ","1036":"i","1037":"d","1038":" ","1039":"=","1040":" ","1041":"t","1042":"h","1043":"i","1044":"s","1045":".","1046":"$","1047":"r","1048":"o","1049":"u","1050":"t","1051":"e","1052":".","1053":"p","1054":"a","1055":"r","1056":"a","1057":"m","1058":"s","1059":".","1060":"i","1061":"d","1062":";","1063":"\\","1064":"r","1065":"\\","1066":"n","1067":" ","1068":" ","1069":" ","1070":" ","1071":" ","1072":" ","1073":"c","1074":"o","1075":"n","1076":"s","1077":"t","1078":" ","1079":"p","1080":"n","1081":"a","1082":"m","1083":"e","1084":" ","1085":"=","1086":" ","1087":"t","1088":"h","1089":"i","1090":"s","1091":".","1092":"$","1093":"r","1094":"o","1095":"u","1096":"t","1097":"e","1098":".","1099":"n","1100":"a","1101":"m","1102":"e","1103":";","1104":"\\","1105":"r","1106":"\\","1107":"n","1108":" ","1109":" ","1110":" ","1111":" ","1112":" ","1113":" ","1114":"i","1115":"f","1116":" ","1117":"(","1118":"f","1119":"i","1120":"l","1121":"t","1122":"e","1123":"r","1124":")","1125":" ","1126":"{","1127":"\\","1128":"r","1129":"\\","1130":"n","1131":" ","1132":" ","1133":" ","1134":" ","1135":" ","1136":" ","1137":" ","1138":" ","1139":"r","1140":"e","1141":"t","1142":"u","1143":"r","1144":"n","1145":" ","1146":"f","1147":"i","1148":"l","1149":"t","1150":"e","1151":"r","1152":".","1153":"c","1154":"h","1155":"a","1156":"r","1157":"A","1158":"t","1159":"(","1160":"0","1161":")","1162":".","1163":"t","1164":"o","1165":"U","1166":"p","1167":"p","1168":"e","1169":"r","1170":"C","1171":"a","1172":"s","1173":"e","1174":"(","1175":")","1176":" ","1177":"+","1178":" ","1179":"f","1180":"i","1181":"l","1182":"t","1183":"e","1184":"r","1185":".","1186":"s","1187":"l","1188":"i","1189":"c","1190":"e","1191":"(","1192":"1","1193":")","1194":";","1195":"\\","1196":"r","1197":"\\","1198":"n","1199":" ","1200":" ","1201":" ","1202":" ","1203":" ","1204":" ","1205":"}","1206":" ","1207":"e","1208":"l","1209":"s","1210":"e","1211":" ","1212":"i","1213":"f","1214":" ","1215":"(","1216":"i","1217":"d","1218":")","1219":" ","1220":"{","1221":"\\","1222":"r","1223":"\\","1224":"n","1225":" ","1226":" ","1227":" ","1228":" ","1229":" ","1230":" ","1231":" ","1232":" ","1233":"r","1234":"e","1235":"t","1236":"u","1237":"r","1238":"n","1239":" ","1240":"`","1241":"#","1242":"$","1243":"{","1244":"i","1245":"d","1246":"}","1247":"`","1248":";","1249":"\\","1250":"r","1251":"\\","1252":"n","1253":" ","1254":" ","1255":" ","1256":" ","1257":" ","1258":" ","1259":"}","1260":"\\","1261":"r","1262":"\\","1263":"n","1264":" ","1265":" ","1266":" ","1267":" ","1268":" ","1269":" ","1270":"r","1271":"e","1272":"t","1273":"u","1274":"r","1275":"n","1276":" ","1277":"p","1278":"n","1279":"a","1280":"m","1281":"e","1282":";","1283":"\\","1284":"r","1285":"\\","1286":"n","1287":" ","1288":" ","1289":" ","1290":" ","1291":"}","1292":",","1293":"\\","1294":"r","1295":"\\","1296":"n","1297":" ","1298":" ","1299":"}","1300":",","1301":"\\","1302":"r","1303":"\\","1304":"n","1305":"}","1306":";","1307":"\\","1308":"r","1309":"\\","1310":"n","1311":"<","1312":"/","1313":"s","1314":"c","1315":"r","1316":"i","1317":"p","1318":"t","1319":">","1320":"\\","1321":"r","1322":"\\","1323":"n","1324":"\\","1325":"r","1326":"\\","1327":"n","1328":"<","1329":"s","1330":"t","1331":"y","1332":"l","1333":"e","1334":" ","1335":"s","1336":"c","1337":"o","1338":"p","1339":"e","1340":"d","1341":">","1342":"\\","1343":"r","1344":"\\","1345":"n","1346":".","1347":"b","1348":"r","1349":"e","1350":"a","1351":"d","1352":"c","1353":"r","1354":"u","1355":"m","1356":"b","1357":" ","1358":"{","1359":"\\","1360":"r","1361":"\\","1362":"n","1363":" ","1364":" ","1365":"p","1366":"a","1367":"d","1368":"d","1369":"i","1370":"n","1371":"g","1372":":","1373":" ","1374":"8","1375":"p","1376":"x","1377":" ","1378":"1","1379":"6","1380":"p","1381":"x","1382":";","1383":"\\","1384":"r","1385":"\\","1386":"n","1387":" ","1388":" ","1389":"f","1390":"o","1391":"n","1392":"t","1393":"-","1394":"s","1395":"i","1396":"z","1397":"e","1398":":","1399":" ","1400":"1","1401":"4","1402":"p","1403":"x","1404":";","1405":"\\","1406":"r","1407":"\\","1408":"n","1409":" ","1410":" ","1411":"d","1412":"i","1413":"s","1414":"p","1415":"l","1416":"a","1417":"y","1418":":","1419":" ","1420":"f","1421":"l","1422":"e","1423":"x","1424":";","1425":"\\","1426":"r","1427":"\\","1428":"n","1429":" ","1430":" ","1431":"a","1432":"l","1433":"i","1434":"g","1435":"n","1436":"-","1437":"i","1438":"t","1439":"e","1440":"m","1441":"s","1442":":","1443":" ","1444":"c","1445":"e","1446":"n","1447":"t","1448":"e","1449":"r","1450":";","1451":"\\","1452":"r","1453":"\\","1454":"n","1455":" ","1456":" ","1457":"g","1458":"a","1459":"p","1460":":","1461":" ","1462":"4","1463":"p","1464":"x","1465":";","1466":"\\","1467":"r","1468":"\\","1469":"n","1470":"}","1471":"\\","1472":"r","1473":"\\","1474":"n","1475":".","1476":"s","1477":"e","1478":"p","1479":"a","1480":"r","1481":"a","1482":"t","1483":"o","1484":"r","1485":" ","1486":"{","1487":"\\","1488":"r","1489":"\\","1490":"n","1491":" ","1492":" ","1493":"c","1494":"o","1495":"l","1496":"o","1497":"r","1498":":","1499":" ","1500":"#","1501":"9","1502":"9","1503":"9","1504":";","1505":"\\","1506":"r","1507":"\\","1508":"n","1509":"}","1510":"\\","1511":"r","1512":"\\","1513":"n","1514":".","1515":"c","1516":"u","1517":"r","1518":"r","1519":"e","1520":"n","1521":"t","1522":" ","1523":"{","1524":"\\","1525":"r","1526":"\\","1527":"n","1528":" ","1529":" ","1530":"c","1531":"o","1532":"l","1533":"o","1534":"r","1535":":","1536":" ","1537":"#","1538":"5","1539":"5","1540":"5","1541":";","1542":"\\","1543":"r","1544":"\\","1545":"n","1546":" ","1547":" ","1548":"f","1549":"o","1550":"n","1551":"t","1552":"-","1553":"w","1554":"e","1555":"i","1556":"g","1557":"h","1558":"t","1559":":","1560":" ","1561":"5","1562":"0","1563":"0","1564":";","1565":"\\","1566":"r","1567":"\\","1568":"n","1569":"}","1570":"\\","1571":"r","1572":"\\","1573":"n","1574":"a","1575":" ","1576":"{","1577":"\\","1578":"r","1579":"\\","1580":"n","1581":" ","1582":" ","1583":"c","1584":"o","1585":"l","1586":"o","1587":"r","1588":":","1589":" ","1590":"#","1591":"3","1592":"b","1593":"8","1594":"2","1595":"f","1596":"6","1597":";","1598":"\\","1599":"r","1600":"\\","1601":"n","1602":" ","1603":" ","1604":"t","1605":"e","1606":"x","1607":"t","1608":"-","1609":"d","1610":"e","1611":"c","1612":"o","1613":"r","1614":"a","1615":"t","1616":"i","1617":"o","1618":"n","1619":":","1620":" ","1621":"n","1622":"o","1623":"n","1624":"e","1625":";","1626":"\\","1627":"r","1628":"\\","1629":"n","1630":"}","1631":"\\","1632":"r","1633":"\\","1634":"n","1635":"a","1636":":","1637":"h","1638":"o","1639":"v","1640":"e","1641":"r","1642":" ","1643":"{","1644":"\\","1645":"r","1646":"\\","1647":"n","1648":" ","1649":" ","1650":"t","1651":"e","1652":"x","1653":"t","1654":"-","1655":"d","1656":"e","1657":"c","1658":"o","1659":"r","1660":"a","1661":"t","1662":"i","1663":"o","1664":"n","1665":":","1666":" ","1667":"u","1668":"n","1669":"d","1670":"e","1671":"r","1672":"l","1673":"i","1674":"n","1675":"e","1676":";","1677":"\\","1678":"r","1679":"\\","1680":"n","1681":"}","1682":"\\","1683":"r","1684":"\\","1685":"n","1686":"<","1687":"/","1688":"s","1689":"t","1690":"y","1691":"l","1692":"e","1693":">","1694":"\\","1695":"r","1696":"\\","1697":"n","1698":"\"","1699":"]","1700":"}"},"_coverageSchema":"1a1c01bbd47fc00a2c39e90264f33305004495a9","hash":"8de62f02c0641022e5ce4935a8dfd6b32472b044"}
,"D:\\adminvue\\Final\\src\\components\\layout\\TheHeader.vue": {"path":"D:\\adminvue\\Final\\src\\components\\layout\\TheHeader.vue","statementMap":{"0":{"start":{"line":3,"column":0},"end":{"line":5,"column":3}},"1":{"start":{"line":6,"column":0},"end":{"line":6,"column":25}},"2":{"start":{"line":7,"column":15},"end":{"line":18,"column":1}},"3":{"start":{"line":10,"column":6},"end":{"line":10,"column":58}},"4":{"start":{"line":15,"column":6},"end":{"line":15,"column":53}},"5":{"start":{"line":19,"column":0},"end":{"line":19,"column":13}},"6":{"start":{"line":21,"column":29},"end":{"line":21,"column":126}},"7":{"start":{"line":22,"column":0},"end":{"line":24,"column":3}},"8":{"start":{"line":25,"column":0},"end":{"line":25,"column":24}},"9":{"start":{"line":26,"column":11},"end":{"line":26,"column":25}},"10":{"start":{"line":27,"column":17},"end":{"line":27,"column":86}},"11":{"start":{"line":28,"column":19},"end":{"line":32,"column":1}},"12":{"start":{"line":33,"column":19},"end":{"line":35,"column":1}},"13":{"start":{"line":36,"column":19},"end":{"line":40,"column":1}},"14":{"start":{"line":41,"column":19},"end":{"line":43,"column":1}},"15":{"start":{"line":44,"column":19},"end":{"line":48,"column":1}},"16":{"start":{"line":49,"column":19},"end":{"line":51,"column":1}},"17":{"start":{"line":52,"column":19},"end":{"line":57,"column":1}},"18":{"start":{"line":59,"column":2},"end":{"line":82,"column":261}},"19":{"start":{"line":79,"column":52},"end":{"line":79,"column":89}},"20":{"start":{"line":83,"column":2},"end":{"line":83,"column":49}}},"fnMap":{"0":{"name":"(anonymous_0)","decl":{"start":{"line":9,"column":4},"end":{"line":9,"column":5}},"loc":{"start":{"line":9,"column":19},"end":{"line":11,"column":5}},"line":9},"1":{"name":"(anonymous_1)","decl":{"start":{"line":14,"column":4},"end":{"line":14,"column":5}},"loc":{"start":{"line":14,"column":14},"end":{"line":16,"column":5}},"line":14},"2":{"name":"render","decl":{"start":{"line":58,"column":9},"end":{"line":58,"column":15}},"loc":{"start":{"line":58,"column":30},"end":{"line":83,"column":1}},"line":58},"3":{"name":"(anonymous_3)","decl":{"start":{"line":79,"column":39},"end":{"line":79,"column":40}},"loc":{"start":{"line":79,"column":52},"end":{"line":79,"column":89}},"line":79}},"branchMap":{"0":{"loc":{"start":{"line":59,"column":
[...]
80":"<","4081":"/","4082":"d","4083":"i","4084":"v","4085":">","4086":"\\","4087":"r","4088":"\\","4089":"n","4090":" ","4091":" ","4092":"<","4093":"/","4094":"d","4095":"i","4096":"v","4097":">","4098":"\\","4099":"r","4100":"\\","4101":"n","4102":"<","4103":"/","4104":"t","4105":"e","4106":"m","4107":"p","4108":"l","4109":"a","4110":"t","4111":"e","4112":">","4113":"\\","4114":"r","4115":"\\","4116":"n","4117":"\\","4118":"r","4119":"\\","4120":"n","4121":"<","4122":"s","4123":"c","4124":"r","4125":"i","4126":"p","4127":"t","4128":">","4129":"\\","4130":"r","4131":"\\","4132":"n","4133":"e","4134":"x","4135":"p","4136":"o","4137":"r","4138":"t","4139":" ","4140":"d","4141":"e","4142":"f","4143":"a","4144":"u","4145":"l","4146":"t","4147":" ","4148":"{","4149":"\\","4150":"r","4151":"\\","4152":"n","4153":" ","4154":" ","4155":"d","4156":"a","4157":"t","4158":"a","4159":"(","4160":")","4161":" ","4162":"{","4163":"\\","4164":"r","4165":"\\","4166":"n","4167":" ","4168":" ","4169":" ","4170":" ","4171":"r","4172":"e","4173":"t","4174":"u","4175":"r","4176":"n","4177":" ","4178":"{","4179":"\\","4180":"r","4181":"\\","4182":"n","4183":" ","4184":" ","4185":" ","4186":" ","4187":" ","4188":" ","4189":"e","4190":"m","4191":"a","4192":"i","4193":"l","4194":":","4195":" ","4196":"{","4197":"\\","4198":"r","4199":"\\","4200":"n","4201":" ","4202":" ","4203":" ","4204":" ","4205":" ","4206":" ","4207":" ","4208":" ","4209":"v","4210":"a","4211":"l","4212":"u","4213":"e","4214":":","4215":" ","4216":"'","4217":"'","4218":",","4219":"\\","4220":"r","4221":"\\","4222":"n","4223":" ","4224":" ","4225":" ","4226":" ","4227":" ","4228":" ","4229":" ","4230":" ","4231":"i","4232":"s","4233":"V","4234":"a","4235":"l","4236":"i","4237":"d","4238":":","4239":" ","4240":"t","4241":"r","4242":"u","4243":"e","4244":",","4245":"\\","4246":"r","4247":"\\","4248":"n","4249":" ","4250":" ","4251":" ","4252":" ","4253":" ","4254":" ","4255":"}","4256":",","4257":"\\","4258":"r","4259":"\\","4260":"n","4261":" ","4262":" ","4263":" ","4264":" ","4265":" ","4266":" ","4267":"m","4268":"s","4269":"g","4270":":","4271":" ","4272":"{","4273":"\\","4274":"r","4275":"\\","4276":"n","4277":" ","4278":" ","4279":" ","4280":" ","4281":" ","4282":" ","4283":" ","4284":" ","4285":"v","4286":"a","4287":"l","4288":"u","4289":"e","4290":":","4291":" ","4292":"'","4293":"'","4294":",","4295":"\\","4296":"r","4297":"\\","4298":"n","4299":" ","4300":" ","4301":" ","4302":" ","4303":" ","4304":" ","4305":" ","4306":" ","4307":"i","4308":"s","4309":"V","4310":"a","4311":"l","4312":"i","4313":"d","4314":":","4315":" ","4316":"t","4317":"r","4318":"u","4319":"e","4320":",","4321":"\\","4322":"r","4323":"\\","4324":"n","4325":" ","4326":" ","4327":" ","4328":" ","4329":" ","4330":" ","4331":"}","4332":",","4333":"\\","4334":"r","4335":"\\","4336":"n","4337":" ","4338":" ","4339":" ","4340":" ","4341":" ","4342":" ","4343":"i","4344":"s","4345":"F","4346":"o","4347":"r","4348":"m","4349":"V","4350":"a","4351":"l","4352":"i","4353":"d","4354":":","4355":" ","4356":"t","4357":"r","4358":"u","4359":"e","4360":",","4361":"\\","4362":"r","4363":"\\","4364":"n","4365":" ","4366":" ","4367":" ","4368":" ","4369":"}","4370":";","4371":"\\","4372":"r","4373":"\\","4374":"n","4375":" ","4376":" ","4377":"}","4378":",","4379":"\\","4380":"r","4381":"\\","4382":"n","4383":" ","4384":" ","4385":"m","4386":"e","4387":"t","4388":"h","4389":"o","4390":"d","4391":"s","4392":":","4393":" ","4394":"{","4395":"\\","4396":"r","4397":"\\","4398":"n","4399":" ","4400":" ","4401":" ","4402":" ","4403":"c","4404":"l","4405":"e","4406":"a","4407":"r","4408":"V","4409":"a","4410":"l","4411":"d","4412":"i","4413":"t","4414":"y","4415":"(","4416":"i","4417":"n","4418":"p","4419":"u","4420":"t","4421":")","4422":" ","4423":"{","4424":"\\","4425":"r","4426":"\\","4427":"n","4428":" ","4429":" ","4430":" ","4431":" ","4432":" ","4433":" ","4434":"t","4435":"h","4436":"i","4437":"s","4438":"[","4439":"i","4440":"n","4441":"p","4442":"u","4443":"t","4444":"]","4445":".","4446":"i","4447":"s","4448":"V","4449":"a","4450":"l","4451":"i","4452":"d","4453":" ","4454":"=","4455":" ","4456":"t","4457":"r","4458":"u","4459":"e","4460":";","4461":"\\","4462":"r","4463":"\\","4464":"n","4465":" ","4466":" ","4467":" ","4468":" ","4469":" ","4470":" ","4471":"t","4472":"h","4473":"i","4474":"s","4475":".","4476":"i","4477":"s","4478":"F","4479":"o","4480":"r","4481":"m","4482":"V","4483":"a","4484":"l","4485":"i","4486":"d","4487":" ","4488":"=","4489":" ","4490":"t","4491":"r","4492":"u","4493":"e","4494":";","4495":"\\","4496":"r","4497":"\\","4498":"n","4499":" ","4500":" ","4501":" ","4502":" ","4503":"}","4504":",","4505":"\\","4506":"r","4507":"\\","4508":"n","4509":" ","4510":" ","4511":" ","4512":" ","4513":"V","4514":"a","4515":"l","4516":"i","4517":"d","4518":"a","4519":"t","4520":"e","4521":"F","4522":"o","4523":"r","4524":"m","4525":"(","4526":")","4527":" ","4528":"{","4529":"\\","4530":"r","4531":"\\","4532":"n","4533":" ","4534":" ","4535":" ","4536":" ","4537":" ","4538":" ","4539":"i","4540":"f","4541":" ","4542":"(","4543":"t","4544":"h","4545":"i","4546":"s","4547":".","4548":"e","4549":"m","4550":"a","4551":"i","4552":"l","4553":".","4554":"v","4555":"a","4556":"l","4557":"u","4558":"e","4559":" ","4560":"=","4561":"=","4562":"=","4563":" ","4564":"'","4565":"'","4566":")","4567":" ","4568":"{","4569":"\\","4570":"r","4571":"\\","4572":"n","4573":" ","4574":" ","4575":" ","4576":" ","4577":" ","4578":" ","4579":" ","4580":" ","4581":"t","4582":"h","4583":"i","4584":"s","4585":".","4586":"e","4587":"m","4588":"a","4589":"i","4590":"l","4591":".","4592":"i","4593":"s","4594":"V","4595":"a","4596":"l","4597":"i","4598":"d","4599":" ","4600":"=","4601":" ","4602":"f","4603":"a","4604":"l","4605":"s","4606":"e","4607":";","4608":"\\","4609":"r","4610":"\\","4611":"n","4612":" ","4613":" ","4614":" ","4615":" ","4616":" ","4617":" ","4618":" ","4619":" ","4620":"t","4621":"h","4622":"i","4623":"s","4624":".","4625":"i","4626":"s","4627":"F","4628":"o","4629":"r","4630":"m","4631":"V","4632":"a","4633":"l","4634":"i","4635":"d","4636":" ","4637":"=","4638":" ","4639":"f","4640":"a","4641":"l","4642":"s","4643":"e","4644":";","4645":"\\","4646":"r","4647":"\\","4648":"n","4649":" ","4650":" ","4651":" ","4652":" ","4653":" ","4654":" ","4655":"}","4656":"\\","4657":"r","4658":"\\","4659":"n","4660":" ","4661":" ","4662":" ","4663":" ","4664":" ","4665":" ","4666":"i","4667":"f","4668":" ","4669":"(","4670":"t","4671":"h","4672":"i","4673":"s","4674":".","4675":"m","4676":"s","4677":"g","4678":".","4679":"v","4680":"a","4681":"l","4682":"u","4683":"e","4684":" ","4685":"=","4686":"=","4687":"=","4688":" ","4689":"'","4690":"'","4691":")","4692":" ","4693":"{","4694":"\\","4695":"r","4696":"\\","4697":"n","4698":" ","4699":" ","4700":" ","4701":" ","4702":" ","4703":" ","4704":" ","4705":" ","4706":"t","4707":"h","4708":"i","4709":"s","4710":".","4711":"m","4712":"s","4713":"g","4714":".","4715":"i","4716":"s","4717":"V","4718":"a","4719":"l","4720":"i","4721":"d","4722":" ","4723":"=","4724":" ","4725":"f","4726":"a","4727":"l","4728":"s","4729":"e","4730":";","4731":"\\","4732":"r","4733":"\\","4734":"n","4735":" ","4736":" ","4737":" ","4738":" ","4739":" ","4740":" ","4741":" ","4742":" ","4743":"t","4744":"h","4745":"i","4746":"s","4747":".","4748":"i","4749":"s","4750":"F","4751":"o","4752":"r","4753":"m","4754":"V","4755":"a","4756":"l","4757":"i","4758":"d","4759":" ","4760":"=","4761":" ","4762":"f","4763":"a","4764":"l","4765":"s","4766":"e","4767":";","4768":"\\","4769":"r","4770":"\\","4771":"n","4772":" ","4773":" ","4774":" ","4775":" ","4776":" ","4777":" ","4778":"}","4779":"\\","4780":"r","4781":"\\","4782":"n","4783":" ","4784":" ","4785":" ","4786":" ","4787":"}","4788":",","4789":"\\","4790":"r","4791":"\\","4792":"n","4793":" ","4794":" ","4795":" ","4796":" ","4797":"s","4798":"a","4799":"v","4800":"e","4801":"D","4802":"a","4803":"t","4804":"a","4805":"(","4806":")","4807":" ","4808":"{","4809":"\\","4810":"r","4811":"\\","4812":"n","4813":" ","4814":" ","4815":" ","4816":" ","4817":" ","4818":" ","4819":"t","4820":"h","4821":"i","4822":"s","4823":".","4824":"i","4825":"s","4826":"F","4827":"o","4828":"r","4829":"m","4830":"V","4831":"a","4832":"l","4833":"i","4834":"d","4835":" ","4836":"=","4837":" ","4838":"t","4839":"r","4840":"u","4841":"e","4842":";","4843":"\\","4844":"r","4845":"\\","4846":"n","4847":" ","4848":" ","4849":" ","4850":" ","4851":" ","4852":" ","4853":"t","4854":"h","4855":"i","4856":"s","4857":".","4858":"V","4859":"a","4860":"l","4861":"i","4862":"d","4863":"a","4864":"t","4865":"e","4866":"F","4867":"o","4868":"r","4869":"m","4870":"(","4871":")","4872":";","4873":"\\","4874":"r","4875":"\\","4876":"n","4877":" ","4878":" ","4879":" ","4880":" ","4881":" ","4882":" ","4883":"/","4884":"/","4885":"a","4886":"l","4887":"e","4888":"r","4889":"t","4890":"(","4891":"'","4892":"s","4893":"a","4894":"v","4895":"e","4896":"d","4897":"'","4898":")","4899":";","4900":"\\","4901":"r","4902":"\\","4903":"n","4904":" ","4905":" ","4906":" ","4907":" ","4908":" ","4909":" ","4910":"i","4911":"f","4912":" ","4913":"(","4914":"!","4915":"t","4916":"h","4917":"i","4918":"s","4919":".","4920":"i","4921":"s","4922":"F","4923":"o","4924":"r","4925":"m","4926":"V","4927":"a","4928":"l","4929":"i","4930":"d","4931":")","4932":" ","4933":"{","4934":"\\","4935":"r","4936":"\\","4937":"n","4938":" ","4939":" ","4940":" ","4941":" ","4942":" ","4943":" ","4944":" ","4945":" ","4946":"r","4947":"e","4948":"t","4949":"u","4950":"r","4951":"n","4952":";","4953":"\\","4954":"r","4955":"\\","4956":"n","4957":" ","4958":" ","4959":" ","4960":" ","4961":" ","4962":" ","4963":"}","4964":"\\","4965":"r","4966":"\\","4967":"n","4968":" ","4969":" ","4970":" ","4971":" ","4972":" ","4973":" ","4974":"t","4975":"h","4976":"i","4977":"s","4978":".","4979":"$","4980":"s","4981":"t","4982":"o","4983":"r","4984":"e","4985":".","4986":"d","4987":"i","4988":"s","4989":"p","4990":"a","4991":"t","4992":"c","4993":"h","4994":"(","4995":"'","4996":"c","4997":"o","4998":"n","4999":"t","5000":"a","5001":"c","5002":"t","5003":"M","5004":"o","5005":"d","5006":"/","5007":"a","5008":"d","5009":"d","5010":"M","5011":"s","5012":"g","5013":"'","5014":",","5015":" ","5016":"{","5017":"\\","5018":"r","5019":"\\","5020":"n","5021":" ","5022":" ","5023":" ","5024":" ","5025":" ","5026":" ","5027":" ","5028":" ","5029":"e","5030":"m","5031":"a","5032":"i","5033":"l","5034":":","5035":" ","5036":"t","5037":"h","5038":"i","5039":"s","5040":".","5041":"e","5042":"m","5043":"a","5044":"i","5045":"l","5046":",","5047":"\\","5048":"r","5049":"\\","5050":"n","5051":" ","5052":" ","5053":" ","5054":" ","5055":" ","5056":" ","5057":" ","5058":" ","5059":"m","5060":"s","5061":"g","5062":":","5063":" ","5064":"t","5065":"h","5066":"i","5067":"s","5068":".","5069":"m","5070":"s","5071":"g","5072":",","5073":"\\","5074":"r","5075":"\\","5076":"n","5077":" ","5078":" ","5079":" ","5080":" ","5081":" ","5082":" ","5083":" ","5084":" ","5085":"c","5086":"o","5087":"a","5088":"c","5089":"h","5090":"I","5091":"d","5092":":","5093":" ","5094":"t","5095":"h","5096":"i","5097":"s","5098":".","5099":"$","5100":"r","5101":"o","5102":"u","5103":"t","5104":"e","5105":".","5106":"p","5107":"a","5108":"r","5109":"a","5110":"m","5111":"s","5112":".","5113":"i","5114":"d","5115":",","5116":"\\","5117":"r","5118":"\\","5119":"n","5120":" ","5121":" ","5122":" ","5123":" ","5124":" ","5125":" ","5126":"}","5127":")","5128":";","5129":"\\","5130":"r","5131":"\\","5132":"n","5133":"\\","5134":"r","5135":"\\","5136":"n","5137":" ","5138":" ","5139":" ","5140":" ","5141":" ","5142":" ","5143":"c","5144":"o","5145":"n","5146":"s","5147":"t","5148":" ","5149":"t","5150":"o","5151":"a","5152":"s","5153":"t","5154":"E","5155":"l","5156":" ","5157":"=","5158":" ","5159":"d","5160":"o","5161":"c","5162":"u","5163":"m","5164":"e","5165":"n","5166":"t","5167":".","5168":"g","5169":"e","5170":"t","5171":"E","5172":"l","5173":"e","5174":"m","5175":"e","5176":"n","5177":"t","5178":"B","5179":"y","5180":"I","5181":"d","5182":"(","5183":"'","5184":"t","5185":"o","5186":"a","5187":"s","5188":"t","5189":"D","5190":"e","5191":"f","5192":"a","5193":"u","5194":"l","5195":"t","5196":"'","5197":")","5198":";","5199":"\\","5200":"r","5201":"\\","5202":"n","5203":" ","5204":" ","5205":" ","5206":" ","5207":" ","5208":" ","5209":"c","5210":"o","5211":"n","5212":"s","5213":"t","5214":" ","5215":"t","5216":"o","5217":"a","5218":"s","5219":"t","5220":" ","5221":"=","5222":" ","5223":"n","5224":"e","5225":"w","5226":" ","5227":"w","5228":"i","5229":"n","5230":"d","5231":"o","5232":"w","5233":".","5234":"b","5235":"o","5236":"o","5237":"t","5238":"s","5239":"t","5240":"r","5241":"a","5242":"p","5243":".","5244":"T","5245":"o","5246":"a","5247":"s","5248":"t","5249":"(","5250":"t","5251":"o","5252":"a","5253":"s","5254":"t","5255":"E","5256":"l","5257":")","5258":";","5259":"\\","5260":"r","5261":"\\","5262":"n","5263":" ","5264":" ","5265":" ","5266":" ","5267":" ","5268":" ","5269":"t","5270":"o","5271":"a","5272":"s","5273":"t","5274":".","5275":"s","5276":"h","5277":"o","5278":"w","5279":"(","5280":")","5281":";","5282":"\\","5283":"r","5284":"\\","5285":"n","5286":" ","5287":" ","5288":" ","5289":" ","5290":" ","5291":" ","5292":"/","5293":"/","5294":"r","5295":"e","5296":"s","5297":"e","5298":"t","5299":" ","5300":"v","5301":"a","5302":"l","5303":"u","5304":"e","5305":"\\","5306":"r","5307":"\\","5308":"n","5309":" ","5310":" ","5311":" ","5312":" ","5313":" ","5314":" ","5315":"t","5316":"h","5317":"i","5318":"s","5319":".","5320":"e","5321":"m","5322":"a","5323":"i","5324":"l","5325":" ","5326":"=","5327":" ","5328":"{","5329":" ","5330":"v","5331":"a","5332":"l","5333":"u","5334":"e","5335":":","5336":" ","5337":"'","5338":"'","5339":",","5340":" ","5341":"i","5342":"s","5343":"V","5344":"a","5345":"l","5346":"i","5347":"d","5348":":","5349":" ","5350":"t","5351":"r","5352":"u","5353":"e","5354":" ","5355":"}","5356":";","5357":"\\","5358":"r","5359":"\\","5360":"n","5361":" ","5362":" ","5363":" ","5364":" ","5365":" ","5366":" ","5367":"t","5368":"h","5369":"i","5370":"s","5371":".","5372":"m","5373":"s","5374":"g","5375":" ","5376":"=","5377":" ","5378":"{","5379":" ","5380":"v","5381":"a","5382":"l","5383":"u","5384":"e","5385":":","5386":" ","5387":"'","5388":"'","5389":",","5390":" ","5391":"i","5392":"s","5393":"V","5394":"a","5395":"l","5396":"i","5397":"d","5398":":","5399":" ","5400":"t","5401":"r","5402":"u","5403":"e","5404":" ","5405":"}","5406":";","5407":"\\","5408":"r","5409":"\\","5410":"n","5411":" ","5412":" ","5413":" ","5414":" ","5415":"}","5416":",","5417":"\\","5418":"r","5419":"\\","5420":"n","5421":" ","5422":" ","5423":"}","5424":",","5425":"\\","5426":"r","5427":"\\","5428":"n","5429":"}","5430":";","5431":"\\","5432":"r","5433":"\\","5434":"n","5435":"<","5436":"/","5437":"s","5438":"c","5439":"r","5440":"i","5441":"p","5442":"t","5443":">","5444":"\\","5445":"r","5446":"\\","5447":"n","5448":"\\","5449":"r","5450":"\\","5451":"n","5452":"<","5453":"s","5454":"t","5455":"y","5456":"l","5457":"e","5458":">","5459":"\\","5460":"r","5461":"\\","5462":"n","5463":"i","5464":"n","5465":"p","5466":"u","5467":"t","5468":".","5469":"i","5470":"n","5471":"v","5472":"a","5473":"l","5474":"i","5475":"d","5476":",","5477":"\\","5478":"r","5479":"\\","5480":"n","5481":"t","5482":"e","5483":"x","5484":"t","5485":"a","5486":"r","5487":"e","5488":"a","5489":".","5490":"i","5491":"n","5492":"v","5493":"a","5494":"l","5495":"i","5496":"d","5497":" ","5498":"{","5499":"\\","5500":"r","5501":"\\","5502":"n","5503":" ","5504":" ","5505":"b","5506":"o","5507":"r","5508":"d","5509":"e","5510":"r","5511":":","5512":" ","5513":"1","5514":"p","5515":"x","5516":" ","5517":"s","5518":"o","5519":"l","5520":"i","5521":"d","5522":" ","5523":"r","5524":"e","5525":"d","5526":";","5527":"\\","5528":"r","5529":"\\","5530":"n","5531":"}","5532":"\\","5533":"r","5534":"\\","5535":"n","5536":"\\","5537":"r","5538":"\\","5539":"n","5540":".","5541":"f","5542":"i","5543":"e","5544":"l","5545":"d","5546":"-","5547":"w","5548":"r","5549":"a","5550":"p","5551":" ","5552":"{","5553":"\\","5554":"r","5555":"\\","5556":"n","5557":" ","5558":" ","5559":"p","5560":"o","5561":"s","5562":"i","5563":"t","5564":"i","5565":"o","5566":"n","5567":":","5568":" ","5569":"r","5570":"e","5571":"l","5572":"a","5573":"t","5574":"i","5575":"v","5576":"e","5577":";","5578":"\\","5579":"r","5580":"\\","5581":"n","5582":"}","5583":"\\","5584":"r","5585":"\\","5586":"n","5587":"\\","5588":"r","5589":"\\","5590":"n","5591":".","5592":"f","5593":"i","5594":"e","5595":"l","5596":"d","5597":"-","5598":"e","5599":"r","5600":"r","5601":"o","5602":"r","5603":" ","5604":"{","5605":"\\","5606":"r","5607":"\\","5608":"n","5609":" ","5610":" ","5611":"m","5612":"a","5613":"r","5614":"g","5615":"i","5616":"n","5617":":","5618":" ","5619":"0","5620":";","5621":"\\","5622":"r","5623":"\\","5624":"n","5625":" ","5626":" ","5627":"p","5628":"a","5629":"d","5630":"d","5631":"i","5632":"n","5633":"g","5634":":","5635":" ","5636":"0","5637":";","5638":"\\","5639":"r","5640":"\\","5641":"n","5642":" ","5643":" ","5644":"m","5645":"i","5646":"n","5647":"-","5648":"h","5649":"e","5650":"i","5651":"g","5652":"h","5653":"t","5654":":","5655":" ","5656":"1","5657":"r","5658":"e","5659":"m","5660":";","5661":"\\","5662":"r","5663":"\\","5664":"n","5665":" ","5666":" ","5667":"f","5668":"o","5669":"n","5670":"t","5671":"-","5672":"s","5673":"i","5674":"z","5675":"e","5676":":","5677":" ","5678":"0","5679":".","5680":"7","5681":"5","5682":"r","5683":"e","5684":"m","5685":";","5686":"\\","5687":"r","5688":"\\","5689":"n","5690":" ","5691":" ","5692":"c","5693":"o","5694":"l","5695":"o","5696":"r","5697":":","5698":" ","5699":"#","5700":"d","5701":"c","5702":"3","5703":"5","5704":"4","5705":"5","5706":";","5707":"\\","5708":"r","5709":"\\","5710":"n","5711":" ","5712":" ","5713":"v","5714":"i","5715":"s","5716":"i","5717":"b","5718":"i","5719":"l","5720":"i","5721":"t","5722":"y","5723":":","5724":" ","5725":"h","5726":"i","5727":"d","5728":"d","5729":"e","5730":"n","5731":";","5732":"\\","5733":"r","5734":"\\","5735":"n","5736":" ","5737":" ","5738":"l","5739":"i","5740":"n","5741":"e","5742":"-","5743":"h","5744":"e","5745":"i","5746":"g","5747":"h","5748":"t","5749":":","5750":" ","5751":"1","5752":"r","5753":"e","5754":"m","5755":";","5756":"\\","5757":"r","5758":"\\","5759":"n","5760":"}","5761":"\\","5762":"r","5763":"\\","5764":"n","5765":"\\","5766":"r","5767":"\\","5768":"n","5769":".","5770":"f","5771":"i","5772":"e","5773":"l","5774":"d","5775":"-","5776":"e","5777":"r","5778":"r","5779":"o","5780":"r","5781":".","5782":"v","5783":"i","5784":"s","5785":"i","5786":"b","5787":"l","5788":"e","5789":" ","5790":"{","5791":"\\","5792":"r","5793":"\\","5794":"n","5795":" ","5796":" ","5797":"v","5798":"i","5799":"s","5800":"i","5801":"b","5802":"i","5803":"l","5804":"i","5805":"t","5806":"y","5807":":","5808":" ","5809":"v","5810":"i","5811":"s","5812":"i","5813":"b","5814":"l","5815":"e","5816":";","5817":"\\","5818":"r","5819":"\\","5820":"n","5821":"}","5822":"\\","5823":"r","5824":"\\","5825":"n","5826":"<","5827":"/","5828":"s","5829":"t","5830":"y","5831":"l","5832":"e","5833":">","5834":"\\","5835":"r","5836":"\\","5837":"n","5838":"\"","5839":"]","5840":"}"},"_coverageSchema":"1a1c01bbd47fc00a2c39e90264f33305004495a9","hash":"44a092d5a18e0a970184fab6fdf794b1eed3cede"}
,"D:\\adminvue\\Final\\tests\\unit\\fileMock.js": {"path":"D:\\adminvue\\Final\\tests\\unit\\fileMock.js","statementMap":{"0":{"start":{"line":2,"column":0},"end":{"line":2,"column":34}}},"fnMap":{},"branchMap":{},"s":{"0":1},"f":{},"b":{},"_coverageSchema":"1a1c01bbd47fc00a2c39e90264f33305004495a9","hash":"ae849b0895578bef80d118180bc34f43ee100481"}
}
