TN:
SF:src\components\CoachItem.vue
FN:11,(anonymous_0)
FN:14,(anonymous_1)
FN:19,(anonymous_2)
FN:28,(anonymous_3)
FN:57,render
FN:59,(anonymous_5)
FN:70,(anonymous_6)
FN:77,(anonymous_7)
FN:83,(anonymous_8)
FNF:9
FNH:8
FNDA:13,(anonymous_0)
FNDA:13,(anonymous_1)
FNDA:30,(anonymous_2)
FNDA:1,(anonymous_3)
FNDA:14,render
FNDA:28,(anonymous_5)
FNDA:0,(anonymous_6)
FNDA:1,(anonymous_7)
FNDA:1,(anonymous_8)
DA:3,2
DA:6,2
DA:7,2
DA:12,13
DA:15,13
DA:20,30
DA:26,30
DA:29,1
DA:37,1
DA:41,2
DA:43,2
DA:46,2
DA:47,2
DA:48,2
DA:51,2
DA:54,2
DA:58,14
DA:59,14
DA:60,28
DA:70,0
DA:77,1
DA:83,1
DA:87,2
LF:23
LH:22
BRDA:26,0,0,30
BRDA:26,0,1,28
BRDA:64,1,0,14
BRDA:64,1,1,13
BRDA:70,2,0,0
BRDA:70,2,1,0
BRDA:77,3,0,14
BRDA:77,3,1,13
BRDA:78,4,0,14
BRDA:78,4,1,13
BRDA:83,5,0,14
BRDA:83,5,1,13
BRDA:84,6,0,14
BRDA:84,6,1,13
BRF:14
BRH:12
end_of_record
TN:
SF:src\components\ThePagination.vue
FN:25,render
FN:33,(anonymous_1)
FN:39,(anonymous_2)
FN:52,(anonymous_3)
FN:61,(anonymous_4)
FNF:5
FNH:5
FNDA:5,render
FNDA:1,(anonymous_1)
FNDA:10,(anonymous_2)
FNDA:1,(anonymous_3)
FNDA:1,(anonymous_4)
DA:3,2
DA:6,2
DA:7,2
DA:11,2
DA:13,2
DA:16,2
DA:17,2
DA:18,2
DA:21,2
DA:24,2
DA:26,5
DA:33,1
DA:40,10
DA:52,1
DA:61,1
DA:68,2
LF:16
LH:16
BRDA:33,0,0,5
BRDA:33,0,1,3
BRDA:37,1,0,5
BRDA:37,1,1,3
BRDA:61,2,0,5
BRDA:61,2,1,3
BRDA:65,3,0,5
BRDA:65,3,1,3
BRF:8
BRH:8
end_of_record
TN:
SF:src\components\layout\BreadCrumb.vue
FN:11,(anonymous_0)
FN:37,render
FN:44,(anonymous_2)
FNF:3
FNH:2
FNDA:10,(anonymous_0)
FNDA:10,render
FNDA:0,(anonymous_2)
DA:3,3
DA:6,3
DA:7,3
DA:8,3
DA:9,3
DA:12,10
DA:13,10
DA:14,10
DA:15,10
DA:16,8
DA:17,2
DA:18,1
DA:20,1
DA:24,3
DA:26,3
DA:29,3
DA:30,3
DA:31,3
DA:34,3
DA:38,10
DA:39,10
DA:44,0
DA:49,3
LF:23
LH:22
BRDA:15,0,0,8
BRDA:15,0,1,2
BRDA:17,1,0,1
BRDA:17,1,1,1
BRDA:44,2,0,0
BRDA:44,2,1,0
BRDA:46,3,0,10
BRDA:46,3,1,10
BRF:8
BRH:6
end_of_record
TN:
SF:src\components\layout\TheHeader.vue
FN:9,(anonymous_0)
FN:14,(anonymous_1)
FN:58,render
FN:79,(anonymous_3)
FNF:4
FNH:3
FNDA:1,(anonymous_0)
FNDA:1,(anonymous_1)
FNDA:1,render
FNDA:0,(anonymous_3)
DA:3,1
DA:6,1
DA:7,1
DA:10,1
DA:15,1
DA:19,1
DA:21,1
DA:22,1
DA:25,1
DA:26,1
DA:27,1
DA:28,1
DA:33,1
DA:36,1
DA:41,1
DA:44,1
DA:49,1
DA:52,1
DA:59,1
DA:79,0
DA:83,1
LF:21
LH:20
BRDA:59,0,0,1
BRDA:59,0,1,1
BRDA:72,1,0,1
BRDA:72,1,1,1
BRDA:79,2,0,1
BRDA:79,2,1,1
BRDA:79,3,0,0
BRDA:79,3,1,0
BRDA:80,4,0,1
BRDA:80,4,1,1
BRF:10
BRH:8
end_of_record
TN:
SF:src\components\layout\TheSidebar.vue
FN:56,render
FN:62,(anonymous_1)
FN:74,(anonymous_2)
FN:82,(anonymous_3)
FN:90,(anonymous_4)
FN:98,(anonymous_5)
FNF:6
FNH:6
FNDA:2,render
FNDA:2,(anonymous_1)
FNDA:2,(anonymous_2)
FNDA:2,(anonymous_3)
FNDA:2,(anonymous_4)
FNDA:2,(anonymous_5)
DA:3,1
DA:6,1
DA:7,1
DA:8,1
DA:12,1
DA:15,1
DA:19,1
DA:34,1
DA:37,1
DA:44,1
DA:47,1
DA:50,1
DA:53,1
DA:57,2
DA:58,2
DA:62,2
DA:74,2
DA:82,2
DA:90,2
DA:98,2
DA:103,1
LF:21
LH:21
BRDA:62,0,0,2
BRDA:62,0,1,2
BRDA:66,1,0,2
BRDA:66,1,1,2
BRDA:74,2,0,2
BRDA:74,2,1,2
BRDA:82,3,0,2
BRDA:82,3,1,2
BRDA:90,4,0,2
BRDA:90,4,1,2
BRDA:98,5,0,2
BRDA:98,5,1,2
BRDA:102,6,0,2
BRDA:102,6,1,2
BRF:14
BRH:14
end_of_record
TN:
SF:src\pages\auth\SingUp.vue
FN:8,(anonymous_0)
FN:25,(anonymous_1)
FN:29,(anonymous_2)
FN:32,(anonymous_3)
FN:42,(anonymous_4)
FN:62,(anonymous_5)
FN:77,(anonymous_6)
FN:145,render
FN:155,(anonymous_8)
FN:163,(anonymous_9)
FN:164,(anonymous_10)
FN:181,(anonymous_11)
FN:182,(anonymous_12)
FN:187,(anonymous_13)
FN:211,(anonymous_14)
FNF:15
FNH:9
FNDA:11,(anonymous_0)
FNDA:1,(anonymous_1)
FNDA:1,(anonymous_2)
FNDA:6,(anonymous_3)
FNDA:6,(anonymous_4)
FNDA:1,(anonymous_5)
FNDA:6,(anonymous_6)
FNDA:22,render
FNDA:0,(anonymous_8)
FNDA:1,(anonymous_9)
FNDA:0,(anonymous_10)
FNDA:0,(anonymous_11)
FNDA:0,(anonymous_12)
FNDA:0,(anonymous_13)
FNDA:0,(anonymous_14)
DA:3,1
DA:6,1
DA:7,1
DA:9,11
DA:26,1
DA:27,1
DA:30,1
DA:33,6
DA:34,3
DA:35,3
DA:37,6
DA:38,3
DA:39,3
DA:43,6
DA:44,6
DA:45,6
DA:46,6
DA:47,4
DA:51,2
DA:55,2
DA:56,2
DA:57,2
DA:58,1
DA:59,1
DA:60,1
DA:61,1
DA:62,1
DA:63,1
DA:64,1
DA:67,1
DA:68,1
DA:69,1
DA:70,1
DA:71,1
DA:72,1
DA:78,6
DA:82,1
DA:84,1
DA:87,1
DA:88,1
DA:89,1
DA:92,1
DA:95,1
DA:98,1
DA:101,1
DA:104,1
DA:107,1
DA:110,1
DA:113,1
DA:116,1
DA:117,1
DA:120,1
DA:123,1
DA:126,1
DA:129,1
DA:132,1
DA:139,1
DA:142,1
DA:146,22
DA:147,22
DA:148,22
DA:155,0
DA:163,1
DA:164,0
DA:181,0
DA:182,0
DA:187,0
DA:211,0
DA:226,1
LF:69
LH:63
BRDA:33,0,0,3
BRDA:33,0,1,3
BRDA:33,1,0,6
BRDA:33,1,1,6
BRDA:37,2,0,3
BRDA:37,2,1,3
BRDA:46,3,0,4
BRDA:46,3,1,2
BRDA:63,4,0,1
BRDA:63,4,1,1
BRDA:68,5,0,1
BRDA:68,5,1,0
BRDA:148,6,0,22
BRDA:148,6,1,11
BRDA:152,7,0,22
BRDA:152,7,1,11
BRDA:155,8,0,22
BRDA:155,8,1,11
BRDA:155,9,0,0
BRDA:155,9,1,0
BRDA:163,10,0,22
BRDA:163,10,1,11
BRDA:164,11,0,22
BRDA:164,11,1,11
BRDA:167,12,0,22
BRDA:167,12,1,11
BRDA:176,13,0,1
BRDA:176,13,1,21
BRDA:181,14,0,22
BRDA:181,14,1,11
BRDA:182,15,0,22
BRDA:182,15,1,11
BRDA:186,16,0,1
BRDA:186,16,1,21
BRDA:187,17,0,22
BRDA:187,17,1,11
BRDA:187,18,0,0
BRDA:187,18,1,0
BRDA:195,19,0,22
BRDA:195,19,1,11
BRDA:211,20,0,0
BRDA:211,20,1,0
BRDA:213,21,0,22
BRDA:213,21,1,11
BRDA:217,22,0,1
BRDA:217,22,1,21
BRDA:218,23,0,22
BRDA:218,23,1,11
BRDA:220,24,0,22
BRDA:220,24,1,11
BRDA:220,25,0,22
BRDA:220,25,1,11
BRDA:225,26,0,1
BRDA:225,26,1,21
BRF:54
BRH:47
end_of_record
TN:
SF:src\pages\auth\UserAuth.vue
FN:8,(anonymous_0)
FN:25,(anonymous_1)
FN:29,(anonymous_2)
FN:32,(anonymous_3)
FN:42,(anonymous_4)
FN:60,(anonymous_5)
FN:73,(anonymous_6)
FN:141,render
FN:151,(anonymous_8)
FN:159,(anonymous_9)
FN:160,(anonymous_10)
FN:177,(anonymous_11)
FN:178,(anonymous_12)
FN:183,(anonymous_13)
FN:207,(anonymous_14)
FNF:15
FNH:10
FNDA:9,(anonymous_0)
FNDA:1,(anonymous_1)
FNDA:1,(anonymous_2)
FNDA:5,(anonymous_3)
FNDA:5,(anonymous_4)
FNDA:1,(anonymous_5)
FNDA:5,(anonymous_6)
FNDA:19,render
FNDA:0,(anonymous_8)
FNDA:1,(anonymous_9)
FNDA:0,(anonymous_10)
FNDA:0,(anonymous_11)
FNDA:0,(anonymous_12)
FNDA:0,(anonymous_13)
FNDA:19,(anonymous_14)
DA:3,1
DA:6,1
DA:7,1
DA:9,9
DA:26,1
DA:27,1
DA:30,1
DA:33,5
DA:34,2
DA:35,2
DA:37,5
DA:38,2
DA:39,2
DA:43,5
DA:44,5
DA:45,5
DA:46,5
DA:47,3
DA:49,2
DA:53,2
DA:54,2
DA:55,2
DA:56,1
DA:57,1
DA:58,1
DA:59,1
DA:60,1
DA:61,1
DA:62,1
DA:65,1
DA:66,1
DA:67,1
DA:68,1
DA:69,1
DA:70,1
DA:74,5
DA:78,1
DA:80,1
DA:83,1
DA:84,1
DA:85,1
DA:88,1
DA:91,1
DA:94,1
DA:97,1
DA:100,1
DA:103,1
DA:106,1
DA:109,1
DA:112,1
DA:113,1
DA:116,1
DA:119,1
DA:122,1
DA:125,1
DA:128,1
DA:135,1
DA:138,1
DA:142,19
DA:143,19
DA:144,19
DA:151,0
DA:159,1
DA:160,0
DA:177,0
DA:178,0
DA:183,0
DA:207,19
DA:224,1
LF:69
LH:64
BRDA:33,0,0,2
BRDA:33,0,1,3
BRDA:33,1,0,5
BRDA:33,1,1,4
BRDA:37,2,0,2
BRDA:37,2,1,3
BRDA:46,3,0,3
BRDA:46,3,1,2
BRDA:61,4,0,1
BRDA:61,4,1,1
BRDA:66,5,0,1
BRDA:66,5,1,0
BRDA:144,6,0,19
BRDA:144,6,1,9
BRDA:148,7,0,19
BRDA:148,7,1,9
BRDA:151,8,0,19
BRDA:151,8,1,9
BRDA:151,9,0,0
BRDA:151,9,1,0
BRDA:159,10,0,19
BRDA:159,10,1,9
BRDA:160,11,0,19
BRDA:160,11,1,9
BRDA:163,12,0,19
BRDA:163,12,1,9
BRDA:172,13,0,1
BRDA:172,13,1,18
BRDA:177,14,0,19
BRDA:177,14,1,9
BRDA:178,15,0,19
BRDA:178,15,1,9
BRDA:182,16,0,1
BRDA:182,16,1,18
BRDA:183,17,0,19
BRDA:183,17,1,9
BRDA:183,18,0,0
BRDA:183,18,1,0
BRDA:191,19,0,19
BRDA:191,19,1,9
BRDA:207,20,0,19
BRDA:207,20,1,9
BRDA:209,21,0,19
BRDA:209,21,1,9
BRDA:215,22,0,1
BRDA:215,22,1,18
BRDA:216,23,0,19
BRDA:216,23,1,9
BRDA:218,24,0,19
BRDA:218,24,1,9
BRDA:218,25,0,19
BRDA:218,25,1,9
BRDA:223,26,0,1
BRDA:223,26,1,18
BRF:54
BRH:49
end_of_record
TN:
SF:src\pages\coach\CoachList.vue
FN:19,(anonymous_0)
FN:53,(anonymous_1)
FN:57,(anonymous_2)
FN:62,(anonymous_3)
FN:66,(anonymous_4)
FN:71,(anonymous_5)
FN:74,(anonymous_6)
FN:77,(anonymous_7)
FN:81,(anonymous_8)
FN:108,(anonymous_9)
FN:112,(anonymous_10)
FN:135,(anonymous_11)
FN:155,(anonymous_12)
FN:160,(anonymous_13)
FN:170,(anonymous_14)
FN:298,render
FN:311,(anonymous_16)
FN:319,(anonymous_17)
FN:352,(anonymous_18)
FN:358,(anonymous_19)
FN:368,(anonymous_20)
FN:374,(anonymous_21)
FN:384,(anonymous_22)
FN:390,(anonymous_23)
FN:401,(anonymous_24)
FN:412,(anonymous_25)
FN:413,(anonymous_26)
FN:427,(anonymous_27)
FN:433,(anonymous_28)
FN:447,(anonymous_29)
FN:460,(anonymous_30)
FNF:31
FNH:17
FNDA:7,(anonymous_0)
FNDA:7,(anonymous_1)
FNDA:17,(anonymous_2)
FNDA:9,(anonymous_3)
FNDA:6,(anonymous_4)
FNDA:1,(anonymous_5)
FNDA:1,(anonymous_6)
FNDA:1,(anonymous_7)
FNDA:2,(anonymous_8)
FNDA:0,(anonymous_9)
FNDA:2,(anonymous_10)
FNDA:2,(anonymous_11)
FNDA:1,(anonymous_12)
FNDA:1,(anonymous_13)
FNDA:0,(anonymous_14)
FNDA:12,render
FNDA:0,(anonymous_16)
FNDA:18,(anonymous_17)
FNDA:0,(anonymous_18)
FNDA:0,(anonymous_19)
FNDA:0,(anonymous_20)
FNDA:0,(anonymous_21)
FNDA:0,(anonymous_22)
FNDA:0,(anonymous_23)
FNDA:48,(anonymous_24)
FNDA:0,(anonymous_25)
FNDA:0,(anonymous_26)
FNDA:0,(anonymous_27)
FNDA:0,(anonymous_28)
FNDA:0,(anonymous_29)
FNDA:1,(anonymous_30)
DA:3,1
DA:4,1
DA:7,1
DA:8,1
DA:9,1
DA:10,1
DA:11,1
DA:12,1
DA:13,1
DA:20,7
DA:54,7
DA:55,7
DA:56,7
DA:57,6
DA:59,17
DA:63,9
DA:64,9
DA:67,6
DA:72,1
DA:75,1
DA:78,1
DA:82,2
DA:105,2
DA:106,2
DA:109,0
DA:110,0
DA:113,2
DA:114,2
DA:115,1
DA:116,1
DA:118,2
DA:119,0
DA:120,0
DA:122,2
DA:123,0
DA:124,0
DA:126,2
DA:127,1
DA:128,1
DA:130,2
DA:131,0
DA:132,0
DA:137,2
DA:138,2
DA:139,1
DA:141,1
DA:143,1
DA:151,1
DA:152,1
DA:153,1
DA:156,1
DA:157,1
DA:158,1
DA:161,1
DA:162,1
DA:163,1
DA:165,1
DA:166,1
DA:171,0
DA:175,1
DA:177,1
DA:180,1
DA:181,1
DA:182,1
DA:183,1
DA:184,1
DA:187,1
DA:190,1
DA:194,1
DA:197,1
DA:200,1
DA:204,1
DA:207,1
DA:210,1
DA:213,1
DA:216,1
DA:219,1
DA:222,1
DA:225,1
DA:228,1
DA:232,1
DA:235,1
DA:238,1
DA:241,1
DA:244,1
DA:251,1
DA:254,1
DA:257,1
DA:260,1
DA:263,1
DA:266,1
DA:269,1
DA:272,1
DA:275,1
DA:276,1
DA:277,1
DA:280,1
DA:283,1
DA:289,1
DA:292,1
DA:295,1
DA:299,12
DA:300,12
DA:301,12
DA:302,12
DA:303,12
DA:311,0
DA:320,18
DA:352,0
DA:358,0
DA:368,0
DA:374,0
DA:384,0
DA:390,0
DA:402,48
DA:412,0
DA:413,0
DA:427,0
DA:433,0
DA:447,0
DA:460,1
DA:462,1
LF:122
LH:101
BRDA:56,0,0,1
BRDA:56,0,1,6
BRDA:59,1,0,1
BRDA:59,1,1,16
BRDA:59,2,0,17
BRDA:59,2,1,17
BRDA:72,3,0,1
BRDA:72,3,1,0
BRDA:75,4,0,1
BRDA:75,4,1,0
BRDA:114,5,0,1
BRDA:114,5,1,1
BRDA:118,6,0,0
BRDA:118,6,1,2
BRDA:122,7,0,0
BRDA:122,7,1,2
BRDA:126,8,0,1
BRDA:126,8,1,1
BRDA:126,9,0,2
BRDA:126,9,1,1
BRDA:130,10,0,0
BRDA:130,10,1,2
BRDA:138,11,0,1
BRDA:138,11,1,1
BRDA:151,12,0,1
BRDA:151,12,1,1
BRDA:151,12,2,1
BRDA:161,13,0,1
BRDA:161,13,1,0
BRDA:303,14,0,11
BRDA:303,14,1,1
BRDA:303,15,0,11
BRDA:303,15,1,1
BRDA:305,16,0,11
BRDA:305,16,1,1
BRDA:305,17,0,11
BRDA:305,17,1,6
BRDA:307,18,0,11
BRDA:307,18,1,6
BRDA:311,19,0,0
BRDA:311,19,1,0
BRDA:315,20,0,11
BRDA:315,20,1,6
BRDA:317,21,0,1
BRDA:317,21,1,10
BRDA:317,22,0,1
BRDA:317,22,1,1
BRDA:319,23,0,1
BRDA:319,23,1,1
BRDA:338,24,0,12
BRDA:338,24,1,7
BRDA:347,25,0,12
BRDA:347,25,1,7
BRDA:352,26,0,12
BRDA:352,26,1,7
BRDA:358,27,0,12
BRDA:358,27,1,7
BRDA:363,28,0,12
BRDA:363,28,1,7
BRDA:368,29,0,12
BRDA:368,29,1,7
BRDA:374,30,0,12
BRDA:374,30,1,7
BRDA:379,31,0,12
BRDA:379,31,1,7
BRDA:384,32,0,12
BRDA:384,32,1,7
BRDA:390,33,0,12
BRDA:390,33,1,7
BRDA:397,34,0,12
BRDA:397,34,1,7
BRDA:412,35,0,48
BRDA:412,35,1,7
BRDA:413,36,0,48
BRDA:413,36,1,7
BRDA:422,37,0,12
BRDA:422,37,1,7
BRDA:427,38,0,12
BRDA:427,38,1,7
BRDA:433,39,0,12
BRDA:433,39,1,7
BRDA:438,40,0,12
BRDA:438,40,1,7
BRDA:447,41,0,12
BRDA:447,41,1,7
BRDA:447,42,0,0
BRDA:447,42,1,0
BRDA:448,43,0,12
BRDA:448,43,1,7
BRDA:450,44,0,12
BRDA:450,44,1,7
BRDA:450,45,0,12
BRDA:450,45,1,7
BRDA:460,46,0,12
BRDA:460,46,1,7
BRDA:460,47,0,1
BRDA:460,47,1,1
BRF:97
BRH:87
end_of_record
TN:
SF:src\pages\contact\CoachMessages.vue
FN:14,(anonymous_0)
FN:19,(anonymous_1)
FN:62,render
FN:68,(anonymous_3)
FN:79,(anonymous_4)
FNF:5
FNH:4
FNDA:1,(anonymous_0)
FNDA:1,(anonymous_1)
FNDA:1,render
FNDA:1,(anonymous_3)
FNDA:0,(anonymous_4)
DA:3,1
DA:4,1
DA:7,1
DA:8,1
DA:9,1
DA:15,1
DA:20,1
DA:24,1
DA:26,1
DA:29,1
DA:30,1
DA:31,1
DA:34,1
DA:37,1
DA:40,1
DA:43,1
DA:46,1
DA:49,1
DA:52,1
DA:55,1
DA:58,1
DA:61,1
DA:63,1
DA:64,1
DA:69,1
DA:79,0
DA:88,1
LF:27
LH:26
BRDA:64,0,0,1
BRDA:64,0,1,1
BRDA:66,1,0,1
BRDA:66,1,1,0
BRDA:71,2,0,1
BRDA:71,2,1,1
BRDA:73,3,0,1
BRDA:73,3,1,1
BRDA:77,4,0,1
BRDA:77,4,1,1
BRDA:83,5,0,0
BRDA:83,5,1,0
BRDA:85,6,0,1
BRDA:85,6,1,1
BRF:14
BRH:11
end_of_record
TN:
SF:src\pages\contact\ContactCoach.vue
FN:8,(anonymous_0)
FN:22,(anonymous_1)
FN:26,(anonymous_2)
FN:36,(anonymous_3)
FN:94,render
FN:100,(anonymous_5)
FN:112,(anonymous_6)
FN:113,(anonymous_7)
FN:129,(anonymous_8)
FN:130,(anonymous_9)
FNF:10
FNH:7
FNDA:2,(anonymous_0)
FNDA:0,(anonymous_1)
FNDA:2,(anonymous_2)
FNDA:2,(anonymous_3)
FNDA:6,render
FNDA:2,(anonymous_5)
FNDA:1,(anonymous_6)
FNDA:0,(anonymous_7)
FNDA:1,(anonymous_8)
FNDA:0,(anonymous_9)
DA:3,1
DA:6,1
DA:7,1
DA:9,2
DA:23,0
DA:24,0
DA:27,2
DA:28,1
DA:29,1
DA:31,2
DA:32,1
DA:33,1
DA:37,2
DA:38,2
DA:40,2
DA:41,1
DA:43,1
DA:48,1
DA:49,1
DA:50,1
DA:52,1
DA:56,1
DA:63,1
DA:65,1
DA:68,1
DA:69,1
DA:70,1
DA:73,1
DA:76,1
DA:79,1
DA:82,1
DA:85,1
DA:88,1
DA:91,1
DA:95,6
DA:100,2
DA:112,1
DA:113,0
DA:129,1
DA:130,0
DA:167,1
LF:41
LH:37
BRDA:27,0,0,1
BRDA:27,0,1,1
BRDA:31,1,0,1
BRDA:31,1,1,1
BRDA:40,2,0,1
BRDA:40,2,1,1
BRDA:95,3,0,6
BRDA:95,3,1,2
BRDA:100,4,0,6
BRDA:100,4,1,2
BRDA:100,5,0,2
BRDA:100,5,1,2
BRDA:101,6,0,6
BRDA:101,6,1,2
BRDA:112,7,0,6
BRDA:112,7,1,2
BRDA:113,8,0,6
BRDA:113,8,1,2
BRDA:120,9,0,6
BRDA:120,9,1,2
BRDA:129,10,0,6
BRDA:129,10,1,2
BRDA:130,11,0,6
BRDA:130,11,1,2
BRDA:137,12,0,6
BRDA:137,12,1,2
BRF:26
BRH:26
end_of_record
TN:
SF:tests\unit\fileMock.js
FNF:0
FNH:0
DA:2,1
LF:1
LH:1
BRF:0
BRH:0
end_of_record
