TN:
SF:src\components\CoachItem.vue
FN:12,(anonymous_0)
FN:15,(anonymous_1)
FN:18,(anonymous_2)
FN:22,badgeColor
FN:32,onEdit
FN:67,render
FN:69,(anonymous_6)
FN:80,(anonymous_7)
FN:87,(anonymous_8)
FN:93,(anonymous_9)
FNF:10
FNH:9
FNDA:12,(anonymous_0)
FNDA:12,(anonymous_1)
FNDA:12,(anonymous_2)
FNDA:27,badgeColor
FNDA:1,onEdit
FNDA:13,render
FNDA:25,(anonymous_6)
FNDA:0,(anonymous_7)
FNDA:1,(anonymous_8)
FNDA:1,(anonymous_9)
DA:3,2
DA:6,2
DA:7,2
DA:8,2
DA:15,12
DA:16,12
DA:18,12
DA:19,12
DA:23,27
DA:29,27
DA:33,1
DA:41,1
DA:43,12
DA:51,2
DA:53,2
DA:56,2
DA:57,2
DA:58,2
DA:61,2
DA:64,2
DA:68,13
DA:69,13
DA:70,25
DA:80,0
DA:87,1
DA:93,1
DA:97,2
LF:27
LH:26
BRDA:29,0,0,27
BRDA:29,0,1,25
BRDA:74,1,0,13
BRDA:74,1,1,12
BRDA:80,2,0,0
BRDA:80,2,1,0
BRDA:87,3,0,13
BRDA:87,3,1,12
BRDA:88,4,0,13
BRDA:88,4,1,12
BRDA:93,5,0,13
BRDA:93,5,1,12
BRDA:94,6,0,13
BRDA:94,6,1,12
BRF:14
BRH:12
end_of_record
TN:
SF:src\components\ThePagination.vue
FN:25,render
FN:33,(anonymous_1)
FN:36,(anonymous_2)
FN:46,(anonymous_3)
FN:55,(anonymous_4)
FNF:5
FNH:5
FNDA:5,render
FNDA:1,(anonymous_1)
FNDA:10,(anonymous_2)
FNDA:1,(anonymous_3)
FNDA:1,(anonymous_4)
DA:3,2
DA:6,2
DA:7,2
DA:11,2
DA:13,2
DA:16,2
DA:17,2
DA:18,2
DA:21,2
DA:24,2
DA:26,5
DA:33,1
DA:37,10
DA:46,1
DA:55,1
DA:59,2
LF:16
LH:16
BRDA:33,0,0,5
BRDA:33,0,1,3
BRDA:34,1,0,5
BRDA:34,1,1,3
BRDA:55,2,0,5
BRDA:55,2,1,3
BRDA:56,3,0,5
BRDA:56,3,1,3
BRF:8
BRH:8
end_of_record
TN:
SF:src\components\layout\BreadCrumb.vue
FN:12,(anonymous_0)
FN:14,(anonymous_1)
FN:43,render
FN:50,(anonymous_3)
FNF:4
FNH:3
FNDA:10,(anonymous_0)
FNDA:10,(anonymous_1)
FNDA:10,render
FNDA:0,(anonymous_3)
DA:3,3
DA:6,3
DA:7,3
DA:8,3
DA:9,3
DA:10,3
DA:11,3
DA:13,10
DA:14,10
DA:15,10
DA:16,10
DA:17,10
DA:18,10
DA:19,8
DA:20,2
DA:21,1
DA:23,1
DA:25,10
DA:30,3
DA:32,3
DA:35,3
DA:36,3
DA:37,3
DA:40,3
DA:44,10
DA:45,10
DA:50,0
DA:55,3
LF:28
LH:27
BRDA:18,0,0,8
BRDA:18,0,1,2
BRDA:20,1,0,1
BRDA:20,1,1,1
BRDA:50,2,0,0
BRDA:50,2,1,0
BRDA:52,3,0,10
BRDA:52,3,1,10
BRF:8
BRH:6
end_of_record
TN:
SF:src\components\layout\TheHeader.vue
FN:9,(anonymous_0)
FN:14,(anonymous_1)
FN:55,render
FN:76,(anonymous_3)
FNF:4
FNH:4
FNDA:1,(anonymous_0)
FNDA:1,(anonymous_1)
FNDA:1,render
FNDA:1,(anonymous_3)
DA:3,1
DA:6,1
DA:7,1
DA:10,1
DA:15,1
DA:19,1
DA:21,1
DA:22,1
DA:25,1
DA:26,1
DA:27,1
DA:28,1
DA:33,1
DA:36,1
DA:41,1
DA:44,1
DA:49,1
DA:52,1
DA:56,1
DA:76,1
DA:80,1
LF:21
LH:21
BRDA:56,0,0,1
BRDA:56,0,1,1
BRDA:69,1,0,1
BRDA:69,1,1,1
BRDA:76,2,0,1
BRDA:76,2,1,1
BRDA:76,3,0,1
BRDA:76,3,1,1
BRDA:77,4,0,1
BRDA:77,4,1,1
BRF:10
BRH:10
end_of_record
TN:
SF:src\components\layout\TheSidebar.vue
FN:46,render
FN:52,(anonymous_1)
FN:64,(anonymous_2)
FN:72,(anonymous_3)
FN:80,(anonymous_4)
FN:88,(anonymous_5)
FNF:6
FNH:6
FNDA:2,render
FNDA:2,(anonymous_1)
FNDA:2,(anonymous_2)
FNDA:2,(anonymous_3)
FNDA:2,(anonymous_4)
FNDA:2,(anonymous_5)
DA:3,1
DA:6,1
DA:7,1
DA:8,1
DA:12,1
DA:15,1
DA:19,1
DA:24,1
DA:27,1
DA:34,1
DA:37,1
DA:40,1
DA:43,1
DA:47,2
DA:48,2
DA:52,2
DA:64,2
DA:72,2
DA:80,2
DA:88,2
DA:93,1
LF:21
LH:21
BRDA:52,0,0,2
BRDA:52,0,1,2
BRDA:56,1,0,2
BRDA:56,1,1,2
BRDA:64,2,0,2
BRDA:64,2,1,2
BRDA:72,3,0,2
BRDA:72,3,1,2
BRDA:80,4,0,2
BRDA:80,4,1,2
BRDA:88,5,0,2
BRDA:88,5,1,2
BRDA:92,6,0,2
BRDA:92,6,1,2
BRF:14
BRH:14
end_of_record
TN:
SF:src\pages\auth\SingUp.vue
FN:11,(anonymous_0)
FN:28,clearValidity
FN:39,togglePassword
FN:43,validateForm
FN:55,onSubmitData
FN:74,(anonymous_5)
FN:164,render
FN:174,(anonymous_7)
FN:182,(anonymous_8)
FN:183,(anonymous_9)
FN:200,(anonymous_10)
FN:201,(anonymous_11)
FN:206,(anonymous_12)
FN:227,(anonymous_13)
FNF:14
FNH:8
FNDA:11,(anonymous_0)
FNDA:1,clearValidity
FNDA:1,togglePassword
FNDA:6,validateForm
FNDA:6,onSubmitData
FNDA:1,(anonymous_5)
FNDA:22,render
FNDA:0,(anonymous_7)
FNDA:1,(anonymous_8)
FNDA:0,(anonymous_9)
FNDA:0,(anonymous_10)
FNDA:0,(anonymous_11)
FNDA:0,(anonymous_12)
FNDA:0,(anonymous_13)
DA:3,1
DA:6,1
DA:7,1
DA:8,1
DA:9,1
DA:10,1
DA:12,11
DA:13,11
DA:14,11
DA:15,11
DA:19,11
DA:23,11
DA:24,11
DA:25,11
DA:26,11
DA:29,1
DA:30,1
DA:31,1
DA:33,1
DA:34,0
DA:35,0
DA:40,1
DA:44,6
DA:45,6
DA:46,3
DA:47,3
DA:49,6
DA:50,3
DA:51,3
DA:56,6
DA:57,6
DA:58,6
DA:59,6
DA:60,4
DA:63,2
DA:67,2
DA:68,2
DA:69,2
DA:70,1
DA:71,1
DA:72,1
DA:73,1
DA:74,1
DA:75,1
DA:76,1
DA:79,1
DA:80,1
DA:81,1
DA:82,1
DA:83,1
DA:84,1
DA:87,11
DA:101,1
DA:103,1
DA:106,1
DA:107,1
DA:108,1
DA:111,1
DA:114,1
DA:117,1
DA:120,1
DA:123,1
DA:126,1
DA:129,1
DA:132,1
DA:135,1
DA:136,1
DA:139,1
DA:142,1
DA:145,1
DA:148,1
DA:151,1
DA:158,1
DA:161,1
DA:165,22
DA:166,22
DA:167,22
DA:174,0
DA:182,1
DA:183,0
DA:200,0
DA:201,0
DA:206,0
DA:227,0
DA:242,1
LF:85
LH:77
BRDA:29,0,0,1
BRDA:29,0,1,0
BRDA:33,1,0,0
BRDA:33,1,1,1
BRDA:45,2,0,3
BRDA:45,2,1,3
BRDA:45,3,0,6
BRDA:45,3,1,4
BRDA:49,4,0,3
BRDA:49,4,1,3
BRDA:59,5,0,4
BRDA:59,5,1,2
BRDA:75,6,0,1
BRDA:75,6,1,1
BRDA:80,7,0,1
BRDA:80,7,1,0
BRDA:167,8,0,22
BRDA:167,8,1,11
BRDA:171,9,0,22
BRDA:171,9,1,11
BRDA:174,10,0,22
BRDA:174,10,1,11
BRDA:174,11,0,0
BRDA:174,11,1,0
BRDA:182,12,0,22
BRDA:182,12,1,11
BRDA:183,13,0,22
BRDA:183,13,1,11
BRDA:186,14,0,22
BRDA:186,14,1,11
BRDA:195,15,0,1
BRDA:195,15,1,21
BRDA:200,16,0,22
BRDA:200,16,1,11
BRDA:201,17,0,22
BRDA:201,17,1,11
BRDA:205,18,0,1
BRDA:205,18,1,21
BRDA:206,19,0,22
BRDA:206,19,1,11
BRDA:206,20,0,0
BRDA:206,20,1,0
BRDA:211,21,0,22
BRDA:211,21,1,11
BRDA:227,22,0,0
BRDA:227,22,1,0
BRDA:229,23,0,22
BRDA:229,23,1,11
BRDA:233,24,0,1
BRDA:233,24,1,21
BRDA:234,25,0,22
BRDA:234,25,1,11
BRDA:236,26,0,22
BRDA:236,26,1,11
BRDA:236,27,0,22
BRDA:236,27,1,11
BRDA:241,28,0,1
BRDA:241,28,1,21
BRF:58
BRH:49
end_of_record
TN:
SF:src\pages\auth\UserAuth.vue
FN:11,(anonymous_0)
FN:28,clearValidity
FN:39,togglePassword
FN:43,validateForm
FN:55,onSubmitData
FN:74,(anonymous_5)
FN:164,render
FN:181,(anonymous_7)
FN:189,(anonymous_8)
FN:190,(anonymous_9)
FN:207,(anonymous_10)
FN:208,(anonymous_11)
FN:213,(anonymous_12)
FN:234,(anonymous_13)
FNF:14
FNH:8
FNDA:9,(anonymous_0)
FNDA:1,clearValidity
FNDA:1,togglePassword
FNDA:5,validateForm
FNDA:5,onSubmitData
FNDA:1,(anonymous_5)
FNDA:19,render
FNDA:0,(anonymous_7)
FNDA:1,(anonymous_8)
FNDA:0,(anonymous_9)
FNDA:0,(anonymous_10)
FNDA:0,(anonymous_11)
FNDA:0,(anonymous_12)
FNDA:0,(anonymous_13)
DA:3,1
DA:6,1
DA:7,1
DA:8,1
DA:9,1
DA:10,1
DA:12,9
DA:13,9
DA:14,9
DA:15,9
DA:19,9
DA:23,9
DA:24,9
DA:25,9
DA:26,9
DA:29,1
DA:30,1
DA:31,1
DA:33,1
DA:34,0
DA:35,0
DA:40,1
DA:44,5
DA:45,5
DA:46,2
DA:47,2
DA:49,5
DA:50,2
DA:51,2
DA:56,5
DA:57,5
DA:58,5
DA:59,5
DA:60,3
DA:63,2
DA:67,2
DA:68,2
DA:69,2
DA:70,1
DA:71,1
DA:72,1
DA:73,1
DA:74,1
DA:75,1
DA:76,1
DA:79,1
DA:80,1
DA:81,1
DA:82,1
DA:83,1
DA:84,1
DA:87,9
DA:101,1
DA:103,1
DA:106,1
DA:107,1
DA:108,1
DA:111,1
DA:114,1
DA:117,1
DA:120,1
DA:123,1
DA:126,1
DA:129,1
DA:132,1
DA:135,1
DA:136,1
DA:139,1
DA:142,1
DA:145,1
DA:148,1
DA:151,1
DA:158,1
DA:161,1
DA:165,19
DA:166,19
DA:167,19
DA:181,0
DA:189,1
DA:190,0
DA:207,0
DA:208,0
DA:213,0
DA:234,0
DA:251,1
LF:85
LH:77
BRDA:29,0,0,1
BRDA:29,0,1,0
BRDA:33,1,0,0
BRDA:33,1,1,1
BRDA:45,2,0,2
BRDA:45,2,1,3
BRDA:45,3,0,5
BRDA:45,3,1,4
BRDA:49,4,0,2
BRDA:49,4,1,3
BRDA:59,5,0,3
BRDA:59,5,1,2
BRDA:75,6,0,1
BRDA:75,6,1,1
BRDA:80,7,0,1
BRDA:80,7,1,0
BRDA:167,8,0,19
BRDA:167,8,1,9
BRDA:171,9,0,19
BRDA:171,9,1,9
BRDA:181,10,0,19
BRDA:181,10,1,9
BRDA:181,11,0,0
BRDA:181,11,1,0
BRDA:189,12,0,19
BRDA:189,12,1,9
BRDA:190,13,0,19
BRDA:190,13,1,9
BRDA:193,14,0,19
BRDA:193,14,1,9
BRDA:202,15,0,1
BRDA:202,15,1,18
BRDA:207,16,0,19
BRDA:207,16,1,9
BRDA:208,17,0,19
BRDA:208,17,1,9
BRDA:212,18,0,1
BRDA:212,18,1,18
BRDA:213,19,0,19
BRDA:213,19,1,9
BRDA:213,20,0,0
BRDA:213,20,1,0
BRDA:218,21,0,19
BRDA:218,21,1,9
BRDA:234,22,0,0
BRDA:234,22,1,0
BRDA:236,23,0,19
BRDA:236,23,1,9
BRDA:242,24,0,1
BRDA:242,24,1,18
BRDA:243,25,0,19
BRDA:243,25,1,9
BRDA:245,26,0,19
BRDA:245,26,1,9
BRDA:245,27,0,19
BRDA:245,27,1,9
BRDA:250,28,0,1
BRDA:250,28,1,18
BRF:58
BRH:49
end_of_record
TN:
SF:src\pages\coach\CoachList.vue
FN:22,(anonymous_0)
FN:54,(anonymous_1)
FN:58,(anonymous_2)
FN:64,(anonymous_3)
FN:68,(anonymous_4)
FN:71,nextPage
FN:74,previousPage
FN:77,gotoPage
FN:81,openEditModal
FN:96,clearValdity
FN:101,validateForm
FN:104,(anonymous_11)
FN:130,saveEdit
FN:151,handleDelete
FN:157,confirmDelete
FN:166,(anonymous_15)
FN:166,(anonymous_16)
FN:315,render
FN:328,(anonymous_18)
FN:336,(anonymous_19)
FN:369,(anonymous_20)
FN:375,(anonymous_21)
FN:385,(anonymous_22)
FN:391,(anonymous_23)
FN:401,(anonymous_24)
FN:407,(anonymous_25)
FN:418,(anonymous_26)
FN:429,(anonymous_27)
FN:430,(anonymous_28)
FN:444,(anonymous_29)
FN:450,(anonymous_30)
FN:464,(anonymous_31)
FN:477,(anonymous_32)
FNF:33
FNH:19
FNDA:7,(anonymous_0)
FNDA:7,(anonymous_1)
FNDA:17,(anonymous_2)
FNDA:9,(anonymous_3)
FNDA:6,(anonymous_4)
FNDA:1,nextPage
FNDA:1,previousPage
FNDA:1,gotoPage
FNDA:2,openEditModal
FNDA:0,clearValdity
FNDA:2,validateForm
FNDA:10,(anonymous_11)
FNDA:2,saveEdit
FNDA:1,handleDelete
FNDA:1,confirmDelete
FNDA:7,(anonymous_15)
FNDA:0,(anonymous_16)
FNDA:12,render
FNDA:0,(anonymous_18)
FNDA:14,(anonymous_19)
FNDA:0,(anonymous_20)
FNDA:0,(anonymous_21)
FNDA:0,(anonymous_22)
FNDA:0,(anonymous_23)
FNDA:0,(anonymous_24)
FNDA:0,(anonymous_25)
FNDA:48,(anonymous_26)
FNDA:0,(anonymous_27)
FNDA:0,(anonymous_28)
FNDA:0,(anonymous_29)
FNDA:0,(anonymous_30)
FNDA:0,(anonymous_31)
FNDA:1,(anonymous_32)
DA:3,1
DA:4,1
DA:7,1
DA:8,1
DA:9,1
DA:10,1
DA:11,1
DA:12,1
DA:13,1
DA:14,1
DA:15,1
DA:16,1
DA:23,7
DA:24,7
DA:25,7
DA:26,7
DA:27,7
DA:28,7
DA:51,7
DA:52,7
DA:54,7
DA:55,7
DA:56,7
DA:57,7
DA:58,6
DA:60,17
DA:64,7
DA:65,9
DA:66,9
DA:68,7
DA:69,6
DA:72,1
DA:75,1
DA:78,1
DA:82,2
DA:83,2
DA:84,2
DA:85,2
DA:86,2
DA:87,2
DA:88,2
DA:89,2
DA:90,2
DA:91,2
DA:92,2
DA:93,2
DA:94,2
DA:97,0
DA:98,0
DA:102,2
DA:103,2
DA:104,2
DA:105,10
DA:109,6
DA:110,1
DA:111,1
DA:113,6
DA:115,2
DA:116,1
DA:117,1
DA:119,2
DA:121,2
DA:122,0
DA:123,0
DA:125,2
DA:132,2
DA:133,2
DA:134,1
DA:136,1
DA:138,1
DA:146,1
DA:147,1
DA:148,1
DA:152,1
DA:153,1
DA:154,1
DA:158,1
DA:159,1
DA:160,1
DA:162,1
DA:163,1
DA:166,7
DA:167,0
DA:169,7
DA:192,1
DA:194,1
DA:197,1
DA:198,1
DA:199,1
DA:200,1
DA:201,1
DA:204,1
DA:207,1
DA:211,1
DA:214,1
DA:217,1
DA:221,1
DA:224,1
DA:227,1
DA:230,1
DA:233,1
DA:236,1
DA:239,1
DA:242,1
DA:245,1
DA:249,1
DA:252,1
DA:255,1
DA:258,1
DA:261,1
DA:268,1
DA:271,1
DA:274,1
DA:277,1
DA:280,1
DA:283,1
DA:286,1
DA:289,1
DA:292,1
DA:293,1
DA:294,1
DA:297,1
DA:300,1
DA:306,1
DA:309,1
DA:312,1
DA:316,12
DA:317,12
DA:318,12
DA:319,12
DA:320,12
DA:328,0
DA:337,14
DA:369,0
DA:375,0
DA:385,0
DA:391,0
DA:401,0
DA:407,0
DA:419,48
DA:429,0
DA:430,0
DA:444,0
DA:450,0
DA:464,0
DA:477,1
DA:479,1
LF:147
LH:130
BRDA:57,0,0,1
BRDA:57,0,1,6
BRDA:60,1,0,3
BRDA:60,1,1,14
BRDA:60,2,0,17
BRDA:60,2,1,17
BRDA:72,3,0,1
BRDA:72,3,1,0
BRDA:75,4,0,1
BRDA:75,4,1,0
BRDA:105,5,0,2
BRDA:105,5,1,4
BRDA:105,5,2,6
BRDA:105,5,3,2
BRDA:105,5,4,2
BRDA:109,6,0,1
BRDA:109,6,1,5
BRDA:115,7,0,1
BRDA:115,7,1,1
BRDA:115,8,0,2
BRDA:115,8,1,1
BRDA:121,9,0,0
BRDA:121,9,1,2
BRDA:133,10,0,1
BRDA:133,10,1,1
BRDA:146,11,0,1
BRDA:146,11,1,1
BRDA:146,11,2,1
BRDA:158,12,0,1
BRDA:158,12,1,0
BRDA:320,13,0,11
BRDA:320,13,1,1
BRDA:320,14,0,11
BRDA:320,14,1,1
BRDA:322,15,0,11
BRDA:322,15,1,1
BRDA:322,16,0,11
BRDA:322,16,1,6
BRDA:324,17,0,11
BRDA:324,17,1,6
BRDA:328,18,0,0
BRDA:328,18,1,0
BRDA:332,19,0,11
BRDA:332,19,1,6
BRDA:334,20,0,5
BRDA:334,20,1,6
BRDA:334,21,0,5
BRDA:334,21,1,3
BRDA:336,22,0,5
BRDA:336,22,1,3
BRDA:355,23,0,12
BRDA:355,23,1,7
BRDA:364,24,0,12
BRDA:364,24,1,7
BRDA:369,25,0,12
BRDA:369,25,1,7
BRDA:375,26,0,12
BRDA:375,26,1,7
BRDA:380,27,0,12
BRDA:380,27,1,7
BRDA:385,28,0,12
BRDA:385,28,1,7
BRDA:391,29,0,12
BRDA:391,29,1,7
BRDA:396,30,0,12
BRDA:396,30,1,7
BRDA:401,31,0,12
BRDA:401,31,1,7
BRDA:407,32,0,12
BRDA:407,32,1,7
BRDA:414,33,0,12
BRDA:414,33,1,7
BRDA:429,34,0,48
BRDA:429,34,1,7
BRDA:430,35,0,48
BRDA:430,35,1,7
BRDA:439,36,0,12
BRDA:439,36,1,7
BRDA:444,37,0,12
BRDA:444,37,1,7
BRDA:450,38,0,12
BRDA:450,38,1,7
BRDA:455,39,0,12
BRDA:455,39,1,7
BRDA:464,40,0,12
BRDA:464,40,1,7
BRDA:464,41,0,0
BRDA:464,41,1,0
BRDA:465,42,0,12
BRDA:465,42,1,7
BRDA:467,43,0,12
BRDA:467,43,1,7
BRDA:467,44,0,12
BRDA:467,44,1,7
BRDA:477,45,0,12
BRDA:477,45,1,7
BRDA:477,46,0,1
BRDA:477,46,1,1
BRF:98
BRH:90
end_of_record
TN:
SF:src\pages\contact\CoachMessages.vue
FN:15,(anonymous_0)
FN:17,(anonymous_1)
FN:20,msgDelete
FN:67,render
FN:73,(anonymous_4)
FN:84,(anonymous_5)
FNF:6
FNH:6
FNDA:1,(anonymous_0)
FNDA:1,(anonymous_1)
FNDA:1,msgDelete
FNDA:1,render
FNDA:1,(anonymous_4)
FNDA:1,(anonymous_5)
DA:3,1
DA:4,1
DA:7,1
DA:8,1
DA:9,1
DA:10,1
DA:11,1
DA:16,1
DA:17,1
DA:18,1
DA:21,1
DA:23,1
DA:29,1
DA:31,1
DA:34,1
DA:35,1
DA:36,1
DA:39,1
DA:42,1
DA:45,1
DA:48,1
DA:51,1
DA:54,1
DA:57,1
DA:60,1
DA:63,1
DA:66,1
DA:68,1
DA:69,1
DA:74,1
DA:84,1
DA:93,1
LF:32
LH:32
BRDA:69,0,0,1
BRDA:69,0,1,1
BRDA:71,1,0,1
BRDA:71,1,1,0
BRDA:76,2,0,1
BRDA:76,2,1,1
BRDA:78,3,0,1
BRDA:78,3,1,1
BRDA:82,4,0,1
BRDA:82,4,1,1
BRDA:88,5,0,0
BRDA:88,5,1,0
BRDA:90,6,0,1
BRDA:90,6,1,1
BRF:14
BRH:11
end_of_record
TN:
SF:src\pages\contact\ContactCoach.vue
FN:11,(anonymous_0)
FN:23,clearValdity
FN:33,ValidateForm
FN:44,saveData
FN:104,render
FN:110,(anonymous_5)
FN:122,(anonymous_6)
FN:123,(anonymous_7)
FN:139,(anonymous_8)
FN:140,(anonymous_9)
FNF:10
FNH:7
FNDA:2,(anonymous_0)
FNDA:0,clearValdity
FNDA:2,ValidateForm
FNDA:2,saveData
FNDA:6,render
FNDA:2,(anonymous_5)
FNDA:1,(anonymous_6)
FNDA:0,(anonymous_7)
FNDA:1,(anonymous_8)
FNDA:0,(anonymous_9)
DA:3,1
DA:6,1
DA:7,1
DA:8,1
DA:9,1
DA:10,1
DA:12,2
DA:13,2
DA:14,2
DA:18,2
DA:22,2
DA:24,0
DA:25,0
DA:27,0
DA:28,0
DA:30,0
DA:34,2
DA:35,1
DA:36,1
DA:38,2
DA:39,1
DA:40,1
DA:45,2
DA:46,2
DA:47,2
DA:48,1
DA:50,1
DA:55,1
DA:56,1
DA:57,1
DA:58,1
DA:59,1
DA:60,1
DA:61,1
DA:63,2
DA:73,1
DA:75,1
DA:78,1
DA:79,1
DA:80,1
DA:83,1
DA:86,1
DA:89,1
DA:92,1
DA:95,1
DA:98,1
DA:101,1
DA:105,6
DA:110,2
DA:122,1
DA:123,0
DA:139,1
DA:140,0
DA:177,1
LF:54
LH:47
BRDA:24,0,0,0
BRDA:24,0,1,0
BRDA:27,1,0,0
BRDA:27,1,1,0
BRDA:34,2,0,1
BRDA:34,2,1,1
BRDA:38,3,0,1
BRDA:38,3,1,1
BRDA:47,4,0,1
BRDA:47,4,1,1
BRDA:105,5,0,6
BRDA:105,5,1,2
BRDA:110,6,0,6
BRDA:110,6,1,2
BRDA:110,7,0,2
BRDA:110,7,1,2
BRDA:111,8,0,6
BRDA:111,8,1,2
BRDA:122,9,0,6
BRDA:122,9,1,2
BRDA:123,10,0,6
BRDA:123,10,1,2
BRDA:130,11,0,6
BRDA:130,11,1,2
BRDA:139,12,0,6
BRDA:139,12,1,2
BRDA:140,13,0,6
BRDA:140,13,1,2
BRDA:147,14,0,6
BRDA:147,14,1,2
BRF:30
BRH:26
end_of_record
TN:
SF:tests\unit\fileMock.js
FNF:0
FNH:0
DA:2,1
LF:1
LH:1
BRF:0
BRH:0
end_of_record
